CRITICAL - 2023-03-15 12:51:54 --> Too few arguments to function App\Controllers\Paises::insertar(), 0 passed in C:\xamppp\htdocs\taller\system\CodeIgniter.php on line 934 and exactly 1 expected
in APPPATH\Controllers\Paises.php on line 24.
 1 SYSTEMPATH\CodeIgniter.php(934): App\Controllers\Paises->insertar()
 2 SYSTEMPATH\CodeIgniter.php(499): CodeIgniter\CodeIgniter->runController(Object(App\Controllers\Paises))
 3 SYSTEMPATH\CodeIgniter.php(368): CodeIgniter\CodeIgniter->handleRequest(null, Object(Config\Cache), false)
 4 FCPATH\index.php(67): CodeIgniter\CodeIgniter->run()
CRITICAL - 2023-03-15 12:59:18 --> There is no data to update.
in SYSTEMPATH\BaseModel.php on line 1680.
 1 SYSTEMPATH\BaseModel.php(1680): CodeIgniter\Database\Exceptions\DataException::forEmptyDataset('update')
 2 SYSTEMPATH\BaseModel.php(910): CodeIgniter\BaseModel->transformDataToArray(null, 'update')
 3 SYSTEMPATH\Model.php(756): CodeIgniter\BaseModel->update([...], null)
 4 APPPATH\Models\PaisesModel.php(55): CodeIgniter\Model->update('paises')
 5 APPPATH\Controllers\Paises.php(36): App\Models\PaisesModel->actualizarPais(null, null, '20')
 6 SYSTEMPATH\CodeIgniter.php(934): App\Controllers\Paises->insertar('20')
 7 SYSTEMPATH\CodeIgniter.php(499): CodeIgniter\CodeIgniter->runController(Object(App\Controllers\Paises))
 8 SYSTEMPATH\CodeIgniter.php(368): CodeIgniter\CodeIgniter->handleRequest(null, Object(Config\Cache), false)
 9 FCPATH\index.php(67): CodeIgniter\CodeIgniter->run()
CRITICAL - 2023-03-15 13:02:23 --> There is no data to update.
in SYSTEMPATH\BaseModel.php on line 1680.
 1 SYSTEMPATH\BaseModel.php(1680): CodeIgniter\Database\Exceptions\DataException::forEmptyDataset('update')
 2 SYSTEMPATH\BaseModel.php(910): CodeIgniter\BaseModel->transformDataToArray(null, 'update')
 3 SYSTEMPATH\Model.php(756): CodeIgniter\BaseModel->update([...], null)
 4 APPPATH\Models\PaisesModel.php(57): CodeIgniter\Model->update([...])
 5 APPPATH\Controllers\Paises.php(36): App\Models\PaisesModel->actualizarPais(null, null, '14')
 6 SYSTEMPATH\CodeIgniter.php(934): App\Controllers\Paises->insertar('14')
 7 SYSTEMPATH\CodeIgniter.php(499): CodeIgniter\CodeIgniter->runController(Object(App\Controllers\Paises))
 8 SYSTEMPATH\CodeIgniter.php(368): CodeIgniter\CodeIgniter->handleRequest(null, Object(Config\Cache), false)
 9 FCPATH\index.php(67): CodeIgniter\CodeIgniter->run()
CRITICAL - 2023-03-15 13:06:42 --> Too few arguments to function App\Controllers\Paises::insertar(), 0 passed in C:\xamppp\htdocs\taller\system\CodeIgniter.php on line 934 and exactly 1 expected
in APPPATH\Controllers\Paises.php on line 24.
 1 SYSTEMPATH\CodeIgniter.php(934): App\Controllers\Paises->insertar()
 2 SYSTEMPATH\CodeIgniter.php(499): CodeIgniter\CodeIgniter->runController(Object(App\Controllers\Paises))
 3 SYSTEMPATH\CodeIgniter.php(368): CodeIgniter\CodeIgniter->handleRequest(null, Object(Config\Cache), false)
 4 FCPATH\index.php(67): CodeIgniter\CodeIgniter->run()
CRITICAL - 2023-03-15 13:08:37 --> Too few arguments to function App\Controllers\Paises::insertar(), 0 passed in C:\xamppp\htdocs\taller\system\CodeIgniter.php on line 934 and exactly 1 expected
in APPPATH\Controllers\Paises.php on line 24.
 1 SYSTEMPATH\CodeIgniter.php(934): App\Controllers\Paises->insertar()
 2 SYSTEMPATH\CodeIgniter.php(499): CodeIgniter\CodeIgniter->runController(Object(App\Controllers\Paises))
 3 SYSTEMPATH\CodeIgniter.php(368): CodeIgniter\CodeIgniter->handleRequest(null, Object(Config\Cache), false)
 4 FCPATH\index.php(67): CodeIgniter\CodeIgniter->run()
CRITICAL - 2023-03-15 13:08:46 --> Too few arguments to function App\Controllers\Paises::insertar(), 0 passed in C:\xamppp\htdocs\taller\system\CodeIgniter.php on line 934 and exactly 1 expected
in APPPATH\Controllers\Paises.php on line 24.
 1 SYSTEMPATH\CodeIgniter.php(934): App\Controllers\Paises->insertar()
 2 SYSTEMPATH\CodeIgniter.php(499): CodeIgniter\CodeIgniter->runController(Object(App\Controllers\Paises))
 3 SYSTEMPATH\CodeIgniter.php(368): CodeIgniter\CodeIgniter->handleRequest(null, Object(Config\Cache), false)
 4 FCPATH\index.php(67): CodeIgniter\CodeIgniter->run()
CRITICAL - 2023-03-15 13:09:27 --> Too few arguments to function App\Controllers\Paises::insertar(), 0 passed in C:\xamppp\htdocs\taller\system\CodeIgniter.php on line 934 and exactly 1 expected
in APPPATH\Controllers\Paises.php on line 24.
 1 SYSTEMPATH\CodeIgniter.php(934): App\Controllers\Paises->insertar()
 2 SYSTEMPATH\CodeIgniter.php(499): CodeIgniter\CodeIgniter->runController(Object(App\Controllers\Paises))
 3 SYSTEMPATH\CodeIgniter.php(368): CodeIgniter\CodeIgniter->handleRequest(null, Object(Config\Cache), false)
 4 FCPATH\index.php(67): CodeIgniter\CodeIgniter->run()
CRITICAL - 2023-03-15 13:13:20 --> Too few arguments to function App\Controllers\Paises::insertar(), 0 passed in C:\xamppp\htdocs\taller\system\CodeIgniter.php on line 934 and exactly 1 expected
in APPPATH\Controllers\Paises.php on line 24.
 1 SYSTEMPATH\CodeIgniter.php(934): App\Controllers\Paises->insertar()
 2 SYSTEMPATH\CodeIgniter.php(499): CodeIgniter\CodeIgniter->runController(Object(App\Controllers\Paises))
 3 SYSTEMPATH\CodeIgniter.php(368): CodeIgniter\CodeIgniter->handleRequest(null, Object(Config\Cache), false)
 4 FCPATH\index.php(67): CodeIgniter\CodeIgniter->run()
CRITICAL - 2023-03-15 13:15:54 --> Updates are not allowed unless they contain a "where" or "like" clause.
in SYSTEMPATH\Model.php on line 391.
 1 SYSTEMPATH\BaseModel.php(943): CodeIgniter\Model->doUpdate(null, [...])
 2 SYSTEMPATH\Model.php(756): CodeIgniter\BaseModel->update(null, [...])
 3 APPPATH\Models\PaisesModel.php(57): CodeIgniter\Model->update(null, [...])
 4 APPPATH\Controllers\Paises.php(39): App\Models\PaisesModel->actualizarPais(null, null, null)
 5 SYSTEMPATH\CodeIgniter.php(934): App\Controllers\Paises->insertar('13')
 6 SYSTEMPATH\CodeIgniter.php(499): CodeIgniter\CodeIgniter->runController(Object(App\Controllers\Paises))
 7 SYSTEMPATH\CodeIgniter.php(368): CodeIgniter\CodeIgniter->handleRequest(null, Object(Config\Cache), false)
 8 FCPATH\index.php(67): CodeIgniter\CodeIgniter->run()
CRITICAL - 2023-03-15 13:15:54 --> Updates are not allowed unless they contain a "where" or "like" clause.
in SYSTEMPATH\Model.php on line 391.
 1 SYSTEMPATH\BaseModel.php(943): CodeIgniter\Model->doUpdate(null, [...])
 2 SYSTEMPATH\Model.php(756): CodeIgniter\BaseModel->update(null, [...])
 3 APPPATH\Models\PaisesModel.php(57): CodeIgniter\Model->update(null, [...])
 4 APPPATH\Controllers\Paises.php(39): App\Models\PaisesModel->actualizarPais(null, null, null)
 5 SYSTEMPATH\CodeIgniter.php(934): App\Controllers\Paises->insertar('13')
 6 SYSTEMPATH\CodeIgniter.php(499): CodeIgniter\CodeIgniter->runController(Object(App\Controllers\Paises))
 7 SYSTEMPATH\CodeIgniter.php(368): CodeIgniter\CodeIgniter->handleRequest(null, Object(Config\Cache), false)
 8 FCPATH\index.php(67): CodeIgniter\CodeIgniter->run()
CRITICAL - 2023-03-15 13:16:02 --> Updates are not allowed unless they contain a "where" or "like" clause.
in SYSTEMPATH\Model.php on line 391.
 1 SYSTEMPATH\BaseModel.php(943): CodeIgniter\Model->doUpdate(null, [...])
 2 SYSTEMPATH\Model.php(756): CodeIgniter\BaseModel->update(null, [...])
 3 APPPATH\Models\PaisesModel.php(57): CodeIgniter\Model->update(null, [...])
 4 APPPATH\Controllers\Paises.php(39): App\Models\PaisesModel->actualizarPais(null, null, null)
 5 SYSTEMPATH\CodeIgniter.php(934): App\Controllers\Paises->insertar('13')
 6 SYSTEMPATH\CodeIgniter.php(499): CodeIgniter\CodeIgniter->runController(Object(App\Controllers\Paises))
 7 SYSTEMPATH\CodeIgniter.php(368): CodeIgniter\CodeIgniter->handleRequest(null, Object(Config\Cache), false)
 8 FCPATH\index.php(67): CodeIgniter\CodeIgniter->run()
CRITICAL - 2023-03-15 13:16:02 --> Updates are not allowed unless they contain a "where" or "like" clause.
in SYSTEMPATH\Model.php on line 391.
 1 SYSTEMPATH\BaseModel.php(943): CodeIgniter\Model->doUpdate(null, [...])
 2 SYSTEMPATH\Model.php(756): CodeIgniter\BaseModel->update(null, [...])
 3 APPPATH\Models\PaisesModel.php(57): CodeIgniter\Model->update(null, [...])
 4 APPPATH\Controllers\Paises.php(39): App\Models\PaisesModel->actualizarPais(null, null, null)
 5 SYSTEMPATH\CodeIgniter.php(934): App\Controllers\Paises->insertar('13')
 6 SYSTEMPATH\CodeIgniter.php(499): CodeIgniter\CodeIgniter->runController(Object(App\Controllers\Paises))
 7 SYSTEMPATH\CodeIgniter.php(368): CodeIgniter\CodeIgniter->handleRequest(null, Object(Config\Cache), false)
 8 FCPATH\index.php(67): CodeIgniter\CodeIgniter->run()
CRITICAL - 2023-03-15 13:28:43 --> Updates are not allowed unless they contain a "where" or "like" clause.
in SYSTEMPATH\Model.php on line 391.
 1 SYSTEMPATH\BaseModel.php(943): CodeIgniter\Model->doUpdate(null, [...])
 2 SYSTEMPATH\Model.php(756): CodeIgniter\BaseModel->update(null, [...])
 3 APPPATH\Controllers\Paises.php(35): CodeIgniter\Model->update(null, [...])
 4 SYSTEMPATH\CodeIgniter.php(934): App\Controllers\Paises->insertar('13')
 5 SYSTEMPATH\CodeIgniter.php(499): CodeIgniter\CodeIgniter->runController(Object(App\Controllers\Paises))
 6 SYSTEMPATH\CodeIgniter.php(368): CodeIgniter\CodeIgniter->handleRequest(null, Object(Config\Cache), false)
 7 FCPATH\index.php(67): CodeIgniter\CodeIgniter->run()
CRITICAL - 2023-03-15 13:33:25 --> Updates are not allowed unless they contain a "where" or "like" clause.
in SYSTEMPATH\Model.php on line 391.
 1 SYSTEMPATH\BaseModel.php(943): CodeIgniter\Model->doUpdate(null, [...])
 2 SYSTEMPATH\Model.php(756): CodeIgniter\BaseModel->update(null, [...])
 3 APPPATH\Models\PaisesModel.php(55): CodeIgniter\Model->update(null, [...])
 4 APPPATH\Controllers\Paises.php(40): App\Models\PaisesModel->actualizarPais(null, null, null)
 5 SYSTEMPATH\CodeIgniter.php(934): App\Controllers\Paises->insertar('3')
 6 SYSTEMPATH\CodeIgniter.php(499): CodeIgniter\CodeIgniter->runController(Object(App\Controllers\Paises))
 7 SYSTEMPATH\CodeIgniter.php(368): CodeIgniter\CodeIgniter->handleRequest(null, Object(Config\Cache), false)
 8 FCPATH\index.php(67): CodeIgniter\CodeIgniter->run()
