CRITICAL - 2023-03-07 16:41:29 --> Undefined variable $data
in APPPATH\Views\principal\principal.php on line 3.
 1 APPPATH\Views\principal\principal.php(3): CodeIgniter\Debug\Exceptions->errorHandler(2, 'Undefined variable $data', 'APPPATH\\Views\\principal\\principal.php', 3)
 2 SYSTEMPATH\View\View.php(213): include('APPPATH\\Views\\principal\\principal.php')
 3 SYSTEMPATH\View\View.php(216): CodeIgniter\View\View->CodeIgniter\View\{closure}()
 4 SYSTEMPATH\Common.php(1184): CodeIgniter\View\View->render('/principal/principal', [], true)
 5 APPPATH\Controllers\Principal.php(16): view('/principal/principal', [...])
 6 SYSTEMPATH\CodeIgniter.php(934): App\Controllers\Principal->index()
 7 SYSTEMPATH\CodeIgniter.php(499): CodeIgniter\CodeIgniter->runController(Object(App\Controllers\Principal))
 8 SYSTEMPATH\CodeIgniter.php(368): CodeIgniter\CodeIgniter->handleRequest(null, Object(Config\Cache), false)
 9 FCPATH\index.php(67): CodeIgniter\CodeIgniter->run()
CRITICAL - 2023-03-07 16:41:30 --> Undefined variable $data
in APPPATH\Views\principal\principal.php on line 3.
 1 APPPATH\Views\principal\principal.php(3): CodeIgniter\Debug\Exceptions->errorHandler(2, 'Undefined variable $data', 'APPPATH\\Views\\principal\\principal.php', 3)
 2 SYSTEMPATH\View\View.php(213): include('APPPATH\\Views\\principal\\principal.php')
 3 SYSTEMPATH\View\View.php(216): CodeIgniter\View\View->CodeIgniter\View\{closure}()
 4 SYSTEMPATH\Common.php(1184): CodeIgniter\View\View->render('/principal/principal', [], true)
 5 APPPATH\Controllers\Principal.php(16): view('/principal/principal', [...])
 6 SYSTEMPATH\CodeIgniter.php(934): App\Controllers\Principal->index()
 7 SYSTEMPATH\CodeIgniter.php(499): CodeIgniter\CodeIgniter->runController(Object(App\Controllers\Principal))
 8 SYSTEMPATH\CodeIgniter.php(368): CodeIgniter\CodeIgniter->handleRequest(null, Object(Config\Cache), false)
 9 FCPATH\index.php(67): CodeIgniter\CodeIgniter->run()
CRITICAL - 2023-03-07 16:41:30 --> Undefined variable $data
in APPPATH\Views\principal\principal.php on line 3.
 1 APPPATH\Views\principal\principal.php(3): CodeIgniter\Debug\Exceptions->errorHandler(2, 'Undefined variable $data', 'APPPATH\\Views\\principal\\principal.php', 3)
 2 SYSTEMPATH\View\View.php(213): include('APPPATH\\Views\\principal\\principal.php')
 3 SYSTEMPATH\View\View.php(216): CodeIgniter\View\View->CodeIgniter\View\{closure}()
 4 SYSTEMPATH\Common.php(1184): CodeIgniter\View\View->render('/principal/principal', [], true)
 5 APPPATH\Controllers\Principal.php(16): view('/principal/principal', [...])
 6 SYSTEMPATH\CodeIgniter.php(934): App\Controllers\Principal->index()
 7 SYSTEMPATH\CodeIgniter.php(499): CodeIgniter\CodeIgniter->runController(Object(App\Controllers\Principal))
 8 SYSTEMPATH\CodeIgniter.php(368): CodeIgniter\CodeIgniter->handleRequest(null, Object(Config\Cache), false)
 9 FCPATH\index.php(67): CodeIgniter\CodeIgniter->run()
CRITICAL - 2023-03-07 16:41:30 --> Undefined variable $data
in APPPATH\Views\principal\principal.php on line 3.
 1 APPPATH\Views\principal\principal.php(3): CodeIgniter\Debug\Exceptions->errorHandler(2, 'Undefined variable $data', 'APPPATH\\Views\\principal\\principal.php', 3)
 2 SYSTEMPATH\View\View.php(213): include('APPPATH\\Views\\principal\\principal.php')
 3 SYSTEMPATH\View\View.php(216): CodeIgniter\View\View->CodeIgniter\View\{closure}()
 4 SYSTEMPATH\Common.php(1184): CodeIgniter\View\View->render('/principal/principal', [], true)
 5 APPPATH\Controllers\Principal.php(16): view('/principal/principal', [...])
 6 SYSTEMPATH\CodeIgniter.php(934): App\Controllers\Principal->index()
 7 SYSTEMPATH\CodeIgniter.php(499): CodeIgniter\CodeIgniter->runController(Object(App\Controllers\Principal))
 8 SYSTEMPATH\CodeIgniter.php(368): CodeIgniter\CodeIgniter->handleRequest(null, Object(Config\Cache), false)
 9 FCPATH\index.php(67): CodeIgniter\CodeIgniter->run()
CRITICAL - 2023-03-07 16:41:30 --> Undefined variable $data
in APPPATH\Views\principal\principal.php on line 3.
 1 APPPATH\Views\principal\principal.php(3): CodeIgniter\Debug\Exceptions->errorHandler(2, 'Undefined variable $data', 'APPPATH\\Views\\principal\\principal.php', 3)
 2 SYSTEMPATH\View\View.php(213): include('APPPATH\\Views\\principal\\principal.php')
 3 SYSTEMPATH\View\View.php(216): CodeIgniter\View\View->CodeIgniter\View\{closure}()
 4 SYSTEMPATH\Common.php(1184): CodeIgniter\View\View->render('/principal/principal', [], true)
 5 APPPATH\Controllers\Principal.php(16): view('/principal/principal', [...])
 6 SYSTEMPATH\CodeIgniter.php(934): App\Controllers\Principal->index()
 7 SYSTEMPATH\CodeIgniter.php(499): CodeIgniter\CodeIgniter->runController(Object(App\Controllers\Principal))
 8 SYSTEMPATH\CodeIgniter.php(368): CodeIgniter\CodeIgniter->handleRequest(null, Object(Config\Cache), false)
 9 FCPATH\index.php(67): CodeIgniter\CodeIgniter->run()
CRITICAL - 2023-03-07 16:41:30 --> Undefined variable $data
in APPPATH\Views\principal\principal.php on line 3.
 1 APPPATH\Views\principal\principal.php(3): CodeIgniter\Debug\Exceptions->errorHandler(2, 'Undefined variable $data', 'APPPATH\\Views\\principal\\principal.php', 3)
 2 SYSTEMPATH\View\View.php(213): include('APPPATH\\Views\\principal\\principal.php')
 3 SYSTEMPATH\View\View.php(216): CodeIgniter\View\View->CodeIgniter\View\{closure}()
 4 SYSTEMPATH\Common.php(1184): CodeIgniter\View\View->render('/principal/principal', [], true)
 5 APPPATH\Controllers\Principal.php(16): view('/principal/principal', [...])
 6 SYSTEMPATH\CodeIgniter.php(934): App\Controllers\Principal->index()
 7 SYSTEMPATH\CodeIgniter.php(499): CodeIgniter\CodeIgniter->runController(Object(App\Controllers\Principal))
 8 SYSTEMPATH\CodeIgniter.php(368): CodeIgniter\CodeIgniter->handleRequest(null, Object(Config\Cache), false)
 9 FCPATH\index.php(67): CodeIgniter\CodeIgniter->run()
CRITICAL - 2023-03-07 16:41:30 --> Undefined variable $data
in APPPATH\Views\principal\principal.php on line 3.
 1 APPPATH\Views\principal\principal.php(3): CodeIgniter\Debug\Exceptions->errorHandler(2, 'Undefined variable $data', 'APPPATH\\Views\\principal\\principal.php', 3)
 2 SYSTEMPATH\View\View.php(213): include('APPPATH\\Views\\principal\\principal.php')
 3 SYSTEMPATH\View\View.php(216): CodeIgniter\View\View->CodeIgniter\View\{closure}()
 4 SYSTEMPATH\Common.php(1184): CodeIgniter\View\View->render('/principal/principal', [], true)
 5 APPPATH\Controllers\Principal.php(16): view('/principal/principal', [...])
 6 SYSTEMPATH\CodeIgniter.php(934): App\Controllers\Principal->index()
 7 SYSTEMPATH\CodeIgniter.php(499): CodeIgniter\CodeIgniter->runController(Object(App\Controllers\Principal))
 8 SYSTEMPATH\CodeIgniter.php(368): CodeIgniter\CodeIgniter->handleRequest(null, Object(Config\Cache), false)
 9 FCPATH\index.php(67): CodeIgniter\CodeIgniter->run()
CRITICAL - 2023-03-07 16:41:55 --> Undefined variable $data
in APPPATH\Views\principal\principal.php on line 15.
 1 APPPATH\Views\principal\principal.php(15): CodeIgniter\Debug\Exceptions->errorHandler(2, 'Undefined variable $data', 'APPPATH\\Views\\principal\\principal.php', 15)
 2 SYSTEMPATH\View\View.php(213): include('APPPATH\\Views\\principal\\principal.php')
 3 SYSTEMPATH\View\View.php(216): CodeIgniter\View\View->CodeIgniter\View\{closure}()
 4 SYSTEMPATH\Common.php(1184): CodeIgniter\View\View->render('/principal/principal', [], true)
 5 APPPATH\Controllers\Principal.php(16): view('/principal/principal', [...])
 6 SYSTEMPATH\CodeIgniter.php(934): App\Controllers\Principal->index()
 7 SYSTEMPATH\CodeIgniter.php(499): CodeIgniter\CodeIgniter->runController(Object(App\Controllers\Principal))
 8 SYSTEMPATH\CodeIgniter.php(368): CodeIgniter\CodeIgniter->handleRequest(null, Object(Config\Cache), false)
 9 FCPATH\index.php(67): CodeIgniter\CodeIgniter->run()
CRITICAL - 2023-03-07 16:41:56 --> Undefined variable $data
in APPPATH\Views\principal\principal.php on line 15.
 1 APPPATH\Views\principal\principal.php(15): CodeIgniter\Debug\Exceptions->errorHandler(2, 'Undefined variable $data', 'APPPATH\\Views\\principal\\principal.php', 15)
 2 SYSTEMPATH\View\View.php(213): include('APPPATH\\Views\\principal\\principal.php')
 3 SYSTEMPATH\View\View.php(216): CodeIgniter\View\View->CodeIgniter\View\{closure}()
 4 SYSTEMPATH\Common.php(1184): CodeIgniter\View\View->render('/principal/principal', [], true)
 5 APPPATH\Controllers\Principal.php(16): view('/principal/principal', [...])
 6 SYSTEMPATH\CodeIgniter.php(934): App\Controllers\Principal->index()
 7 SYSTEMPATH\CodeIgniter.php(499): CodeIgniter\CodeIgniter->runController(Object(App\Controllers\Principal))
 8 SYSTEMPATH\CodeIgniter.php(368): CodeIgniter\CodeIgniter->handleRequest(null, Object(Config\Cache), false)
 9 FCPATH\index.php(67): CodeIgniter\CodeIgniter->run()
CRITICAL - 2023-03-07 16:41:56 --> Undefined variable $data
in APPPATH\Views\principal\principal.php on line 15.
 1 APPPATH\Views\principal\principal.php(15): CodeIgniter\Debug\Exceptions->errorHandler(2, 'Undefined variable $data', 'APPPATH\\Views\\principal\\principal.php', 15)
 2 SYSTEMPATH\View\View.php(213): include('APPPATH\\Views\\principal\\principal.php')
 3 SYSTEMPATH\View\View.php(216): CodeIgniter\View\View->CodeIgniter\View\{closure}()
 4 SYSTEMPATH\Common.php(1184): CodeIgniter\View\View->render('/principal/principal', [], true)
 5 APPPATH\Controllers\Principal.php(16): view('/principal/principal', [...])
 6 SYSTEMPATH\CodeIgniter.php(934): App\Controllers\Principal->index()
 7 SYSTEMPATH\CodeIgniter.php(499): CodeIgniter\CodeIgniter->runController(Object(App\Controllers\Principal))
 8 SYSTEMPATH\CodeIgniter.php(368): CodeIgniter\CodeIgniter->handleRequest(null, Object(Config\Cache), false)
 9 FCPATH\index.php(67): CodeIgniter\CodeIgniter->run()
CRITICAL - 2023-03-07 16:43:32 --> Undefined variable $data
in APPPATH\Views\principal\principal.php on line 15.
 1 APPPATH\Views\principal\principal.php(15): CodeIgniter\Debug\Exceptions->errorHandler(2, 'Undefined variable $data', 'APPPATH\\Views\\principal\\principal.php', 15)
 2 SYSTEMPATH\View\View.php(213): include('APPPATH\\Views\\principal\\principal.php')
 3 SYSTEMPATH\View\View.php(216): CodeIgniter\View\View->CodeIgniter\View\{closure}()
 4 SYSTEMPATH\Common.php(1184): CodeIgniter\View\View->render('/principal/principal', [], true)
 5 APPPATH\Controllers\Principal.php(16): view('/principal/principal', [...])
 6 SYSTEMPATH\CodeIgniter.php(934): App\Controllers\Principal->index()
 7 SYSTEMPATH\CodeIgniter.php(499): CodeIgniter\CodeIgniter->runController(Object(App\Controllers\Principal))
 8 SYSTEMPATH\CodeIgniter.php(368): CodeIgniter\CodeIgniter->handleRequest(null, Object(Config\Cache), false)
 9 FCPATH\index.php(67): CodeIgniter\CodeIgniter->run()
CRITICAL - 2023-03-07 16:43:33 --> Undefined variable $data
in APPPATH\Views\principal\principal.php on line 15.
 1 APPPATH\Views\principal\principal.php(15): CodeIgniter\Debug\Exceptions->errorHandler(2, 'Undefined variable $data', 'APPPATH\\Views\\principal\\principal.php', 15)
 2 SYSTEMPATH\View\View.php(213): include('APPPATH\\Views\\principal\\principal.php')
 3 SYSTEMPATH\View\View.php(216): CodeIgniter\View\View->CodeIgniter\View\{closure}()
 4 SYSTEMPATH\Common.php(1184): CodeIgniter\View\View->render('/principal/principal', [], true)
 5 APPPATH\Controllers\Principal.php(16): view('/principal/principal', [...])
 6 SYSTEMPATH\CodeIgniter.php(934): App\Controllers\Principal->index()
 7 SYSTEMPATH\CodeIgniter.php(499): CodeIgniter\CodeIgniter->runController(Object(App\Controllers\Principal))
 8 SYSTEMPATH\CodeIgniter.php(368): CodeIgniter\CodeIgniter->handleRequest(null, Object(Config\Cache), false)
 9 FCPATH\index.php(67): CodeIgniter\CodeIgniter->run()
CRITICAL - 2023-03-07 16:43:33 --> Undefined variable $data
in APPPATH\Views\principal\principal.php on line 15.
 1 APPPATH\Views\principal\principal.php(15): CodeIgniter\Debug\Exceptions->errorHandler(2, 'Undefined variable $data', 'APPPATH\\Views\\principal\\principal.php', 15)
 2 SYSTEMPATH\View\View.php(213): include('APPPATH\\Views\\principal\\principal.php')
 3 SYSTEMPATH\View\View.php(216): CodeIgniter\View\View->CodeIgniter\View\{closure}()
 4 SYSTEMPATH\Common.php(1184): CodeIgniter\View\View->render('/principal/principal', [], true)
 5 APPPATH\Controllers\Principal.php(16): view('/principal/principal', [...])
 6 SYSTEMPATH\CodeIgniter.php(934): App\Controllers\Principal->index()
 7 SYSTEMPATH\CodeIgniter.php(499): CodeIgniter\CodeIgniter->runController(Object(App\Controllers\Principal))
 8 SYSTEMPATH\CodeIgniter.php(368): CodeIgniter\CodeIgniter->handleRequest(null, Object(Config\Cache), false)
 9 FCPATH\index.php(67): CodeIgniter\CodeIgniter->run()
CRITICAL - 2023-03-07 16:43:33 --> Undefined variable $data
in APPPATH\Views\principal\principal.php on line 15.
 1 APPPATH\Views\principal\principal.php(15): CodeIgniter\Debug\Exceptions->errorHandler(2, 'Undefined variable $data', 'APPPATH\\Views\\principal\\principal.php', 15)
 2 SYSTEMPATH\View\View.php(213): include('APPPATH\\Views\\principal\\principal.php')
 3 SYSTEMPATH\View\View.php(216): CodeIgniter\View\View->CodeIgniter\View\{closure}()
 4 SYSTEMPATH\Common.php(1184): CodeIgniter\View\View->render('/principal/principal', [], true)
 5 APPPATH\Controllers\Principal.php(16): view('/principal/principal', [...])
 6 SYSTEMPATH\CodeIgniter.php(934): App\Controllers\Principal->index()
 7 SYSTEMPATH\CodeIgniter.php(499): CodeIgniter\CodeIgniter->runController(Object(App\Controllers\Principal))
 8 SYSTEMPATH\CodeIgniter.php(368): CodeIgniter\CodeIgniter->handleRequest(null, Object(Config\Cache), false)
 9 FCPATH\index.php(67): CodeIgniter\CodeIgniter->run()
CRITICAL - 2023-03-07 16:43:33 --> Undefined variable $data
in APPPATH\Views\principal\principal.php on line 15.
 1 APPPATH\Views\principal\principal.php(15): CodeIgniter\Debug\Exceptions->errorHandler(2, 'Undefined variable $data', 'APPPATH\\Views\\principal\\principal.php', 15)
 2 SYSTEMPATH\View\View.php(213): include('APPPATH\\Views\\principal\\principal.php')
 3 SYSTEMPATH\View\View.php(216): CodeIgniter\View\View->CodeIgniter\View\{closure}()
 4 SYSTEMPATH\Common.php(1184): CodeIgniter\View\View->render('/principal/principal', [], true)
 5 APPPATH\Controllers\Principal.php(16): view('/principal/principal', [...])
 6 SYSTEMPATH\CodeIgniter.php(934): App\Controllers\Principal->index()
 7 SYSTEMPATH\CodeIgniter.php(499): CodeIgniter\CodeIgniter->runController(Object(App\Controllers\Principal))
 8 SYSTEMPATH\CodeIgniter.php(368): CodeIgniter\CodeIgniter->handleRequest(null, Object(Config\Cache), false)
 9 FCPATH\index.php(67): CodeIgniter\CodeIgniter->run()
CRITICAL - 2023-03-07 16:43:49 --> Undefined variable $data
in APPPATH\Views\principal\principal.php on line 15.
 1 APPPATH\Views\principal\principal.php(15): CodeIgniter\Debug\Exceptions->errorHandler(2, 'Undefined variable $data', 'APPPATH\\Views\\principal\\principal.php', 15)
 2 SYSTEMPATH\View\View.php(213): include('APPPATH\\Views\\principal\\principal.php')
 3 SYSTEMPATH\View\View.php(216): CodeIgniter\View\View->CodeIgniter\View\{closure}()
 4 SYSTEMPATH\Common.php(1184): CodeIgniter\View\View->render('/principal/principal', [], true)
 5 APPPATH\Controllers\Principal.php(16): view('/principal/principal', [...])
 6 SYSTEMPATH\CodeIgniter.php(934): App\Controllers\Principal->index()
 7 SYSTEMPATH\CodeIgniter.php(499): CodeIgniter\CodeIgniter->runController(Object(App\Controllers\Principal))
 8 SYSTEMPATH\CodeIgniter.php(368): CodeIgniter\CodeIgniter->handleRequest(null, Object(Config\Cache), false)
 9 FCPATH\index.php(67): CodeIgniter\CodeIgniter->run()
CRITICAL - 2023-03-07 16:43:49 --> Undefined variable $data
in APPPATH\Views\principal\principal.php on line 15.
 1 APPPATH\Views\principal\principal.php(15): CodeIgniter\Debug\Exceptions->errorHandler(2, 'Undefined variable $data', 'APPPATH\\Views\\principal\\principal.php', 15)
 2 SYSTEMPATH\View\View.php(213): include('APPPATH\\Views\\principal\\principal.php')
 3 SYSTEMPATH\View\View.php(216): CodeIgniter\View\View->CodeIgniter\View\{closure}()
 4 SYSTEMPATH\Common.php(1184): CodeIgniter\View\View->render('/principal/principal', [], true)
 5 APPPATH\Controllers\Principal.php(16): view('/principal/principal', [...])
 6 SYSTEMPATH\CodeIgniter.php(934): App\Controllers\Principal->index()
 7 SYSTEMPATH\CodeIgniter.php(499): CodeIgniter\CodeIgniter->runController(Object(App\Controllers\Principal))
 8 SYSTEMPATH\CodeIgniter.php(368): CodeIgniter\CodeIgniter->handleRequest(null, Object(Config\Cache), false)
 9 FCPATH\index.php(67): CodeIgniter\CodeIgniter->run()
CRITICAL - 2023-03-07 16:43:49 --> Undefined variable $data
in APPPATH\Views\principal\principal.php on line 15.
 1 APPPATH\Views\principal\principal.php(15): CodeIgniter\Debug\Exceptions->errorHandler(2, 'Undefined variable $data', 'APPPATH\\Views\\principal\\principal.php', 15)
 2 SYSTEMPATH\View\View.php(213): include('APPPATH\\Views\\principal\\principal.php')
 3 SYSTEMPATH\View\View.php(216): CodeIgniter\View\View->CodeIgniter\View\{closure}()
 4 SYSTEMPATH\Common.php(1184): CodeIgniter\View\View->render('/principal/principal', [], true)
 5 APPPATH\Controllers\Principal.php(16): view('/principal/principal', [...])
 6 SYSTEMPATH\CodeIgniter.php(934): App\Controllers\Principal->index()
 7 SYSTEMPATH\CodeIgniter.php(499): CodeIgniter\CodeIgniter->runController(Object(App\Controllers\Principal))
 8 SYSTEMPATH\CodeIgniter.php(368): CodeIgniter\CodeIgniter->handleRequest(null, Object(Config\Cache), false)
 9 FCPATH\index.php(67): CodeIgniter\CodeIgniter->run()
CRITICAL - 2023-03-07 16:46:22 --> Undefined variable $data
in APPPATH\Views\principal\principal.php on line 15.
 1 APPPATH\Views\principal\principal.php(15): CodeIgniter\Debug\Exceptions->errorHandler(2, 'Undefined variable $data', 'APPPATH\\Views\\principal\\principal.php', 15)
 2 SYSTEMPATH\View\View.php(213): include('APPPATH\\Views\\principal\\principal.php')
 3 SYSTEMPATH\View\View.php(216): CodeIgniter\View\View->CodeIgniter\View\{closure}()
 4 SYSTEMPATH\Common.php(1184): CodeIgniter\View\View->render('/principal/principal', [], true)
 5 APPPATH\Controllers\Principal.php(16): view('/principal/principal', [...])
 6 SYSTEMPATH\CodeIgniter.php(934): App\Controllers\Principal->index()
 7 SYSTEMPATH\CodeIgniter.php(499): CodeIgniter\CodeIgniter->runController(Object(App\Controllers\Principal))
 8 SYSTEMPATH\CodeIgniter.php(368): CodeIgniter\CodeIgniter->handleRequest(null, Object(Config\Cache), false)
 9 FCPATH\index.php(67): CodeIgniter\CodeIgniter->run()
CRITICAL - 2023-03-07 16:46:23 --> Undefined variable $data
in APPPATH\Views\principal\principal.php on line 15.
 1 APPPATH\Views\principal\principal.php(15): CodeIgniter\Debug\Exceptions->errorHandler(2, 'Undefined variable $data', 'APPPATH\\Views\\principal\\principal.php', 15)
 2 SYSTEMPATH\View\View.php(213): include('APPPATH\\Views\\principal\\principal.php')
 3 SYSTEMPATH\View\View.php(216): CodeIgniter\View\View->CodeIgniter\View\{closure}()
 4 SYSTEMPATH\Common.php(1184): CodeIgniter\View\View->render('/principal/principal', [], true)
 5 APPPATH\Controllers\Principal.php(16): view('/principal/principal', [...])
 6 SYSTEMPATH\CodeIgniter.php(934): App\Controllers\Principal->index()
 7 SYSTEMPATH\CodeIgniter.php(499): CodeIgniter\CodeIgniter->runController(Object(App\Controllers\Principal))
 8 SYSTEMPATH\CodeIgniter.php(368): CodeIgniter\CodeIgniter->handleRequest(null, Object(Config\Cache), false)
 9 FCPATH\index.php(67): CodeIgniter\CodeIgniter->run()
CRITICAL - 2023-03-07 16:46:23 --> Undefined variable $data
in APPPATH\Views\principal\principal.php on line 15.
 1 APPPATH\Views\principal\principal.php(15): CodeIgniter\Debug\Exceptions->errorHandler(2, 'Undefined variable $data', 'APPPATH\\Views\\principal\\principal.php', 15)
 2 SYSTEMPATH\View\View.php(213): include('APPPATH\\Views\\principal\\principal.php')
 3 SYSTEMPATH\View\View.php(216): CodeIgniter\View\View->CodeIgniter\View\{closure}()
 4 SYSTEMPATH\Common.php(1184): CodeIgniter\View\View->render('/principal/principal', [], true)
 5 APPPATH\Controllers\Principal.php(16): view('/principal/principal', [...])
 6 SYSTEMPATH\CodeIgniter.php(934): App\Controllers\Principal->index()
 7 SYSTEMPATH\CodeIgniter.php(499): CodeIgniter\CodeIgniter->runController(Object(App\Controllers\Principal))
 8 SYSTEMPATH\CodeIgniter.php(368): CodeIgniter\CodeIgniter->handleRequest(null, Object(Config\Cache), false)
 9 FCPATH\index.php(67): CodeIgniter\CodeIgniter->run()
CRITICAL - 2023-03-07 16:46:23 --> Undefined variable $data
in APPPATH\Views\principal\principal.php on line 15.
 1 APPPATH\Views\principal\principal.php(15): CodeIgniter\Debug\Exceptions->errorHandler(2, 'Undefined variable $data', 'APPPATH\\Views\\principal\\principal.php', 15)
 2 SYSTEMPATH\View\View.php(213): include('APPPATH\\Views\\principal\\principal.php')
 3 SYSTEMPATH\View\View.php(216): CodeIgniter\View\View->CodeIgniter\View\{closure}()
 4 SYSTEMPATH\Common.php(1184): CodeIgniter\View\View->render('/principal/principal', [], true)
 5 APPPATH\Controllers\Principal.php(16): view('/principal/principal', [...])
 6 SYSTEMPATH\CodeIgniter.php(934): App\Controllers\Principal->index()
 7 SYSTEMPATH\CodeIgniter.php(499): CodeIgniter\CodeIgniter->runController(Object(App\Controllers\Principal))
 8 SYSTEMPATH\CodeIgniter.php(368): CodeIgniter\CodeIgniter->handleRequest(null, Object(Config\Cache), false)
 9 FCPATH\index.php(67): CodeIgniter\CodeIgniter->run()
CRITICAL - 2023-03-07 16:48:22 --> Undefined variable $data
in APPPATH\Views\principal\principal.php on line 15.
 1 APPPATH\Views\principal\principal.php(15): CodeIgniter\Debug\Exceptions->errorHandler(2, 'Undefined variable $data', 'APPPATH\\Views\\principal\\principal.php', 15)
 2 SYSTEMPATH\View\View.php(213): include('APPPATH\\Views\\principal\\principal.php')
 3 SYSTEMPATH\View\View.php(216): CodeIgniter\View\View->CodeIgniter\View\{closure}()
 4 SYSTEMPATH\Common.php(1184): CodeIgniter\View\View->render('/principal/principal', [], true)
 5 APPPATH\Controllers\Principal.php(16): view('/principal/principal', [...])
 6 SYSTEMPATH\CodeIgniter.php(934): App\Controllers\Principal->index()
 7 SYSTEMPATH\CodeIgniter.php(499): CodeIgniter\CodeIgniter->runController(Object(App\Controllers\Principal))
 8 SYSTEMPATH\CodeIgniter.php(368): CodeIgniter\CodeIgniter->handleRequest(null, Object(Config\Cache), false)
 9 FCPATH\index.php(67): CodeIgniter\CodeIgniter->run()
CRITICAL - 2023-03-07 16:48:23 --> Undefined variable $data
in APPPATH\Views\principal\principal.php on line 15.
 1 APPPATH\Views\principal\principal.php(15): CodeIgniter\Debug\Exceptions->errorHandler(2, 'Undefined variable $data', 'APPPATH\\Views\\principal\\principal.php', 15)
 2 SYSTEMPATH\View\View.php(213): include('APPPATH\\Views\\principal\\principal.php')
 3 SYSTEMPATH\View\View.php(216): CodeIgniter\View\View->CodeIgniter\View\{closure}()
 4 SYSTEMPATH\Common.php(1184): CodeIgniter\View\View->render('/principal/principal', [], true)
 5 APPPATH\Controllers\Principal.php(16): view('/principal/principal', [...])
 6 SYSTEMPATH\CodeIgniter.php(934): App\Controllers\Principal->index()
 7 SYSTEMPATH\CodeIgniter.php(499): CodeIgniter\CodeIgniter->runController(Object(App\Controllers\Principal))
 8 SYSTEMPATH\CodeIgniter.php(368): CodeIgniter\CodeIgniter->handleRequest(null, Object(Config\Cache), false)
 9 FCPATH\index.php(67): CodeIgniter\CodeIgniter->run()
CRITICAL - 2023-03-07 16:48:23 --> Undefined variable $data
in APPPATH\Views\principal\principal.php on line 15.
 1 APPPATH\Views\principal\principal.php(15): CodeIgniter\Debug\Exceptions->errorHandler(2, 'Undefined variable $data', 'APPPATH\\Views\\principal\\principal.php', 15)
 2 SYSTEMPATH\View\View.php(213): include('APPPATH\\Views\\principal\\principal.php')
 3 SYSTEMPATH\View\View.php(216): CodeIgniter\View\View->CodeIgniter\View\{closure}()
 4 SYSTEMPATH\Common.php(1184): CodeIgniter\View\View->render('/principal/principal', [], true)
 5 APPPATH\Controllers\Principal.php(16): view('/principal/principal', [...])
 6 SYSTEMPATH\CodeIgniter.php(934): App\Controllers\Principal->index()
 7 SYSTEMPATH\CodeIgniter.php(499): CodeIgniter\CodeIgniter->runController(Object(App\Controllers\Principal))
 8 SYSTEMPATH\CodeIgniter.php(368): CodeIgniter\CodeIgniter->handleRequest(null, Object(Config\Cache), false)
 9 FCPATH\index.php(67): CodeIgniter\CodeIgniter->run()
CRITICAL - 2023-03-07 16:48:24 --> Undefined variable $data
in APPPATH\Views\principal\principal.php on line 15.
 1 APPPATH\Views\principal\principal.php(15): CodeIgniter\Debug\Exceptions->errorHandler(2, 'Undefined variable $data', 'APPPATH\\Views\\principal\\principal.php', 15)
 2 SYSTEMPATH\View\View.php(213): include('APPPATH\\Views\\principal\\principal.php')
 3 SYSTEMPATH\View\View.php(216): CodeIgniter\View\View->CodeIgniter\View\{closure}()
 4 SYSTEMPATH\Common.php(1184): CodeIgniter\View\View->render('/principal/principal', [], true)
 5 APPPATH\Controllers\Principal.php(16): view('/principal/principal', [...])
 6 SYSTEMPATH\CodeIgniter.php(934): App\Controllers\Principal->index()
 7 SYSTEMPATH\CodeIgniter.php(499): CodeIgniter\CodeIgniter->runController(Object(App\Controllers\Principal))
 8 SYSTEMPATH\CodeIgniter.php(368): CodeIgniter\CodeIgniter->handleRequest(null, Object(Config\Cache), false)
 9 FCPATH\index.php(67): CodeIgniter\CodeIgniter->run()
CRITICAL - 2023-03-07 16:48:24 --> Undefined variable $data
in APPPATH\Views\principal\principal.php on line 15.
 1 APPPATH\Views\principal\principal.php(15): CodeIgniter\Debug\Exceptions->errorHandler(2, 'Undefined variable $data', 'APPPATH\\Views\\principal\\principal.php', 15)
 2 SYSTEMPATH\View\View.php(213): include('APPPATH\\Views\\principal\\principal.php')
 3 SYSTEMPATH\View\View.php(216): CodeIgniter\View\View->CodeIgniter\View\{closure}()
 4 SYSTEMPATH\Common.php(1184): CodeIgniter\View\View->render('/principal/principal', [], true)
 5 APPPATH\Controllers\Principal.php(16): view('/principal/principal', [...])
 6 SYSTEMPATH\CodeIgniter.php(934): App\Controllers\Principal->index()
 7 SYSTEMPATH\CodeIgniter.php(499): CodeIgniter\CodeIgniter->runController(Object(App\Controllers\Principal))
 8 SYSTEMPATH\CodeIgniter.php(368): CodeIgniter\CodeIgniter->handleRequest(null, Object(Config\Cache), false)
 9 FCPATH\index.php(67): CodeIgniter\CodeIgniter->run()
CRITICAL - 2023-03-07 16:48:24 --> Undefined variable $data
in APPPATH\Views\principal\principal.php on line 15.
 1 APPPATH\Views\principal\principal.php(15): CodeIgniter\Debug\Exceptions->errorHandler(2, 'Undefined variable $data', 'APPPATH\\Views\\principal\\principal.php', 15)
 2 SYSTEMPATH\View\View.php(213): include('APPPATH\\Views\\principal\\principal.php')
 3 SYSTEMPATH\View\View.php(216): CodeIgniter\View\View->CodeIgniter\View\{closure}()
 4 SYSTEMPATH\Common.php(1184): CodeIgniter\View\View->render('/principal/principal', [], true)
 5 APPPATH\Controllers\Principal.php(16): view('/principal/principal', [...])
 6 SYSTEMPATH\CodeIgniter.php(934): App\Controllers\Principal->index()
 7 SYSTEMPATH\CodeIgniter.php(499): CodeIgniter\CodeIgniter->runController(Object(App\Controllers\Principal))
 8 SYSTEMPATH\CodeIgniter.php(368): CodeIgniter\CodeIgniter->handleRequest(null, Object(Config\Cache), false)
 9 FCPATH\index.php(67): CodeIgniter\CodeIgniter->run()
