ERROR - 2023-03-22 13:47:10 --> mysqli_sql_exception: Unknown column 'paises.nombre as nombrePais paises.estado' in 'field list' in C:\xamppp\htdocs\taller\system\Database\MySQLi\Connection.php:295
Stack trace:
#0 C:\xamppp\htdocs\taller\system\Database\MySQLi\Connection.php(295): mysqli->query('SELECT `departa...', 0)
#1 C:\xamppp\htdocs\taller\system\Database\BaseConnection.php(691): CodeIgniter\Database\MySQLi\Connection->execute('SELECT `departa...')
#2 C:\xamppp\htdocs\taller\system\Database\BaseConnection.php(605): CodeIgniter\Database\BaseConnection->simpleQuery('SELECT `departa...')
#3 C:\xamppp\htdocs\taller\system\Database\BaseBuilder.php(1616): CodeIgniter\Database\BaseConnection->query('SELECT `departa...', Array, false)
#4 C:\xamppp\htdocs\taller\system\Model.php(241): CodeIgniter\Database\BaseBuilder->get()
#5 C:\xamppp\htdocs\taller\system\BaseModel.php(618): CodeIgniter\Model->doFindAll(0, 0)
#6 C:\xamppp\htdocs\taller\app\Models\DepartamentosModel.php(37): CodeIgniter\BaseModel->findAll()
#7 C:\xamppp\htdocs\taller\app\Controllers\Departamentos.php(90): App\Models\DepartamentosModel->obtenerDepartamentos('I')
#8 C:\xamppp\htdocs\taller\system\CodeIgniter.php(934): App\Controllers\Departamentos->eliminados()
#9 C:\xamppp\htdocs\taller\system\CodeIgniter.php(499): CodeIgniter\CodeIgniter->runController(Object(App\Controllers\Departamentos))
#10 C:\xamppp\htdocs\taller\system\CodeIgniter.php(368): CodeIgniter\CodeIgniter->handleRequest(NULL, Object(Config\Cache), false)
#11 C:\xamppp\htdocs\taller\public\index.php(67): CodeIgniter\CodeIgniter->run()
#12 {main}
CRITICAL - 2023-03-22 13:47:10 --> Unknown column 'paises.nombre as nombrePais paises.estado' in 'field list'
in SYSTEMPATH\Database\BaseConnection.php on line 645.
 1 SYSTEMPATH\Database\BaseBuilder.php(1616): CodeIgniter\Database\BaseConnection->query('SELECT `departamentos`.*, `paises`.`nombre as nombrePais paises`.`estado` as `estadoPais`
FROM `departamentos`
JOIN `paises` ON `paises`.`id` = `departamentos`.`id_pais`
WHERE `departamentos`.`estado` = :departamentos.estado:
ORDER BY `id`', [...], false)
 2 SYSTEMPATH\Model.php(241): CodeIgniter\Database\BaseBuilder->get()
 3 SYSTEMPATH\BaseModel.php(618): CodeIgniter\Model->doFindAll(0, 0)
 4 APPPATH\Models\DepartamentosModel.php(37): CodeIgniter\BaseModel->findAll()
 5 APPPATH\Controllers\Departamentos.php(90): App\Models\DepartamentosModel->obtenerDepartamentos('I')
 6 SYSTEMPATH\CodeIgniter.php(934): App\Controllers\Departamentos->eliminados()
 7 SYSTEMPATH\CodeIgniter.php(499): CodeIgniter\CodeIgniter->runController(Object(App\Controllers\Departamentos))
 8 SYSTEMPATH\CodeIgniter.php(368): CodeIgniter\CodeIgniter->handleRequest(null, Object(Config\Cache), false)
 9 FCPATH\index.php(67): CodeIgniter\CodeIgniter->run()
ERROR - 2023-03-22 14:12:29 --> mysqli_sql_exception: Unknown column 'municipio.estado' in 'field list' in C:\xamppp\htdocs\taller\system\Database\MySQLi\Connection.php:295
Stack trace:
#0 C:\xamppp\htdocs\taller\system\Database\MySQLi\Connection.php(295): mysqli->query('SELECT `emplead...', 0)
#1 C:\xamppp\htdocs\taller\system\Database\BaseConnection.php(691): CodeIgniter\Database\MySQLi\Connection->execute('SELECT `emplead...')
#2 C:\xamppp\htdocs\taller\system\Database\BaseConnection.php(605): CodeIgniter\Database\BaseConnection->simpleQuery('SELECT `emplead...')
#3 C:\xamppp\htdocs\taller\system\Database\BaseBuilder.php(1616): CodeIgniter\Database\BaseConnection->query('SELECT `emplead...', Array, false)
#4 C:\xamppp\htdocs\taller\system\Model.php(241): CodeIgniter\Database\BaseBuilder->get()
#5 C:\xamppp\htdocs\taller\system\BaseModel.php(618): CodeIgniter\Model->doFindAll(0, 0)
#6 C:\xamppp\htdocs\taller\app\Models\EmpleadosModel.php(39): CodeIgniter\BaseModel->findAll()
#7 C:\xamppp\htdocs\taller\app\Controllers\Empleados.php(125): App\Models\EmpleadosModel->obtenerEmpleados('I')
#8 C:\xamppp\htdocs\taller\system\CodeIgniter.php(934): App\Controllers\Empleados->eliminados()
#9 C:\xamppp\htdocs\taller\system\CodeIgniter.php(499): CodeIgniter\CodeIgniter->runController(Object(App\Controllers\Empleados))
#10 C:\xamppp\htdocs\taller\system\CodeIgniter.php(368): CodeIgniter\CodeIgniter->handleRequest(NULL, Object(Config\Cache), false)
#11 C:\xamppp\htdocs\taller\public\index.php(67): CodeIgniter\CodeIgniter->run()
#12 {main}
CRITICAL - 2023-03-22 14:12:29 --> Unknown column 'municipio.estado' in 'field list'
in SYSTEMPATH\Database\BaseConnection.php on line 645.
 1 SYSTEMPATH\Database\BaseBuilder.php(1616): CodeIgniter\Database\BaseConnection->query('SELECT `empleados`.*, `municipios`.`nombre` as `nombreMuni`, `cargos`.`nombre` as `nombreCargo`, `salarios`.`id` as `idSalario`, `salarios`.`sueldo` as `salario`, `municipio`.`estado` as `estadoMuni`, `departamento`.`estado` as `estadoDpto`
FROM `empleados`
JOIN `municipios` ON `municipios`.`id` = `empleados`.`id_municipio`
JOIN `departamentos` ON `departamentos`.`id` = `municipios`.`id_dpto`
JOIN `paises` ON `paises`.`id` = `departamentos`.`id_pais`
JOIN `cargos` ON `cargos`.`id` = `empleados`.`id_cargo`
LEFT JOIN `salarios` ON `salarios`.`id_empleado` = `empleados`.`id`
WHERE `empleados`.`estado` = :empleados.estado:
ORDER BY `id`', [...], false)
 2 SYSTEMPATH\Model.php(241): CodeIgniter\Database\BaseBuilder->get()
 3 SYSTEMPATH\BaseModel.php(618): CodeIgniter\Model->doFindAll(0, 0)
 4 APPPATH\Models\EmpleadosModel.php(39): CodeIgniter\BaseModel->findAll()
 5 APPPATH\Controllers\Empleados.php(125): App\Models\EmpleadosModel->obtenerEmpleados('I')
 6 SYSTEMPATH\CodeIgniter.php(934): App\Controllers\Empleados->eliminados()
 7 SYSTEMPATH\CodeIgniter.php(499): CodeIgniter\CodeIgniter->runController(Object(App\Controllers\Empleados))
 8 SYSTEMPATH\CodeIgniter.php(368): CodeIgniter\CodeIgniter->handleRequest(null, Object(Config\Cache), false)
 9 FCPATH\index.php(67): CodeIgniter\CodeIgniter->run()
ERROR - 2023-03-22 14:12:46 --> mysqli_sql_exception: Unknown column 'municipio.estado' in 'field list' in C:\xamppp\htdocs\taller\system\Database\MySQLi\Connection.php:295
Stack trace:
#0 C:\xamppp\htdocs\taller\system\Database\MySQLi\Connection.php(295): mysqli->query('SELECT `emplead...', 0)
#1 C:\xamppp\htdocs\taller\system\Database\BaseConnection.php(691): CodeIgniter\Database\MySQLi\Connection->execute('SELECT `emplead...')
#2 C:\xamppp\htdocs\taller\system\Database\BaseConnection.php(605): CodeIgniter\Database\BaseConnection->simpleQuery('SELECT `emplead...')
#3 C:\xamppp\htdocs\taller\system\Database\BaseBuilder.php(1616): CodeIgniter\Database\BaseConnection->query('SELECT `emplead...', Array, false)
#4 C:\xamppp\htdocs\taller\system\Model.php(241): CodeIgniter\Database\BaseBuilder->get()
#5 C:\xamppp\htdocs\taller\system\BaseModel.php(618): CodeIgniter\Model->doFindAll(0, 0)
#6 C:\xamppp\htdocs\taller\app\Models\EmpleadosModel.php(39): CodeIgniter\BaseModel->findAll()
#7 C:\xamppp\htdocs\taller\app\Controllers\Empleados.php(125): App\Models\EmpleadosModel->obtenerEmpleados('I')
#8 C:\xamppp\htdocs\taller\system\CodeIgniter.php(934): App\Controllers\Empleados->eliminados()
#9 C:\xamppp\htdocs\taller\system\CodeIgniter.php(499): CodeIgniter\CodeIgniter->runController(Object(App\Controllers\Empleados))
#10 C:\xamppp\htdocs\taller\system\CodeIgniter.php(368): CodeIgniter\CodeIgniter->handleRequest(NULL, Object(Config\Cache), false)
#11 C:\xamppp\htdocs\taller\public\index.php(67): CodeIgniter\CodeIgniter->run()
#12 {main}
CRITICAL - 2023-03-22 14:12:46 --> Unknown column 'municipio.estado' in 'field list'
in SYSTEMPATH\Database\BaseConnection.php on line 645.
 1 SYSTEMPATH\Database\BaseBuilder.php(1616): CodeIgniter\Database\BaseConnection->query('SELECT `empleados`.*, `municipios`.`nombre` as `nombreMuni`, `cargos`.`nombre` as `nombreCargo`, `salarios`.`id` as `idSalario`, `salarios`.`sueldo` as `salario`, `municipio`.`estado` as `estadoMuni`, `departamento`.`estado` as `estadoDpto`
FROM `empleados`
JOIN `municipios` ON `municipios`.`id` = `empleados`.`id_municipio`
JOIN `departamentos` ON `departamentos`.`id` = `municipios`.`id_dpto`
JOIN `paises` ON `paises`.`id` = `departamentos`.`id_pais`
JOIN `cargos` ON `cargos`.`id` = `empleados`.`id_cargo`
LEFT JOIN `salarios` ON `salarios`.`id_empleado` = `empleados`.`id`
WHERE `empleados`.`estado` = :empleados.estado:
ORDER BY `id`', [...], false)
 2 SYSTEMPATH\Model.php(241): CodeIgniter\Database\BaseBuilder->get()
 3 SYSTEMPATH\BaseModel.php(618): CodeIgniter\Model->doFindAll(0, 0)
 4 APPPATH\Models\EmpleadosModel.php(39): CodeIgniter\BaseModel->findAll()
 5 APPPATH\Controllers\Empleados.php(125): App\Models\EmpleadosModel->obtenerEmpleados('I')
 6 SYSTEMPATH\CodeIgniter.php(934): App\Controllers\Empleados->eliminados()
 7 SYSTEMPATH\CodeIgniter.php(499): CodeIgniter\CodeIgniter->runController(Object(App\Controllers\Empleados))
 8 SYSTEMPATH\CodeIgniter.php(368): CodeIgniter\CodeIgniter->handleRequest(null, Object(Config\Cache), false)
 9 FCPATH\index.php(67): CodeIgniter\CodeIgniter->run()
ERROR - 2023-03-22 14:19:06 --> mysqli_sql_exception: Unknown column 'salarios.sueldo as salariopaises.nombre' in 'field list' in C:\xamppp\htdocs\taller\system\Database\MySQLi\Connection.php:295
Stack trace:
#0 C:\xamppp\htdocs\taller\system\Database\MySQLi\Connection.php(295): mysqli->query('SELECT `emplead...', 0)
#1 C:\xamppp\htdocs\taller\system\Database\BaseConnection.php(691): CodeIgniter\Database\MySQLi\Connection->execute('SELECT `emplead...')
#2 C:\xamppp\htdocs\taller\system\Database\BaseConnection.php(605): CodeIgniter\Database\BaseConnection->simpleQuery('SELECT `emplead...')
#3 C:\xamppp\htdocs\taller\system\Database\BaseBuilder.php(1616): CodeIgniter\Database\BaseConnection->query('SELECT `emplead...', Array, false)
#4 C:\xamppp\htdocs\taller\system\Model.php(241): CodeIgniter\Database\BaseBuilder->get()
#5 C:\xamppp\htdocs\taller\system\BaseModel.php(618): CodeIgniter\Model->doFindAll(0, 0)
#6 C:\xamppp\htdocs\taller\app\Models\EmpleadosModel.php(50): CodeIgniter\BaseModel->findAll()
#7 C:\xamppp\htdocs\taller\app\Controllers\Empleados.php(31): App\Models\EmpleadosModel->obtenerEmpleados('A')
#8 C:\xamppp\htdocs\taller\system\CodeIgniter.php(934): App\Controllers\Empleados->index()
#9 C:\xamppp\htdocs\taller\system\CodeIgniter.php(499): CodeIgniter\CodeIgniter->runController(Object(App\Controllers\Empleados))
#10 C:\xamppp\htdocs\taller\system\CodeIgniter.php(368): CodeIgniter\CodeIgniter->handleRequest(NULL, Object(Config\Cache), false)
#11 C:\xamppp\htdocs\taller\public\index.php(67): CodeIgniter\CodeIgniter->run()
#12 {main}
CRITICAL - 2023-03-22 14:19:06 --> Unknown column 'salarios.sueldo as salariopaises.nombre' in 'field list'
in SYSTEMPATH\Database\BaseConnection.php on line 645.
 1 SYSTEMPATH\Database\BaseBuilder.php(1616): CodeIgniter\Database\BaseConnection->query('SELECT `empleados`.*, `municipios`.`nombre` as `nombreMuni`, `cargos`.`nombre` as `nombreCargo`, `salarios`.`id` as `idSalario`, `salarios`.`sueldo as salariopaises`.`nombre` as `nombrePais`, `departamentos`.`nombre` as `nombreDpto`
FROM `empleados`
JOIN `municipios` ON `municipios`.`id` = `empleados`.`id_municipio`
JOIN `departamentos` ON `departamentos`.`id` = `municipios`.`id_dpto`
JOIN `paises` ON `paises`.`id` = `departamentos`.`id_pais`
JOIN `cargos` ON `cargos`.`id` = `empleados`.`id_cargo`
LEFT JOIN `salarios` ON `salarios`.`id_empleado` = `empleados`.`id`
WHERE `empleados`.`estado` = :empleados.estado:
ORDER BY `id`', [...], false)
 2 SYSTEMPATH\Model.php(241): CodeIgniter\Database\BaseBuilder->get()
 3 SYSTEMPATH\BaseModel.php(618): CodeIgniter\Model->doFindAll(0, 0)
 4 APPPATH\Models\EmpleadosModel.php(50): CodeIgniter\BaseModel->findAll()
 5 APPPATH\Controllers\Empleados.php(31): App\Models\EmpleadosModel->obtenerEmpleados('A')
 6 SYSTEMPATH\CodeIgniter.php(934): App\Controllers\Empleados->index()
 7 SYSTEMPATH\CodeIgniter.php(499): CodeIgniter\CodeIgniter->runController(Object(App\Controllers\Empleados))
 8 SYSTEMPATH\CodeIgniter.php(368): CodeIgniter\CodeIgniter->handleRequest(null, Object(Config\Cache), false)
 9 FCPATH\index.php(67): CodeIgniter\CodeIgniter->run()
ERROR - 2023-03-22 14:19:08 --> mysqli_sql_exception: Unknown column 'salarios.sueldo as salariopaises.nombre' in 'field list' in C:\xamppp\htdocs\taller\system\Database\MySQLi\Connection.php:295
Stack trace:
#0 C:\xamppp\htdocs\taller\system\Database\MySQLi\Connection.php(295): mysqli->query('SELECT `emplead...', 0)
#1 C:\xamppp\htdocs\taller\system\Database\BaseConnection.php(691): CodeIgniter\Database\MySQLi\Connection->execute('SELECT `emplead...')
#2 C:\xamppp\htdocs\taller\system\Database\BaseConnection.php(605): CodeIgniter\Database\BaseConnection->simpleQuery('SELECT `emplead...')
#3 C:\xamppp\htdocs\taller\system\Database\BaseBuilder.php(1616): CodeIgniter\Database\BaseConnection->query('SELECT `emplead...', Array, false)
#4 C:\xamppp\htdocs\taller\system\Model.php(241): CodeIgniter\Database\BaseBuilder->get()
#5 C:\xamppp\htdocs\taller\system\BaseModel.php(618): CodeIgniter\Model->doFindAll(0, 0)
#6 C:\xamppp\htdocs\taller\app\Models\EmpleadosModel.php(50): CodeIgniter\BaseModel->findAll()
#7 C:\xamppp\htdocs\taller\app\Controllers\Empleados.php(31): App\Models\EmpleadosModel->obtenerEmpleados('A')
#8 C:\xamppp\htdocs\taller\system\CodeIgniter.php(934): App\Controllers\Empleados->index()
#9 C:\xamppp\htdocs\taller\system\CodeIgniter.php(499): CodeIgniter\CodeIgniter->runController(Object(App\Controllers\Empleados))
#10 C:\xamppp\htdocs\taller\system\CodeIgniter.php(368): CodeIgniter\CodeIgniter->handleRequest(NULL, Object(Config\Cache), false)
#11 C:\xamppp\htdocs\taller\public\index.php(67): CodeIgniter\CodeIgniter->run()
#12 {main}
CRITICAL - 2023-03-22 14:19:08 --> Unknown column 'salarios.sueldo as salariopaises.nombre' in 'field list'
in SYSTEMPATH\Database\BaseConnection.php on line 645.
 1 SYSTEMPATH\Database\BaseBuilder.php(1616): CodeIgniter\Database\BaseConnection->query('SELECT `empleados`.*, `municipios`.`nombre` as `nombreMuni`, `cargos`.`nombre` as `nombreCargo`, `salarios`.`id` as `idSalario`, `salarios`.`sueldo as salariopaises`.`nombre` as `nombrePais`, `departamentos`.`nombre` as `nombreDpto`
FROM `empleados`
JOIN `municipios` ON `municipios`.`id` = `empleados`.`id_municipio`
JOIN `departamentos` ON `departamentos`.`id` = `municipios`.`id_dpto`
JOIN `paises` ON `paises`.`id` = `departamentos`.`id_pais`
JOIN `cargos` ON `cargos`.`id` = `empleados`.`id_cargo`
LEFT JOIN `salarios` ON `salarios`.`id_empleado` = `empleados`.`id`
WHERE `empleados`.`estado` = :empleados.estado:
ORDER BY `id`', [...], false)
 2 SYSTEMPATH\Model.php(241): CodeIgniter\Database\BaseBuilder->get()
 3 SYSTEMPATH\BaseModel.php(618): CodeIgniter\Model->doFindAll(0, 0)
 4 APPPATH\Models\EmpleadosModel.php(50): CodeIgniter\BaseModel->findAll()
 5 APPPATH\Controllers\Empleados.php(31): App\Models\EmpleadosModel->obtenerEmpleados('A')
 6 SYSTEMPATH\CodeIgniter.php(934): App\Controllers\Empleados->index()
 7 SYSTEMPATH\CodeIgniter.php(499): CodeIgniter\CodeIgniter->runController(Object(App\Controllers\Empleados))
 8 SYSTEMPATH\CodeIgniter.php(368): CodeIgniter\CodeIgniter->handleRequest(null, Object(Config\Cache), false)
 9 FCPATH\index.php(67): CodeIgniter\CodeIgniter->run()
ERROR - 2023-03-22 14:27:21 --> mysqli_sql_exception: Unknown column 'cargos.estado as nombreCargo salarios.id' in 'field list' in C:\xamppp\htdocs\taller\system\Database\MySQLi\Connection.php:295
Stack trace:
#0 C:\xamppp\htdocs\taller\system\Database\MySQLi\Connection.php(295): mysqli->query('SELECT `emplead...', 0)
#1 C:\xamppp\htdocs\taller\system\Database\BaseConnection.php(691): CodeIgniter\Database\MySQLi\Connection->execute('SELECT `emplead...')
#2 C:\xamppp\htdocs\taller\system\Database\BaseConnection.php(605): CodeIgniter\Database\BaseConnection->simpleQuery('SELECT `emplead...')
#3 C:\xamppp\htdocs\taller\system\Database\BaseBuilder.php(1616): CodeIgniter\Database\BaseConnection->query('SELECT `emplead...', Array, false)
#4 C:\xamppp\htdocs\taller\system\Model.php(241): CodeIgniter\Database\BaseBuilder->get()
#5 C:\xamppp\htdocs\taller\system\BaseModel.php(618): CodeIgniter\Model->doFindAll(0, 0)
#6 C:\xamppp\htdocs\taller\app\Models\EmpleadosModel.php(50): CodeIgniter\BaseModel->findAll()
#7 C:\xamppp\htdocs\taller\app\Controllers\Empleados.php(31): App\Models\EmpleadosModel->obtenerEmpleados('A')
#8 C:\xamppp\htdocs\taller\system\CodeIgniter.php(934): App\Controllers\Empleados->index()
#9 C:\xamppp\htdocs\taller\system\CodeIgniter.php(499): CodeIgniter\CodeIgniter->runController(Object(App\Controllers\Empleados))
#10 C:\xamppp\htdocs\taller\system\CodeIgniter.php(368): CodeIgniter\CodeIgniter->handleRequest(NULL, Object(Config\Cache), false)
#11 C:\xamppp\htdocs\taller\public\index.php(67): CodeIgniter\CodeIgniter->run()
#12 {main}
CRITICAL - 2023-03-22 14:27:21 --> Unknown column 'cargos.estado as nombreCargo salarios.id' in 'field list'
in SYSTEMPATH\Database\BaseConnection.php on line 645.
 1 SYSTEMPATH\Database\BaseBuilder.php(1616): CodeIgniter\Database\BaseConnection->query('SELECT `empleados`.*, `municipios`.`nombre` as `nombreMuni`, `cargos`.`nombre` as `nombreCargo`, `cargos`.`estado as nombreCargo salarios`.`id` as `idSalario`, `salarios`.`sueldo` as `salario`, `paises`.`nombre` as `nombrePais`, `paises`.`estado` as `estadoPais`, `departamentos`.`nombre` as `nombreDpto`, `departamentos`.`estado` as `estadoDpto`, `municipios`.`estado` as `estadoMuni`
FROM `empleados`
JOIN `municipios` ON `municipios`.`id` = `empleados`.`id_municipio`
JOIN `departamentos` ON `departamentos`.`id` = `municipios`.`id_dpto`
JOIN `paises` ON `paises`.`id` = `departamentos`.`id_pais`
JOIN `cargos` ON `cargos`.`id` = `empleados`.`id_cargo`
LEFT JOIN `salarios` ON `salarios`.`id_empleado` = `empleados`.`id`
WHERE `empleados`.`estado` = :empleados.estado:
ORDER BY `id`', [...], false)
 2 SYSTEMPATH\Model.php(241): CodeIgniter\Database\BaseBuilder->get()
 3 SYSTEMPATH\BaseModel.php(618): CodeIgniter\Model->doFindAll(0, 0)
 4 APPPATH\Models\EmpleadosModel.php(50): CodeIgniter\BaseModel->findAll()
 5 APPPATH\Controllers\Empleados.php(31): App\Models\EmpleadosModel->obtenerEmpleados('A')
 6 SYSTEMPATH\CodeIgniter.php(934): App\Controllers\Empleados->index()
 7 SYSTEMPATH\CodeIgniter.php(499): CodeIgniter\CodeIgniter->runController(Object(App\Controllers\Empleados))
 8 SYSTEMPATH\CodeIgniter.php(368): CodeIgniter\CodeIgniter->handleRequest(null, Object(Config\Cache), false)
 9 FCPATH\index.php(67): CodeIgniter\CodeIgniter->run()
CRITICAL - 2023-03-22 14:27:30 --> Undefined array key "estadoCargo"
in APPPATH\Views\empleados\empleados.php on line 67.
 1 APPPATH\Views\empleados\empleados.php(67): CodeIgniter\Debug\Exceptions->errorHandler(2, 'Undefined array key "estadoCargo"', 'APPPATH\\Views\\empleados\\empleados.php', 67)
 2 SYSTEMPATH\View\View.php(213): include('APPPATH\\Views\\empleados\\empleados.php')
 3 SYSTEMPATH\View\View.php(216): CodeIgniter\View\View->CodeIgniter\View\{closure}()
 4 SYSTEMPATH\Common.php(1184): CodeIgniter\View\View->render('/empleados/empleados', [], true)
 5 APPPATH\Controllers\Empleados.php(40): view('/empleados/empleados', [...])
 6 SYSTEMPATH\CodeIgniter.php(934): App\Controllers\Empleados->index()
 7 SYSTEMPATH\CodeIgniter.php(499): CodeIgniter\CodeIgniter->runController(Object(App\Controllers\Empleados))
 8 SYSTEMPATH\CodeIgniter.php(368): CodeIgniter\CodeIgniter->handleRequest(null, Object(Config\Cache), false)
 9 FCPATH\index.php(67): CodeIgniter\CodeIgniter->run()
