CRITICAL - 2023-03-16 13:12:33 --> Call to undefined method App\Models\PaisesModel::eliminarPais
in SYSTEMPATH\Model.php on line 842.
 1 APPPATH\Controllers\Paises.php(61): CodeIgniter\Model->__call('eliminarPais', [...])
 2 SYSTEMPATH\CodeIgniter.php(934): App\Controllers\Paises->eliminarResLogic('27', 'A', '2')
 3 SYSTEMPATH\CodeIgniter.php(499): CodeIgniter\CodeIgniter->runController(Object(App\Controllers\Paises))
 4 SYSTEMPATH\CodeIgniter.php(368): CodeIgniter\CodeIgniter->handleRequest(null, Object(Config\Cache), false)
 5 FCPATH\index.php(67): CodeIgniter\CodeIgniter->run()
CRITICAL - 2023-03-16 13:42:42 --> Call to undefined method App\Models\DepartamentosModel::eliminarResModelPais
in SYSTEMPATH\Model.php on line 842.
 1 APPPATH\Controllers\Departamentos.php(60): CodeIgniter\Model->__call('eliminarResModelPais', [...])
 2 SYSTEMPATH\CodeIgniter.php(934): App\Controllers\Departamentos->eliminarResLogic('1', 'I', '1')
 3 SYSTEMPATH\CodeIgniter.php(499): CodeIgniter\CodeIgniter->runController(Object(App\Controllers\Departamentos))
 4 SYSTEMPATH\CodeIgniter.php(368): CodeIgniter\CodeIgniter->handleRequest(null, Object(Config\Cache), false)
 5 FCPATH\index.php(67): CodeIgniter\CodeIgniter->run()
CRITICAL - 2023-03-16 13:43:20 --> Call to undefined method App\Models\DepartamentosModel::eliminarResModelPais
in SYSTEMPATH\Model.php on line 842.
 1 APPPATH\Controllers\Departamentos.php(61): CodeIgniter\Model->__call('eliminarResModelPais', [...])
 2 SYSTEMPATH\CodeIgniter.php(934): App\Controllers\Departamentos->eliminarResLogic('1', 'I', '1')
 3 SYSTEMPATH\CodeIgniter.php(499): CodeIgniter\CodeIgniter->runController(Object(App\Controllers\Departamentos))
 4 SYSTEMPATH\CodeIgniter.php(368): CodeIgniter\CodeIgniter->handleRequest(null, Object(Config\Cache), false)
 5 FCPATH\index.php(67): CodeIgniter\CodeIgniter->run()
CRITICAL - 2023-03-16 13:43:28 --> Call to undefined method App\Models\DepartamentosModel::eliminarResModelPais
in SYSTEMPATH\Model.php on line 842.
 1 APPPATH\Controllers\Departamentos.php(61): CodeIgniter\Model->__call('eliminarResModelPais', [...])
 2 SYSTEMPATH\CodeIgniter.php(934): App\Controllers\Departamentos->eliminarResLogic('1', 'I', '1')
 3 SYSTEMPATH\CodeIgniter.php(499): CodeIgniter\CodeIgniter->runController(Object(App\Controllers\Departamentos))
 4 SYSTEMPATH\CodeIgniter.php(368): CodeIgniter\CodeIgniter->handleRequest(null, Object(Config\Cache), false)
 5 FCPATH\index.php(67): CodeIgniter\CodeIgniter->run()
CRITICAL - 2023-03-16 13:43:31 --> Call to undefined method App\Models\DepartamentosModel::eliminarResModelPais
in SYSTEMPATH\Model.php on line 842.
 1 APPPATH\Controllers\Departamentos.php(61): CodeIgniter\Model->__call('eliminarResModelPais', [...])
 2 SYSTEMPATH\CodeIgniter.php(934): App\Controllers\Departamentos->eliminarResLogic('1', 'I', '1')
 3 SYSTEMPATH\CodeIgniter.php(499): CodeIgniter\CodeIgniter->runController(Object(App\Controllers\Departamentos))
 4 SYSTEMPATH\CodeIgniter.php(368): CodeIgniter\CodeIgniter->handleRequest(null, Object(Config\Cache), false)
 5 FCPATH\index.php(67): CodeIgniter\CodeIgniter->run()
CRITICAL - 2023-03-16 13:43:34 --> Call to undefined method App\Models\DepartamentosModel::eliminarResModelPais
in SYSTEMPATH\Model.php on line 842.
 1 APPPATH\Controllers\Departamentos.php(60): CodeIgniter\Model->__call('eliminarResModelPais', [...])
 2 SYSTEMPATH\CodeIgniter.php(934): App\Controllers\Departamentos->eliminarResLogic('1', 'I', '1')
 3 SYSTEMPATH\CodeIgniter.php(499): CodeIgniter\CodeIgniter->runController(Object(App\Controllers\Departamentos))
 4 SYSTEMPATH\CodeIgniter.php(368): CodeIgniter\CodeIgniter->handleRequest(null, Object(Config\Cache), false)
 5 FCPATH\index.php(67): CodeIgniter\CodeIgniter->run()
CRITICAL - 2023-03-16 13:48:32 --> Invalid file: "/departamentos/paisesEliminados.php"
in SYSTEMPATH\Exceptions\FrameworkException.php on line 33.
 1 SYSTEMPATH\View\View.php(201): CodeIgniter\Exceptions\FrameworkException::forInvalidFile('/departamentos/paisesEliminados.php')
 2 SYSTEMPATH\Common.php(1184): CodeIgniter\View\View->render('/departamentos/paisesEliminados', [], true)
 3 APPPATH\Controllers\Departamentos.php(81): view('/departamentos/paisesEliminados', [...])
 4 SYSTEMPATH\CodeIgniter.php(934): App\Controllers\Departamentos->eliminados()
 5 SYSTEMPATH\CodeIgniter.php(499): CodeIgniter\CodeIgniter->runController(Object(App\Controllers\Departamentos))
 6 SYSTEMPATH\CodeIgniter.php(368): CodeIgniter\CodeIgniter->handleRequest(null, Object(Config\Cache), false)
 7 FCPATH\index.php(67): CodeIgniter\CodeIgniter->run()
CRITICAL - 2023-03-16 13:49:08 --> Undefined array key "nombrePais"
in APPPATH\Views\departamentos\departamentosEliminados.php on line 32.
 1 APPPATH\Views\departamentos\departamentosEliminados.php(32): CodeIgniter\Debug\Exceptions->errorHandler(2, 'Undefined array key "nombrePais"', 'APPPATH\\Views\\departamentos\\departamentosEliminados.php', 32)
 2 SYSTEMPATH\View\View.php(213): include('APPPATH\\Views\\departamentos\\departamentosEliminados.php')
 3 SYSTEMPATH\View\View.php(216): CodeIgniter\View\View->CodeIgniter\View\{closure}()
 4 SYSTEMPATH\Common.php(1184): CodeIgniter\View\View->render('/departamentos/departamentosEliminados', [], true)
 5 APPPATH\Controllers\Departamentos.php(81): view('/departamentos/departamentosEliminados', [...])
 6 SYSTEMPATH\CodeIgniter.php(934): App\Controllers\Departamentos->eliminados()
 7 SYSTEMPATH\CodeIgniter.php(499): CodeIgniter\CodeIgniter->runController(Object(App\Controllers\Departamentos))
 8 SYSTEMPATH\CodeIgniter.php(368): CodeIgniter\CodeIgniter->handleRequest(null, Object(Config\Cache), false)
 9 FCPATH\index.php(67): CodeIgniter\CodeIgniter->run()
CRITICAL - 2023-03-16 13:50:56 --> Undefined array key "nombrePais"
in APPPATH\Views\departamentos\departamentosEliminados.php on line 32.
 1 APPPATH\Views\departamentos\departamentosEliminados.php(32): CodeIgniter\Debug\Exceptions->errorHandler(2, 'Undefined array key "nombrePais"', 'APPPATH\\Views\\departamentos\\departamentosEliminados.php', 32)
 2 SYSTEMPATH\View\View.php(213): include('APPPATH\\Views\\departamentos\\departamentosEliminados.php')
 3 SYSTEMPATH\View\View.php(216): CodeIgniter\View\View->CodeIgniter\View\{closure}()
 4 SYSTEMPATH\Common.php(1184): CodeIgniter\View\View->render('/departamentos/departamentosEliminados', [], true)
 5 APPPATH\Controllers\Departamentos.php(81): view('/departamentos/departamentosEliminados', [...])
 6 SYSTEMPATH\CodeIgniter.php(934): App\Controllers\Departamentos->eliminados()
 7 SYSTEMPATH\CodeIgniter.php(499): CodeIgniter\CodeIgniter->runController(Object(App\Controllers\Departamentos))
 8 SYSTEMPATH\CodeIgniter.php(368): CodeIgniter\CodeIgniter->handleRequest(null, Object(Config\Cache), false)
 9 FCPATH\index.php(67): CodeIgniter\CodeIgniter->run()
CRITICAL - 2023-03-16 13:51:46 --> Undefined array key "nombrePais"
in APPPATH\Views\departamentos\departamentosEliminados.php on line 32.
 1 APPPATH\Views\departamentos\departamentosEliminados.php(32): CodeIgniter\Debug\Exceptions->errorHandler(2, 'Undefined array key "nombrePais"', 'APPPATH\\Views\\departamentos\\departamentosEliminados.php', 32)
 2 SYSTEMPATH\View\View.php(213): include('APPPATH\\Views\\departamentos\\departamentosEliminados.php')
 3 SYSTEMPATH\View\View.php(216): CodeIgniter\View\View->CodeIgniter\View\{closure}()
 4 SYSTEMPATH\Common.php(1184): CodeIgniter\View\View->render('/departamentos/departamentosEliminados', [], true)
 5 APPPATH\Controllers\Departamentos.php(81): view('/departamentos/departamentosEliminados', [...])
 6 SYSTEMPATH\CodeIgniter.php(934): App\Controllers\Departamentos->eliminados()
 7 SYSTEMPATH\CodeIgniter.php(499): CodeIgniter\CodeIgniter->runController(Object(App\Controllers\Departamentos))
 8 SYSTEMPATH\CodeIgniter.php(368): CodeIgniter\CodeIgniter->handleRequest(null, Object(Config\Cache), false)
 9 FCPATH\index.php(67): CodeIgniter\CodeIgniter->run()
CRITICAL - 2023-03-16 13:56:24 --> Undefined variable $paises
in APPPATH\Views\departamentos\departamentosEliminados.php on line 63.
 1 APPPATH\Views\departamentos\departamentosEliminados.php(63): CodeIgniter\Debug\Exceptions->errorHandler(2, 'Undefined variable $paises', 'APPPATH\\Views\\departamentos\\departamentosEliminados.php', 63)
 2 SYSTEMPATH\View\View.php(213): include('APPPATH\\Views\\departamentos\\departamentosEliminados.php')
 3 SYSTEMPATH\View\View.php(216): CodeIgniter\View\View->CodeIgniter\View\{closure}()
 4 SYSTEMPATH\Common.php(1184): CodeIgniter\View\View->render('/departamentos/departamentosEliminados', [], true)
 5 APPPATH\Controllers\Departamentos.php(81): view('/departamentos/departamentosEliminados', [...])
 6 SYSTEMPATH\CodeIgniter.php(934): App\Controllers\Departamentos->eliminados()
 7 SYSTEMPATH\CodeIgniter.php(499): CodeIgniter\CodeIgniter->runController(Object(App\Controllers\Departamentos))
 8 SYSTEMPATH\CodeIgniter.php(368): CodeIgniter\CodeIgniter->handleRequest(null, Object(Config\Cache), false)
 9 FCPATH\index.php(67): CodeIgniter\CodeIgniter->run()
CRITICAL - 2023-03-16 13:59:59 --> Call to undefined method App\Models\PaisesModel::eliminarResModelDpto
in SYSTEMPATH\Model.php on line 842.
 1 APPPATH\Controllers\Paises.php(57): CodeIgniter\Model->__call('eliminarResModelDpto', [...])
 2 SYSTEMPATH\CodeIgniter.php(934): App\Controllers\Paises->eliminarResLogic('27', 'I', '1')
 3 SYSTEMPATH\CodeIgniter.php(499): CodeIgniter\CodeIgniter->runController(Object(App\Controllers\Paises))
 4 SYSTEMPATH\CodeIgniter.php(368): CodeIgniter\CodeIgniter->handleRequest(null, Object(Config\Cache), false)
 5 FCPATH\index.php(67): CodeIgniter\CodeIgniter->run()
CRITICAL - 2023-03-16 14:00:17 --> Call to undefined method App\Models\PaisesModel::eliminarResModelDpto
in SYSTEMPATH\Model.php on line 842.
 1 APPPATH\Controllers\Paises.php(57): CodeIgniter\Model->__call('eliminarResModelDpto', [...])
 2 SYSTEMPATH\CodeIgniter.php(934): App\Controllers\Paises->eliminarResLogic('27', 'I', '1')
 3 SYSTEMPATH\CodeIgniter.php(499): CodeIgniter\CodeIgniter->runController(Object(App\Controllers\Paises))
 4 SYSTEMPATH\CodeIgniter.php(368): CodeIgniter\CodeIgniter->handleRequest(null, Object(Config\Cache), false)
 5 FCPATH\index.php(67): CodeIgniter\CodeIgniter->run()
CRITICAL - 2023-03-16 14:08:32 --> Undefined array key 0
in APPPATH\Views\departamentos\departamentosEliminados.php on line 25.
 1 APPPATH\Views\departamentos\departamentosEliminados.php(25): CodeIgniter\Debug\Exceptions->errorHandler(2, 'Undefined array key 0', 'APPPATH\\Views\\departamentos\\departamentosEliminados.php', 25)
 2 SYSTEMPATH\View\View.php(213): include('APPPATH\\Views\\departamentos\\departamentosEliminados.php')
 3 SYSTEMPATH\View\View.php(216): CodeIgniter\View\View->CodeIgniter\View\{closure}()
 4 SYSTEMPATH\Common.php(1184): CodeIgniter\View\View->render('/departamentos/departamentosEliminados', [], true)
 5 APPPATH\Controllers\Departamentos.php(81): view('/departamentos/departamentosEliminados', [...])
 6 SYSTEMPATH\CodeIgniter.php(934): App\Controllers\Departamentos->eliminados()
 7 SYSTEMPATH\CodeIgniter.php(499): CodeIgniter\CodeIgniter->runController(Object(App\Controllers\Departamentos))
 8 SYSTEMPATH\CodeIgniter.php(368): CodeIgniter\CodeIgniter->handleRequest(null, Object(Config\Cache), false)
 9 FCPATH\index.php(67): CodeIgniter\CodeIgniter->run()
CRITICAL - 2023-03-16 14:08:44 --> Array to string conversion
in APPPATH\Views\departamentos\departamentosEliminados.php on line 24.
 1 APPPATH\Views\departamentos\departamentosEliminados.php(24): CodeIgniter\Debug\Exceptions->errorHandler(2, 'Array to string conversion', 'APPPATH\\Views\\departamentos\\departamentosEliminados.php', 24)
 2 SYSTEMPATH\View\View.php(213): include('APPPATH\\Views\\departamentos\\departamentosEliminados.php')
 3 SYSTEMPATH\View\View.php(216): CodeIgniter\View\View->CodeIgniter\View\{closure}()
 4 SYSTEMPATH\Common.php(1184): CodeIgniter\View\View->render('/departamentos/departamentosEliminados', [], true)
 5 APPPATH\Controllers\Departamentos.php(81): view('/departamentos/departamentosEliminados', [...])
 6 SYSTEMPATH\CodeIgniter.php(934): App\Controllers\Departamentos->eliminados()
 7 SYSTEMPATH\CodeIgniter.php(499): CodeIgniter\CodeIgniter->runController(Object(App\Controllers\Departamentos))
 8 SYSTEMPATH\CodeIgniter.php(368): CodeIgniter\CodeIgniter->handleRequest(null, Object(Config\Cache), false)
 9 FCPATH\index.php(67): CodeIgniter\CodeIgniter->run()
CRITICAL - 2023-03-16 14:50:58 --> syntax error, unexpected token "}", expecting identifier or variable or "{" or "$"
in APPPATH\Models\SalariosModel.php on line 31.
 1 SYSTEMPATH\Autoloader\Autoloader.php(289): CodeIgniter\Autoloader\Autoloader->includeFile('APPPATH\\Models\\SalariosModel.php')
 2 SYSTEMPATH\Autoloader\Autoloader.php(267): CodeIgniter\Autoloader\Autoloader->loadInNamespace('App\\Models\\SalariosModel')
 3 APPPATH\Models\EmpleadosModel.php(33): CodeIgniter\Autoloader\Autoloader->loadClass('App\\Models\\SalariosModel')
 4 APPPATH\Controllers\Empleados.php(18): App\Models\EmpleadosModel->__construct()
 5 SYSTEMPATH\CodeIgniter.php(906): App\Controllers\Empleados->__construct()
 6 SYSTEMPATH\CodeIgniter.php(490): CodeIgniter\CodeIgniter->createController()
 7 SYSTEMPATH\CodeIgniter.php(368): CodeIgniter\CodeIgniter->handleRequest(null, Object(Config\Cache), false)
 8 FCPATH\index.php(67): CodeIgniter\CodeIgniter->run()
CRITICAL - 2023-03-16 14:51:04 --> syntax error, unexpected token "}", expecting identifier or variable or "{" or "$"
in APPPATH\Models\SalariosModel.php on line 31.
 1 SYSTEMPATH\Autoloader\Autoloader.php(289): CodeIgniter\Autoloader\Autoloader->includeFile('APPPATH\\Models\\SalariosModel.php')
 2 SYSTEMPATH\Autoloader\Autoloader.php(267): CodeIgniter\Autoloader\Autoloader->loadInNamespace('App\\Models\\SalariosModel')
 3 APPPATH\Models\EmpleadosModel.php(33): CodeIgniter\Autoloader\Autoloader->loadClass('App\\Models\\SalariosModel')
 4 APPPATH\Controllers\Empleados.php(18): App\Models\EmpleadosModel->__construct()
 5 SYSTEMPATH\CodeIgniter.php(906): App\Controllers\Empleados->__construct()
 6 SYSTEMPATH\CodeIgniter.php(490): CodeIgniter\CodeIgniter->createController()
 7 SYSTEMPATH\CodeIgniter.php(368): CodeIgniter\CodeIgniter->handleRequest(null, Object(Config\Cache), false)
 8 FCPATH\index.php(67): CodeIgniter\CodeIgniter->run()
CRITICAL - 2023-03-16 14:51:08 --> syntax error, unexpected token "}", expecting identifier or variable or "{" or "$"
in APPPATH\Models\SalariosModel.php on line 31.
 1 SYSTEMPATH\Autoloader\Autoloader.php(289): CodeIgniter\Autoloader\Autoloader->includeFile('APPPATH\\Models\\SalariosModel.php')
 2 SYSTEMPATH\Autoloader\Autoloader.php(267): CodeIgniter\Autoloader\Autoloader->loadInNamespace('App\\Models\\SalariosModel')
 3 APPPATH\Models\EmpleadosModel.php(33): CodeIgniter\Autoloader\Autoloader->loadClass('App\\Models\\SalariosModel')
 4 APPPATH\Controllers\Empleados.php(18): App\Models\EmpleadosModel->__construct()
 5 SYSTEMPATH\CodeIgniter.php(906): App\Controllers\Empleados->__construct()
 6 SYSTEMPATH\CodeIgniter.php(490): CodeIgniter\CodeIgniter->createController()
 7 SYSTEMPATH\CodeIgniter.php(368): CodeIgniter\CodeIgniter->handleRequest(null, Object(Config\Cache), false)
 8 FCPATH\index.php(67): CodeIgniter\CodeIgniter->run()
CRITICAL - 2023-03-16 14:52:23 --> CodeIgniter\Database\BaseResult::getResult(): Argument #1 ($type) must be of type string, null given, called in C:\xamppp\htdocs\taller\system\Model.php on line 242
in SYSTEMPATH\Database\BaseResult.php on line 103.
 1 SYSTEMPATH\Model.php(242): CodeIgniter\Database\BaseResult->getResult(null)
 2 SYSTEMPATH\BaseModel.php(618): CodeIgniter\Model->doFindAll(0, 0)
 3 APPPATH\Models\EmpleadosModel.php(44): CodeIgniter\BaseModel->findAll()
 4 APPPATH\Controllers\Empleados.php(24): App\Models\EmpleadosModel->obtenerEmpleados()
 5 SYSTEMPATH\CodeIgniter.php(934): App\Controllers\Empleados->index()
 6 SYSTEMPATH\CodeIgniter.php(499): CodeIgniter\CodeIgniter->runController(Object(App\Controllers\Empleados))
 7 SYSTEMPATH\CodeIgniter.php(368): CodeIgniter\CodeIgniter->handleRequest(null, Object(Config\Cache), false)
 8 FCPATH\index.php(67): CodeIgniter\CodeIgniter->run()
CRITICAL - 2023-03-16 14:53:51 --> CodeIgniter\Database\BaseResult::getResult(): Argument #1 ($type) must be of type string, null given, called in C:\xamppp\htdocs\taller\system\Model.php on line 242
in SYSTEMPATH\Database\BaseResult.php on line 103.
 1 SYSTEMPATH\Model.php(242): CodeIgniter\Database\BaseResult->getResult(null)
 2 SYSTEMPATH\BaseModel.php(618): CodeIgniter\Model->doFindAll(0, 0)
 3 APPPATH\Models\EmpleadosModel.php(44): CodeIgniter\BaseModel->findAll()
 4 APPPATH\Controllers\Empleados.php(24): App\Models\EmpleadosModel->obtenerEmpleados()
 5 SYSTEMPATH\CodeIgniter.php(934): App\Controllers\Empleados->index()
 6 SYSTEMPATH\CodeIgniter.php(499): CodeIgniter\CodeIgniter->runController(Object(App\Controllers\Empleados))
 7 SYSTEMPATH\CodeIgniter.php(368): CodeIgniter\CodeIgniter->handleRequest(null, Object(Config\Cache), false)
 8 FCPATH\index.php(67): CodeIgniter\CodeIgniter->run()
CRITICAL - 2023-03-16 14:56:40 --> CodeIgniter\Database\BaseResult::getResult(): Argument #1 ($type) must be of type string, null given, called in C:\xamppp\htdocs\taller\system\Model.php on line 242
in SYSTEMPATH\Database\BaseResult.php on line 103.
 1 SYSTEMPATH\Model.php(242): CodeIgniter\Database\BaseResult->getResult(null)
 2 SYSTEMPATH\BaseModel.php(618): CodeIgniter\Model->doFindAll(0, 0)
 3 APPPATH\Models\EmpleadosModel.php(45): CodeIgniter\BaseModel->findAll()
 4 APPPATH\Controllers\Empleados.php(24): App\Models\EmpleadosModel->obtenerEmpleados()
 5 SYSTEMPATH\CodeIgniter.php(934): App\Controllers\Empleados->index()
 6 SYSTEMPATH\CodeIgniter.php(499): CodeIgniter\CodeIgniter->runController(Object(App\Controllers\Empleados))
 7 SYSTEMPATH\CodeIgniter.php(368): CodeIgniter\CodeIgniter->handleRequest(null, Object(Config\Cache), false)
 8 FCPATH\index.php(67): CodeIgniter\CodeIgniter->run()
CRITICAL - 2023-03-16 14:57:20 --> CodeIgniter\Database\BaseResult::getResult(): Argument #1 ($type) must be of type string, null given, called in C:\xamppp\htdocs\taller\system\Model.php on line 242
in SYSTEMPATH\Database\BaseResult.php on line 103.
 1 SYSTEMPATH\Model.php(242): CodeIgniter\Database\BaseResult->getResult(null)
 2 SYSTEMPATH\BaseModel.php(618): CodeIgniter\Model->doFindAll(0, 0)
 3 APPPATH\Models\EmpleadosModel.php(45): CodeIgniter\BaseModel->findAll()
 4 APPPATH\Controllers\Empleados.php(24): App\Models\EmpleadosModel->obtenerEmpleados()
 5 SYSTEMPATH\CodeIgniter.php(934): App\Controllers\Empleados->index()
 6 SYSTEMPATH\CodeIgniter.php(499): CodeIgniter\CodeIgniter->runController(Object(App\Controllers\Empleados))
 7 SYSTEMPATH\CodeIgniter.php(368): CodeIgniter\CodeIgniter->handleRequest(null, Object(Config\Cache), false)
 8 FCPATH\index.php(67): CodeIgniter\CodeIgniter->run()
CRITICAL - 2023-03-16 14:57:22 --> CodeIgniter\Database\BaseResult::getResult(): Argument #1 ($type) must be of type string, null given, called in C:\xamppp\htdocs\taller\system\Model.php on line 242
in SYSTEMPATH\Database\BaseResult.php on line 103.
 1 SYSTEMPATH\Model.php(242): CodeIgniter\Database\BaseResult->getResult(null)
 2 SYSTEMPATH\BaseModel.php(618): CodeIgniter\Model->doFindAll(0, 0)
 3 APPPATH\Models\EmpleadosModel.php(45): CodeIgniter\BaseModel->findAll()
 4 APPPATH\Controllers\Empleados.php(24): App\Models\EmpleadosModel->obtenerEmpleados()
 5 SYSTEMPATH\CodeIgniter.php(934): App\Controllers\Empleados->index()
 6 SYSTEMPATH\CodeIgniter.php(499): CodeIgniter\CodeIgniter->runController(Object(App\Controllers\Empleados))
 7 SYSTEMPATH\CodeIgniter.php(368): CodeIgniter\CodeIgniter->handleRequest(null, Object(Config\Cache), false)
 8 FCPATH\index.php(67): CodeIgniter\CodeIgniter->run()
CRITICAL - 2023-03-16 14:57:32 --> CodeIgniter\Database\BaseResult::getResult(): Argument #1 ($type) must be of type string, null given, called in C:\xamppp\htdocs\taller\system\Model.php on line 242
in SYSTEMPATH\Database\BaseResult.php on line 103.
 1 SYSTEMPATH\Model.php(242): CodeIgniter\Database\BaseResult->getResult(null)
 2 SYSTEMPATH\BaseModel.php(618): CodeIgniter\Model->doFindAll(0, 0)
 3 APPPATH\Models\EmpleadosModel.php(45): CodeIgniter\BaseModel->findAll()
 4 APPPATH\Controllers\Empleados.php(24): App\Models\EmpleadosModel->obtenerEmpleados()
 5 SYSTEMPATH\CodeIgniter.php(934): App\Controllers\Empleados->index()
 6 SYSTEMPATH\CodeIgniter.php(499): CodeIgniter\CodeIgniter->runController(Object(App\Controllers\Empleados))
 7 SYSTEMPATH\CodeIgniter.php(368): CodeIgniter\CodeIgniter->handleRequest(null, Object(Config\Cache), false)
 8 FCPATH\index.php(67): CodeIgniter\CodeIgniter->run()
CRITICAL - 2023-03-16 14:58:08 --> CodeIgniter\Database\BaseResult::getResult(): Argument #1 ($type) must be of type string, null given, called in C:\xamppp\htdocs\taller\system\Model.php on line 242
in SYSTEMPATH\Database\BaseResult.php on line 103.
 1 SYSTEMPATH\Model.php(242): CodeIgniter\Database\BaseResult->getResult(null)
 2 SYSTEMPATH\BaseModel.php(618): CodeIgniter\Model->doFindAll(0, 0)
 3 APPPATH\Models\EmpleadosModel.php(45): CodeIgniter\BaseModel->findAll()
 4 APPPATH\Controllers\Empleados.php(24): App\Models\EmpleadosModel->obtenerEmpleados()
 5 SYSTEMPATH\CodeIgniter.php(934): App\Controllers\Empleados->index()
 6 SYSTEMPATH\CodeIgniter.php(499): CodeIgniter\CodeIgniter->runController(Object(App\Controllers\Empleados))
 7 SYSTEMPATH\CodeIgniter.php(368): CodeIgniter\CodeIgniter->handleRequest(null, Object(Config\Cache), false)
 8 FCPATH\index.php(67): CodeIgniter\CodeIgniter->run()
CRITICAL - 2023-03-16 14:58:35 --> CodeIgniter\Database\BaseResult::getResult(): Argument #1 ($type) must be of type string, null given, called in C:\xamppp\htdocs\taller\system\Model.php on line 242
in SYSTEMPATH\Database\BaseResult.php on line 103.
 1 SYSTEMPATH\Model.php(242): CodeIgniter\Database\BaseResult->getResult(null)
 2 SYSTEMPATH\BaseModel.php(618): CodeIgniter\Model->doFindAll(0, 0)
 3 APPPATH\Models\EmpleadosModel.php(45): CodeIgniter\BaseModel->findAll()
 4 APPPATH\Controllers\Empleados.php(24): App\Models\EmpleadosModel->obtenerEmpleados()
 5 SYSTEMPATH\CodeIgniter.php(934): App\Controllers\Empleados->index()
 6 SYSTEMPATH\CodeIgniter.php(499): CodeIgniter\CodeIgniter->runController(Object(App\Controllers\Empleados))
 7 SYSTEMPATH\CodeIgniter.php(368): CodeIgniter\CodeIgniter->handleRequest(null, Object(Config\Cache), false)
 8 FCPATH\index.php(67): CodeIgniter\CodeIgniter->run()
CRITICAL - 2023-03-16 14:58:43 --> CodeIgniter\Database\BaseResult::getResult(): Argument #1 ($type) must be of type string, null given, called in C:\xamppp\htdocs\taller\system\Model.php on line 242
in SYSTEMPATH\Database\BaseResult.php on line 103.
 1 SYSTEMPATH\Model.php(242): CodeIgniter\Database\BaseResult->getResult(null)
 2 SYSTEMPATH\BaseModel.php(618): CodeIgniter\Model->doFindAll(0, 0)
 3 APPPATH\Models\EmpleadosModel.php(45): CodeIgniter\BaseModel->findAll()
 4 APPPATH\Controllers\Empleados.php(24): App\Models\EmpleadosModel->obtenerEmpleados()
 5 SYSTEMPATH\CodeIgniter.php(934): App\Controllers\Empleados->index()
 6 SYSTEMPATH\CodeIgniter.php(499): CodeIgniter\CodeIgniter->runController(Object(App\Controllers\Empleados))
 7 SYSTEMPATH\CodeIgniter.php(368): CodeIgniter\CodeIgniter->handleRequest(null, Object(Config\Cache), false)
 8 FCPATH\index.php(67): CodeIgniter\CodeIgniter->run()
CRITICAL - 2023-03-16 14:59:04 --> CodeIgniter\Database\BaseResult::getResult(): Argument #1 ($type) must be of type string, null given, called in C:\xamppp\htdocs\taller\system\Model.php on line 242
in SYSTEMPATH\Database\BaseResult.php on line 103.
 1 SYSTEMPATH\Model.php(242): CodeIgniter\Database\BaseResult->getResult(null)
 2 SYSTEMPATH\BaseModel.php(618): CodeIgniter\Model->doFindAll(0, 0)
 3 APPPATH\Models\EmpleadosModel.php(45): CodeIgniter\BaseModel->findAll()
 4 APPPATH\Controllers\Empleados.php(24): App\Models\EmpleadosModel->obtenerEmpleados()
 5 SYSTEMPATH\CodeIgniter.php(934): App\Controllers\Empleados->index()
 6 SYSTEMPATH\CodeIgniter.php(499): CodeIgniter\CodeIgniter->runController(Object(App\Controllers\Empleados))
 7 SYSTEMPATH\CodeIgniter.php(368): CodeIgniter\CodeIgniter->handleRequest(null, Object(Config\Cache), false)
 8 FCPATH\index.php(67): CodeIgniter\CodeIgniter->run()
CRITICAL - 2023-03-16 14:59:09 --> CodeIgniter\Database\BaseResult::getResult(): Argument #1 ($type) must be of type string, null given, called in C:\xamppp\htdocs\taller\system\Model.php on line 242
in SYSTEMPATH\Database\BaseResult.php on line 103.
 1 SYSTEMPATH\Model.php(242): CodeIgniter\Database\BaseResult->getResult(null)
 2 SYSTEMPATH\BaseModel.php(618): CodeIgniter\Model->doFindAll(0, 0)
 3 APPPATH\Models\EmpleadosModel.php(45): CodeIgniter\BaseModel->findAll()
 4 APPPATH\Controllers\Empleados.php(24): App\Models\EmpleadosModel->obtenerEmpleados()
 5 SYSTEMPATH\CodeIgniter.php(934): App\Controllers\Empleados->index()
 6 SYSTEMPATH\CodeIgniter.php(499): CodeIgniter\CodeIgniter->runController(Object(App\Controllers\Empleados))
 7 SYSTEMPATH\CodeIgniter.php(368): CodeIgniter\CodeIgniter->handleRequest(null, Object(Config\Cache), false)
 8 FCPATH\index.php(67): CodeIgniter\CodeIgniter->run()
CRITICAL - 2023-03-16 14:59:57 --> CodeIgniter\Database\BaseResult::getResult(): Argument #1 ($type) must be of type string, null given, called in C:\xamppp\htdocs\taller\system\Model.php on line 242
in SYSTEMPATH\Database\BaseResult.php on line 103.
 1 SYSTEMPATH\Model.php(242): CodeIgniter\Database\BaseResult->getResult(null)
 2 SYSTEMPATH\BaseModel.php(618): CodeIgniter\Model->doFindAll(0, 0)
 3 APPPATH\Models\EmpleadosModel.php(45): CodeIgniter\BaseModel->findAll()
 4 APPPATH\Controllers\Empleados.php(24): App\Models\EmpleadosModel->obtenerEmpleados()
 5 SYSTEMPATH\CodeIgniter.php(934): App\Controllers\Empleados->index()
 6 SYSTEMPATH\CodeIgniter.php(499): CodeIgniter\CodeIgniter->runController(Object(App\Controllers\Empleados))
 7 SYSTEMPATH\CodeIgniter.php(368): CodeIgniter\CodeIgniter->handleRequest(null, Object(Config\Cache), false)
 8 FCPATH\index.php(67): CodeIgniter\CodeIgniter->run()
CRITICAL - 2023-03-16 15:00:24 --> CodeIgniter\Database\BaseResult::getResult(): Argument #1 ($type) must be of type string, null given, called in C:\xamppp\htdocs\taller\system\Model.php on line 242
in SYSTEMPATH\Database\BaseResult.php on line 103.
 1 SYSTEMPATH\Model.php(242): CodeIgniter\Database\BaseResult->getResult(null)
 2 SYSTEMPATH\BaseModel.php(618): CodeIgniter\Model->doFindAll(0, 0)
 3 APPPATH\Models\EmpleadosModel.php(45): CodeIgniter\BaseModel->findAll()
 4 APPPATH\Controllers\Empleados.php(24): App\Models\EmpleadosModel->obtenerEmpleados()
 5 SYSTEMPATH\CodeIgniter.php(934): App\Controllers\Empleados->index()
 6 SYSTEMPATH\CodeIgniter.php(499): CodeIgniter\CodeIgniter->runController(Object(App\Controllers\Empleados))
 7 SYSTEMPATH\CodeIgniter.php(368): CodeIgniter\CodeIgniter->handleRequest(null, Object(Config\Cache), false)
 8 FCPATH\index.php(67): CodeIgniter\CodeIgniter->run()
CRITICAL - 2023-03-16 15:06:23 --> CodeIgniter\Database\BaseResult::getResult(): Argument #1 ($type) must be of type string, null given, called in C:\xamppp\htdocs\taller\system\Model.php on line 242
in SYSTEMPATH\Database\BaseResult.php on line 103.
 1 SYSTEMPATH\Model.php(242): CodeIgniter\Database\BaseResult->getResult(null)
 2 SYSTEMPATH\BaseModel.php(618): CodeIgniter\Model->doFindAll(0, 0)
 3 APPPATH\Models\EmpleadosModel.php(45): CodeIgniter\BaseModel->findAll()
 4 APPPATH\Controllers\Empleados.php(24): App\Models\EmpleadosModel->obtenerEmpleados()
 5 SYSTEMPATH\CodeIgniter.php(934): App\Controllers\Empleados->index()
 6 SYSTEMPATH\CodeIgniter.php(499): CodeIgniter\CodeIgniter->runController(Object(App\Controllers\Empleados))
 7 SYSTEMPATH\CodeIgniter.php(368): CodeIgniter\CodeIgniter->handleRequest(null, Object(Config\Cache), false)
 8 FCPATH\index.php(67): CodeIgniter\CodeIgniter->run()
CRITICAL - 2023-03-16 15:07:00 --> CodeIgniter\Database\BaseResult::getResult(): Argument #1 ($type) must be of type string, null given, called in C:\xamppp\htdocs\taller\system\Model.php on line 242
in SYSTEMPATH\Database\BaseResult.php on line 103.
 1 SYSTEMPATH\Model.php(242): CodeIgniter\Database\BaseResult->getResult(null)
 2 SYSTEMPATH\BaseModel.php(618): CodeIgniter\Model->doFindAll(0, 0)
 3 APPPATH\Models\EmpleadosModel.php(45): CodeIgniter\BaseModel->findAll()
 4 APPPATH\Controllers\Empleados.php(24): App\Models\EmpleadosModel->obtenerEmpleados()
 5 SYSTEMPATH\CodeIgniter.php(934): App\Controllers\Empleados->index()
 6 SYSTEMPATH\CodeIgniter.php(499): CodeIgniter\CodeIgniter->runController(Object(App\Controllers\Empleados))
 7 SYSTEMPATH\CodeIgniter.php(368): CodeIgniter\CodeIgniter->handleRequest(null, Object(Config\Cache), false)
 8 FCPATH\index.php(67): CodeIgniter\CodeIgniter->run()
CRITICAL - 2023-03-16 15:13:04 --> CodeIgniter\Database\BaseResult::getResult(): Argument #1 ($type) must be of type string, null given, called in C:\xamppp\htdocs\taller\system\Model.php on line 242
in SYSTEMPATH\Database\BaseResult.php on line 103.
 1 SYSTEMPATH\Model.php(242): CodeIgniter\Database\BaseResult->getResult(null)
 2 SYSTEMPATH\BaseModel.php(618): CodeIgniter\Model->doFindAll(0, 0)
 3 APPPATH\Models\EmpleadosModel.php(45): CodeIgniter\BaseModel->findAll()
 4 APPPATH\Controllers\Empleados.php(27): App\Models\EmpleadosModel->obtenerEmpleados()
 5 SYSTEMPATH\CodeIgniter.php(934): App\Controllers\Empleados->index()
 6 SYSTEMPATH\CodeIgniter.php(499): CodeIgniter\CodeIgniter->runController(Object(App\Controllers\Empleados))
 7 SYSTEMPATH\CodeIgniter.php(368): CodeIgniter\CodeIgniter->handleRequest(null, Object(Config\Cache), false)
 8 FCPATH\index.php(67): CodeIgniter\CodeIgniter->run()
CRITICAL - 2023-03-16 15:13:05 --> CodeIgniter\Database\BaseResult::getResult(): Argument #1 ($type) must be of type string, null given, called in C:\xamppp\htdocs\taller\system\Model.php on line 242
in SYSTEMPATH\Database\BaseResult.php on line 103.
 1 SYSTEMPATH\Model.php(242): CodeIgniter\Database\BaseResult->getResult(null)
 2 SYSTEMPATH\BaseModel.php(618): CodeIgniter\Model->doFindAll(0, 0)
 3 APPPATH\Models\EmpleadosModel.php(45): CodeIgniter\BaseModel->findAll()
 4 APPPATH\Controllers\Empleados.php(27): App\Models\EmpleadosModel->obtenerEmpleados()
 5 SYSTEMPATH\CodeIgniter.php(934): App\Controllers\Empleados->index()
 6 SYSTEMPATH\CodeIgniter.php(499): CodeIgniter\CodeIgniter->runController(Object(App\Controllers\Empleados))
 7 SYSTEMPATH\CodeIgniter.php(368): CodeIgniter\CodeIgniter->handleRequest(null, Object(Config\Cache), false)
 8 FCPATH\index.php(67): CodeIgniter\CodeIgniter->run()
CRITICAL - 2023-03-16 15:13:05 --> CodeIgniter\Database\BaseResult::getResult(): Argument #1 ($type) must be of type string, null given, called in C:\xamppp\htdocs\taller\system\Model.php on line 242
in SYSTEMPATH\Database\BaseResult.php on line 103.
 1 SYSTEMPATH\Model.php(242): CodeIgniter\Database\BaseResult->getResult(null)
 2 SYSTEMPATH\BaseModel.php(618): CodeIgniter\Model->doFindAll(0, 0)
 3 APPPATH\Models\EmpleadosModel.php(45): CodeIgniter\BaseModel->findAll()
 4 APPPATH\Controllers\Empleados.php(27): App\Models\EmpleadosModel->obtenerEmpleados()
 5 SYSTEMPATH\CodeIgniter.php(934): App\Controllers\Empleados->index()
 6 SYSTEMPATH\CodeIgniter.php(499): CodeIgniter\CodeIgniter->runController(Object(App\Controllers\Empleados))
 7 SYSTEMPATH\CodeIgniter.php(368): CodeIgniter\CodeIgniter->handleRequest(null, Object(Config\Cache), false)
 8 FCPATH\index.php(67): CodeIgniter\CodeIgniter->run()
CRITICAL - 2023-03-16 15:13:05 --> CodeIgniter\Database\BaseResult::getResult(): Argument #1 ($type) must be of type string, null given, called in C:\xamppp\htdocs\taller\system\Model.php on line 242
in SYSTEMPATH\Database\BaseResult.php on line 103.
 1 SYSTEMPATH\Model.php(242): CodeIgniter\Database\BaseResult->getResult(null)
 2 SYSTEMPATH\BaseModel.php(618): CodeIgniter\Model->doFindAll(0, 0)
 3 APPPATH\Models\EmpleadosModel.php(45): CodeIgniter\BaseModel->findAll()
 4 APPPATH\Controllers\Empleados.php(27): App\Models\EmpleadosModel->obtenerEmpleados()
 5 SYSTEMPATH\CodeIgniter.php(934): App\Controllers\Empleados->index()
 6 SYSTEMPATH\CodeIgniter.php(499): CodeIgniter\CodeIgniter->runController(Object(App\Controllers\Empleados))
 7 SYSTEMPATH\CodeIgniter.php(368): CodeIgniter\CodeIgniter->handleRequest(null, Object(Config\Cache), false)
 8 FCPATH\index.php(67): CodeIgniter\CodeIgniter->run()
CRITICAL - 2023-03-16 15:13:24 --> CodeIgniter\Database\BaseResult::getResult(): Argument #1 ($type) must be of type string, null given, called in C:\xamppp\htdocs\taller\system\Model.php on line 242
in SYSTEMPATH\Database\BaseResult.php on line 103.
 1 SYSTEMPATH\Model.php(242): CodeIgniter\Database\BaseResult->getResult(null)
 2 SYSTEMPATH\BaseModel.php(618): CodeIgniter\Model->doFindAll(0, 0)
 3 APPPATH\Models\EmpleadosModel.php(45): CodeIgniter\BaseModel->findAll()
 4 APPPATH\Controllers\Empleados.php(27): App\Models\EmpleadosModel->obtenerEmpleados()
 5 SYSTEMPATH\CodeIgniter.php(934): App\Controllers\Empleados->index()
 6 SYSTEMPATH\CodeIgniter.php(499): CodeIgniter\CodeIgniter->runController(Object(App\Controllers\Empleados))
 7 SYSTEMPATH\CodeIgniter.php(368): CodeIgniter\CodeIgniter->handleRequest(null, Object(Config\Cache), false)
 8 FCPATH\index.php(67): CodeIgniter\CodeIgniter->run()
CRITICAL - 2023-03-16 15:13:39 --> CodeIgniter\Database\BaseResult::getResult(): Argument #1 ($type) must be of type string, null given, called in C:\xamppp\htdocs\taller\system\Model.php on line 242
in SYSTEMPATH\Database\BaseResult.php on line 103.
 1 SYSTEMPATH\Model.php(242): CodeIgniter\Database\BaseResult->getResult(null)
 2 SYSTEMPATH\BaseModel.php(618): CodeIgniter\Model->doFindAll(0, 0)
 3 APPPATH\Models\EmpleadosModel.php(45): CodeIgniter\BaseModel->findAll()
 4 APPPATH\Controllers\Empleados.php(27): App\Models\EmpleadosModel->obtenerEmpleados()
 5 SYSTEMPATH\CodeIgniter.php(934): App\Controllers\Empleados->index()
 6 SYSTEMPATH\CodeIgniter.php(499): CodeIgniter\CodeIgniter->runController(Object(App\Controllers\Empleados))
 7 SYSTEMPATH\CodeIgniter.php(368): CodeIgniter\CodeIgniter->handleRequest(null, Object(Config\Cache), false)
 8 FCPATH\index.php(67): CodeIgniter\CodeIgniter->run()
CRITICAL - 2023-03-16 15:14:02 --> CodeIgniter\Database\BaseResult::getResult(): Argument #1 ($type) must be of type string, null given, called in C:\xamppp\htdocs\taller\system\Model.php on line 242
in SYSTEMPATH\Database\BaseResult.php on line 103.
 1 SYSTEMPATH\Model.php(242): CodeIgniter\Database\BaseResult->getResult(null)
 2 SYSTEMPATH\BaseModel.php(618): CodeIgniter\Model->doFindAll(0, 0)
 3 APPPATH\Models\EmpleadosModel.php(45): CodeIgniter\BaseModel->findAll()
 4 APPPATH\Controllers\Empleados.php(27): App\Models\EmpleadosModel->obtenerEmpleados()
 5 SYSTEMPATH\CodeIgniter.php(934): App\Controllers\Empleados->index()
 6 SYSTEMPATH\CodeIgniter.php(499): CodeIgniter\CodeIgniter->runController(Object(App\Controllers\Empleados))
 7 SYSTEMPATH\CodeIgniter.php(368): CodeIgniter\CodeIgniter->handleRequest(null, Object(Config\Cache), false)
 8 FCPATH\index.php(67): CodeIgniter\CodeIgniter->run()
CRITICAL - 2023-03-16 15:14:06 --> CodeIgniter\Database\BaseResult::getResult(): Argument #1 ($type) must be of type string, null given, called in C:\xamppp\htdocs\taller\system\Model.php on line 242
in SYSTEMPATH\Database\BaseResult.php on line 103.
 1 SYSTEMPATH\Model.php(242): CodeIgniter\Database\BaseResult->getResult(null)
 2 SYSTEMPATH\BaseModel.php(618): CodeIgniter\Model->doFindAll(0, 0)
 3 APPPATH\Models\EmpleadosModel.php(45): CodeIgniter\BaseModel->findAll()
 4 APPPATH\Controllers\Empleados.php(27): App\Models\EmpleadosModel->obtenerEmpleados()
 5 SYSTEMPATH\CodeIgniter.php(934): App\Controllers\Empleados->index()
 6 SYSTEMPATH\CodeIgniter.php(499): CodeIgniter\CodeIgniter->runController(Object(App\Controllers\Empleados))
 7 SYSTEMPATH\CodeIgniter.php(368): CodeIgniter\CodeIgniter->handleRequest(null, Object(Config\Cache), false)
 8 FCPATH\index.php(67): CodeIgniter\CodeIgniter->run()
CRITICAL - 2023-03-16 15:14:13 --> CodeIgniter\Database\BaseResult::getResult(): Argument #1 ($type) must be of type string, null given, called in C:\xamppp\htdocs\taller\system\Model.php on line 242
in SYSTEMPATH\Database\BaseResult.php on line 103.
 1 SYSTEMPATH\Model.php(242): CodeIgniter\Database\BaseResult->getResult(null)
 2 SYSTEMPATH\BaseModel.php(618): CodeIgniter\Model->doFindAll(0, 0)
 3 APPPATH\Models\EmpleadosModel.php(45): CodeIgniter\BaseModel->findAll()
 4 APPPATH\Controllers\Empleados.php(27): App\Models\EmpleadosModel->obtenerEmpleados()
 5 SYSTEMPATH\CodeIgniter.php(934): App\Controllers\Empleados->index()
 6 SYSTEMPATH\CodeIgniter.php(499): CodeIgniter\CodeIgniter->runController(Object(App\Controllers\Empleados))
 7 SYSTEMPATH\CodeIgniter.php(368): CodeIgniter\CodeIgniter->handleRequest(null, Object(Config\Cache), false)
 8 FCPATH\index.php(67): CodeIgniter\CodeIgniter->run()
CRITICAL - 2023-03-16 15:14:24 --> CodeIgniter\Database\BaseResult::getResult(): Argument #1 ($type) must be of type string, null given, called in C:\xamppp\htdocs\taller\system\Model.php on line 242
in SYSTEMPATH\Database\BaseResult.php on line 103.
 1 SYSTEMPATH\Model.php(242): CodeIgniter\Database\BaseResult->getResult(null)
 2 SYSTEMPATH\BaseModel.php(618): CodeIgniter\Model->doFindAll(0, 0)
 3 APPPATH\Models\EmpleadosModel.php(45): CodeIgniter\BaseModel->findAll()
 4 APPPATH\Controllers\Empleados.php(25): App\Models\EmpleadosModel->obtenerEmpleados()
 5 SYSTEMPATH\CodeIgniter.php(934): App\Controllers\Empleados->index()
 6 SYSTEMPATH\CodeIgniter.php(499): CodeIgniter\CodeIgniter->runController(Object(App\Controllers\Empleados))
 7 SYSTEMPATH\CodeIgniter.php(368): CodeIgniter\CodeIgniter->handleRequest(null, Object(Config\Cache), false)
 8 FCPATH\index.php(67): CodeIgniter\CodeIgniter->run()
CRITICAL - 2023-03-16 15:14:30 --> CodeIgniter\Database\BaseResult::getResult(): Argument #1 ($type) must be of type string, null given, called in C:\xamppp\htdocs\taller\system\Model.php on line 242
in SYSTEMPATH\Database\BaseResult.php on line 103.
 1 SYSTEMPATH\Model.php(242): CodeIgniter\Database\BaseResult->getResult(null)
 2 SYSTEMPATH\BaseModel.php(618): CodeIgniter\Model->doFindAll(0, 0)
 3 APPPATH\Models\EmpleadosModel.php(45): CodeIgniter\BaseModel->findAll()
 4 APPPATH\Controllers\Empleados.php(25): App\Models\EmpleadosModel->obtenerEmpleados()
 5 SYSTEMPATH\CodeIgniter.php(934): App\Controllers\Empleados->index()
 6 SYSTEMPATH\CodeIgniter.php(499): CodeIgniter\CodeIgniter->runController(Object(App\Controllers\Empleados))
 7 SYSTEMPATH\CodeIgniter.php(368): CodeIgniter\CodeIgniter->handleRequest(null, Object(Config\Cache), false)
 8 FCPATH\index.php(67): CodeIgniter\CodeIgniter->run()
CRITICAL - 2023-03-16 15:14:40 --> CodeIgniter\Database\BaseResult::getResult(): Argument #1 ($type) must be of type string, null given, called in C:\xamppp\htdocs\taller\system\Model.php on line 242
in SYSTEMPATH\Database\BaseResult.php on line 103.
 1 SYSTEMPATH\Model.php(242): CodeIgniter\Database\BaseResult->getResult(null)
 2 SYSTEMPATH\BaseModel.php(618): CodeIgniter\Model->doFindAll(0, 0)
 3 APPPATH\Models\EmpleadosModel.php(45): CodeIgniter\BaseModel->findAll()
 4 APPPATH\Controllers\Empleados.php(25): App\Models\EmpleadosModel->obtenerEmpleados()
 5 SYSTEMPATH\CodeIgniter.php(934): App\Controllers\Empleados->index()
 6 SYSTEMPATH\CodeIgniter.php(499): CodeIgniter\CodeIgniter->runController(Object(App\Controllers\Empleados))
 7 SYSTEMPATH\CodeIgniter.php(368): CodeIgniter\CodeIgniter->handleRequest(null, Object(Config\Cache), false)
 8 FCPATH\index.php(67): CodeIgniter\CodeIgniter->run()
CRITICAL - 2023-03-16 15:15:22 --> CodeIgniter\Database\BaseResult::getResult(): Argument #1 ($type) must be of type string, null given, called in C:\xamppp\htdocs\taller\system\Model.php on line 242
in SYSTEMPATH\Database\BaseResult.php on line 103.
 1 SYSTEMPATH\Model.php(242): CodeIgniter\Database\BaseResult->getResult(null)
 2 SYSTEMPATH\BaseModel.php(618): CodeIgniter\Model->doFindAll(0, 0)
 3 APPPATH\Models\EmpleadosModel.php(45): CodeIgniter\BaseModel->findAll()
 4 APPPATH\Controllers\Empleados.php(25): App\Models\EmpleadosModel->obtenerEmpleados()
 5 SYSTEMPATH\CodeIgniter.php(934): App\Controllers\Empleados->index()
 6 SYSTEMPATH\CodeIgniter.php(499): CodeIgniter\CodeIgniter->runController(Object(App\Controllers\Empleados))
 7 SYSTEMPATH\CodeIgniter.php(368): CodeIgniter\CodeIgniter->handleRequest(null, Object(Config\Cache), false)
 8 FCPATH\index.php(67): CodeIgniter\CodeIgniter->run()
CRITICAL - 2023-03-16 15:15:48 --> CodeIgniter\Database\BaseResult::getResult(): Argument #1 ($type) must be of type string, null given, called in C:\xamppp\htdocs\taller\system\Model.php on line 242
in SYSTEMPATH\Database\BaseResult.php on line 103.
 1 SYSTEMPATH\Model.php(242): CodeIgniter\Database\BaseResult->getResult(null)
 2 SYSTEMPATH\BaseModel.php(618): CodeIgniter\Model->doFindAll(0, 0)
 3 APPPATH\Models\EmpleadosModel.php(45): CodeIgniter\BaseModel->findAll()
 4 APPPATH\Controllers\Empleados.php(25): App\Models\EmpleadosModel->obtenerEmpleados()
 5 SYSTEMPATH\CodeIgniter.php(934): App\Controllers\Empleados->index()
 6 SYSTEMPATH\CodeIgniter.php(499): CodeIgniter\CodeIgniter->runController(Object(App\Controllers\Empleados))
 7 SYSTEMPATH\CodeIgniter.php(368): CodeIgniter\CodeIgniter->handleRequest(null, Object(Config\Cache), false)
 8 FCPATH\index.php(67): CodeIgniter\CodeIgniter->run()
CRITICAL - 2023-03-16 15:16:08 --> CodeIgniter\Database\BaseResult::getResult(): Argument #1 ($type) must be of type string, null given, called in C:\xamppp\htdocs\taller\system\Model.php on line 242
in SYSTEMPATH\Database\BaseResult.php on line 103.
 1 SYSTEMPATH\Model.php(242): CodeIgniter\Database\BaseResult->getResult(null)
 2 SYSTEMPATH\BaseModel.php(618): CodeIgniter\Model->doFindAll(0, 0)
 3 APPPATH\Models\EmpleadosModel.php(45): CodeIgniter\BaseModel->findAll()
 4 APPPATH\Controllers\Empleados.php(24): App\Models\EmpleadosModel->obtenerEmpleados()
 5 SYSTEMPATH\CodeIgniter.php(934): App\Controllers\Empleados->index()
 6 SYSTEMPATH\CodeIgniter.php(499): CodeIgniter\CodeIgniter->runController(Object(App\Controllers\Empleados))
 7 SYSTEMPATH\CodeIgniter.php(368): CodeIgniter\CodeIgniter->handleRequest(null, Object(Config\Cache), false)
 8 FCPATH\index.php(67): CodeIgniter\CodeIgniter->run()
CRITICAL - 2023-03-16 15:16:09 --> CodeIgniter\Database\BaseResult::getResult(): Argument #1 ($type) must be of type string, null given, called in C:\xamppp\htdocs\taller\system\Model.php on line 242
in SYSTEMPATH\Database\BaseResult.php on line 103.
 1 SYSTEMPATH\Model.php(242): CodeIgniter\Database\BaseResult->getResult(null)
 2 SYSTEMPATH\BaseModel.php(618): CodeIgniter\Model->doFindAll(0, 0)
 3 APPPATH\Models\EmpleadosModel.php(45): CodeIgniter\BaseModel->findAll()
 4 APPPATH\Controllers\Empleados.php(24): App\Models\EmpleadosModel->obtenerEmpleados()
 5 SYSTEMPATH\CodeIgniter.php(934): App\Controllers\Empleados->index()
 6 SYSTEMPATH\CodeIgniter.php(499): CodeIgniter\CodeIgniter->runController(Object(App\Controllers\Empleados))
 7 SYSTEMPATH\CodeIgniter.php(368): CodeIgniter\CodeIgniter->handleRequest(null, Object(Config\Cache), false)
 8 FCPATH\index.php(67): CodeIgniter\CodeIgniter->run()
CRITICAL - 2023-03-16 15:16:09 --> CodeIgniter\Database\BaseResult::getResult(): Argument #1 ($type) must be of type string, null given, called in C:\xamppp\htdocs\taller\system\Model.php on line 242
in SYSTEMPATH\Database\BaseResult.php on line 103.
 1 SYSTEMPATH\Model.php(242): CodeIgniter\Database\BaseResult->getResult(null)
 2 SYSTEMPATH\BaseModel.php(618): CodeIgniter\Model->doFindAll(0, 0)
 3 APPPATH\Models\EmpleadosModel.php(45): CodeIgniter\BaseModel->findAll()
 4 APPPATH\Controllers\Empleados.php(24): App\Models\EmpleadosModel->obtenerEmpleados()
 5 SYSTEMPATH\CodeIgniter.php(934): App\Controllers\Empleados->index()
 6 SYSTEMPATH\CodeIgniter.php(499): CodeIgniter\CodeIgniter->runController(Object(App\Controllers\Empleados))
 7 SYSTEMPATH\CodeIgniter.php(368): CodeIgniter\CodeIgniter->handleRequest(null, Object(Config\Cache), false)
 8 FCPATH\index.php(67): CodeIgniter\CodeIgniter->run()
CRITICAL - 2023-03-16 15:16:17 --> CodeIgniter\Database\BaseResult::getResult(): Argument #1 ($type) must be of type string, null given, called in C:\xamppp\htdocs\taller\system\Model.php on line 242
in SYSTEMPATH\Database\BaseResult.php on line 103.
 1 SYSTEMPATH\Model.php(242): CodeIgniter\Database\BaseResult->getResult(null)
 2 SYSTEMPATH\BaseModel.php(618): CodeIgniter\Model->doFindAll(0, 0)
 3 APPPATH\Models\EmpleadosModel.php(45): CodeIgniter\BaseModel->findAll()
 4 APPPATH\Controllers\Empleados.php(24): App\Models\EmpleadosModel->obtenerEmpleados()
 5 SYSTEMPATH\CodeIgniter.php(934): App\Controllers\Empleados->index()
 6 SYSTEMPATH\CodeIgniter.php(499): CodeIgniter\CodeIgniter->runController(Object(App\Controllers\Empleados))
 7 SYSTEMPATH\CodeIgniter.php(368): CodeIgniter\CodeIgniter->handleRequest(null, Object(Config\Cache), false)
 8 FCPATH\index.php(67): CodeIgniter\CodeIgniter->run()
CRITICAL - 2023-03-16 15:16:18 --> CodeIgniter\Database\BaseResult::getResult(): Argument #1 ($type) must be of type string, null given, called in C:\xamppp\htdocs\taller\system\Model.php on line 242
in SYSTEMPATH\Database\BaseResult.php on line 103.
 1 SYSTEMPATH\Model.php(242): CodeIgniter\Database\BaseResult->getResult(null)
 2 SYSTEMPATH\BaseModel.php(618): CodeIgniter\Model->doFindAll(0, 0)
 3 APPPATH\Models\EmpleadosModel.php(45): CodeIgniter\BaseModel->findAll()
 4 APPPATH\Controllers\Empleados.php(24): App\Models\EmpleadosModel->obtenerEmpleados()
 5 SYSTEMPATH\CodeIgniter.php(934): App\Controllers\Empleados->index()
 6 SYSTEMPATH\CodeIgniter.php(499): CodeIgniter\CodeIgniter->runController(Object(App\Controllers\Empleados))
 7 SYSTEMPATH\CodeIgniter.php(368): CodeIgniter\CodeIgniter->handleRequest(null, Object(Config\Cache), false)
 8 FCPATH\index.php(67): CodeIgniter\CodeIgniter->run()
CRITICAL - 2023-03-16 15:16:18 --> CodeIgniter\Database\BaseResult::getResult(): Argument #1 ($type) must be of type string, null given, called in C:\xamppp\htdocs\taller\system\Model.php on line 242
in SYSTEMPATH\Database\BaseResult.php on line 103.
 1 SYSTEMPATH\Model.php(242): CodeIgniter\Database\BaseResult->getResult(null)
 2 SYSTEMPATH\BaseModel.php(618): CodeIgniter\Model->doFindAll(0, 0)
 3 APPPATH\Models\EmpleadosModel.php(45): CodeIgniter\BaseModel->findAll()
 4 APPPATH\Controllers\Empleados.php(24): App\Models\EmpleadosModel->obtenerEmpleados()
 5 SYSTEMPATH\CodeIgniter.php(934): App\Controllers\Empleados->index()
 6 SYSTEMPATH\CodeIgniter.php(499): CodeIgniter\CodeIgniter->runController(Object(App\Controllers\Empleados))
 7 SYSTEMPATH\CodeIgniter.php(368): CodeIgniter\CodeIgniter->handleRequest(null, Object(Config\Cache), false)
 8 FCPATH\index.php(67): CodeIgniter\CodeIgniter->run()
CRITICAL - 2023-03-16 15:18:01 --> Call to a member function insertarSalario() on null
in APPPATH\Controllers\Empleados.php on line 63.
 1 SYSTEMPATH\CodeIgniter.php(934): App\Controllers\Empleados->insertar()
 2 SYSTEMPATH\CodeIgniter.php(499): CodeIgniter\CodeIgniter->runController(Object(App\Controllers\Empleados))
 3 SYSTEMPATH\CodeIgniter.php(368): CodeIgniter\CodeIgniter->handleRequest(null, Object(Config\Cache), false)
 4 FCPATH\index.php(67): CodeIgniter\CodeIgniter->run()
