CRITICAL - 2023-03-28 03:55:19 --> Too few arguments to function App\Controllers\Paises::filtroNombre(), 0 passed in C:\xampp\htdocs\taller\system\CodeIgniter.php on line 934 and exactly 1 expected
in APPPATH\Controllers\Paises.php on line 91.
 1 SYSTEMPATH\CodeIgniter.php(934): App\Controllers\Paises->filtroNombre()
 2 SYSTEMPATH\CodeIgniter.php(499): CodeIgniter\CodeIgniter->runController(Object(App\Controllers\Paises))
 3 SYSTEMPATH\CodeIgniter.php(368): CodeIgniter\CodeIgniter->handleRequest(null, Object(Config\Cache), false)
 4 FCPATH\index.php(67): CodeIgniter\CodeIgniter->run()
CRITICAL - 2023-03-28 03:55:24 --> Too few arguments to function App\Controllers\Paises::filtroNombre(), 0 passed in C:\xampp\htdocs\taller\system\CodeIgniter.php on line 934 and exactly 1 expected
in APPPATH\Controllers\Paises.php on line 91.
 1 SYSTEMPATH\CodeIgniter.php(934): App\Controllers\Paises->filtroNombre()
 2 SYSTEMPATH\CodeIgniter.php(499): CodeIgniter\CodeIgniter->runController(Object(App\Controllers\Paises))
 3 SYSTEMPATH\CodeIgniter.php(368): CodeIgniter\CodeIgniter->handleRequest(null, Object(Config\Cache), false)
 4 FCPATH\index.php(67): CodeIgniter\CodeIgniter->run()
CRITICAL - 2023-03-28 04:11:06 --> Too few arguments to function App\Controllers\Paises::filtroNombre(), 0 passed in C:\xampp\htdocs\taller\system\CodeIgniter.php on line 934 and exactly 1 expected
in APPPATH\Controllers\Paises.php on line 91.
 1 SYSTEMPATH\CodeIgniter.php(934): App\Controllers\Paises->filtroNombre()
 2 SYSTEMPATH\CodeIgniter.php(499): CodeIgniter\CodeIgniter->runController(Object(App\Controllers\Paises))
 3 SYSTEMPATH\CodeIgniter.php(368): CodeIgniter\CodeIgniter->handleRequest(null, Object(Config\Cache), false)
 4 FCPATH\index.php(67): CodeIgniter\CodeIgniter->run()
CRITICAL - 2023-03-28 04:13:12 --> Too few arguments to function App\Controllers\Paises::filtroNombre(), 0 passed in C:\xampp\htdocs\taller\system\CodeIgniter.php on line 934 and exactly 1 expected
in APPPATH\Controllers\Paises.php on line 91.
 1 SYSTEMPATH\CodeIgniter.php(934): App\Controllers\Paises->filtroNombre()
 2 SYSTEMPATH\CodeIgniter.php(499): CodeIgniter\CodeIgniter->runController(Object(App\Controllers\Paises))
 3 SYSTEMPATH\CodeIgniter.php(368): CodeIgniter\CodeIgniter->handleRequest(null, Object(Config\Cache), false)
 4 FCPATH\index.php(67): CodeIgniter\CodeIgniter->run()
CRITICAL - 2023-03-28 04:13:14 --> Too few arguments to function App\Controllers\Paises::filtroNombre(), 0 passed in C:\xampp\htdocs\taller\system\CodeIgniter.php on line 934 and exactly 1 expected
in APPPATH\Controllers\Paises.php on line 91.
 1 SYSTEMPATH\CodeIgniter.php(934): App\Controllers\Paises->filtroNombre()
 2 SYSTEMPATH\CodeIgniter.php(499): CodeIgniter\CodeIgniter->runController(Object(App\Controllers\Paises))
 3 SYSTEMPATH\CodeIgniter.php(368): CodeIgniter\CodeIgniter->handleRequest(null, Object(Config\Cache), false)
 4 FCPATH\index.php(67): CodeIgniter\CodeIgniter->run()
CRITICAL - 2023-03-28 04:22:33 --> Undefined variable $res
in APPPATH\Views\paises\paises.php on line 164.
 1 APPPATH\Views\paises\paises.php(164): CodeIgniter\Debug\Exceptions->errorHandler(2, 'Undefined variable $res', 'APPPATH\\Views\\paises\\paises.php', 164)
 2 SYSTEMPATH\View\View.php(213): include('APPPATH\\Views\\paises\\paises.php')
 3 SYSTEMPATH\View\View.php(216): CodeIgniter\View\View->CodeIgniter\View\{closure}()
 4 SYSTEMPATH\Common.php(1184): CodeIgniter\View\View->render('/paises/paises', [], true)
 5 APPPATH\Controllers\Paises.php(22): view('/paises/paises', [...])
 6 SYSTEMPATH\CodeIgniter.php(934): App\Controllers\Paises->index()
 7 SYSTEMPATH\CodeIgniter.php(499): CodeIgniter\CodeIgniter->runController(Object(App\Controllers\Paises))
 8 SYSTEMPATH\CodeIgniter.php(368): CodeIgniter\CodeIgniter->handleRequest(null, Object(Config\Cache), false)
 9 FCPATH\index.php(67): CodeIgniter\CodeIgniter->run()
