CRITICAL - 2023-03-26 01:37:02 --> Too few arguments to function App\Controllers\Salarios::index(), 0 passed in C:\xampp\htdocs\taller\system\CodeIgniter.php on line 934 and exactly 1 expected
in APPPATH\Controllers\Salarios.php on line 17.
 1 SYSTEMPATH\CodeIgniter.php(934): App\Controllers\Salarios->index()
 2 SYSTEMPATH\CodeIgniter.php(499): CodeIgniter\CodeIgniter->runController(Object(App\Controllers\Salarios))
 3 SYSTEMPATH\CodeIgniter.php(368): CodeIgniter\CodeIgniter->handleRequest(null, Object(Config\Cache), false)
 4 FCPATH\index.php(67): CodeIgniter\CodeIgniter->run()
CRITICAL - 2023-03-26 14:08:00 --> Undefined variable $salarios
in APPPATH\Views\salarios\salarios.php on line 24.
 1 APPPATH\Views\salarios\salarios.php(24): CodeIgniter\Debug\Exceptions->errorHandler(2, 'Undefined variable $salarios', 'APPPATH\\Views\\salarios\\salarios.php', 24)
 2 SYSTEMPATH\View\View.php(213): include('APPPATH\\Views\\salarios\\salarios.php')
 3 SYSTEMPATH\View\View.php(216): CodeIgniter\View\View->CodeIgniter\View\{closure}()
 4 SYSTEMPATH\Common.php(1184): CodeIgniter\View\View->render('/salarios/salarios', [], true)
 5 APPPATH\Controllers\Salarios.php(25): view('/salarios/salarios')
 6 SYSTEMPATH\CodeIgniter.php(934): App\Controllers\Salarios->index('1', '1')
 7 SYSTEMPATH\CodeIgniter.php(499): CodeIgniter\CodeIgniter->runController(Object(App\Controllers\Salarios))
 8 SYSTEMPATH\CodeIgniter.php(368): CodeIgniter\CodeIgniter->handleRequest(null, Object(Config\Cache), false)
 9 FCPATH\index.php(67): CodeIgniter\CodeIgniter->run()
CRITICAL - 2023-03-26 14:09:45 --> Undefined variable $salarios
in APPPATH\Views\salarios\salarios.php on line 24.
 1 APPPATH\Views\salarios\salarios.php(24): CodeIgniter\Debug\Exceptions->errorHandler(2, 'Undefined variable $salarios', 'APPPATH\\Views\\salarios\\salarios.php', 24)
 2 SYSTEMPATH\View\View.php(213): include('APPPATH\\Views\\salarios\\salarios.php')
 3 SYSTEMPATH\View\View.php(216): CodeIgniter\View\View->CodeIgniter\View\{closure}()
 4 SYSTEMPATH\Common.php(1184): CodeIgniter\View\View->render('/salarios/salarios', [], true)
 5 APPPATH\Controllers\Salarios.php(25): view('/salarios/salarios')
 6 SYSTEMPATH\CodeIgniter.php(934): App\Controllers\Salarios->index('1', '1')
 7 SYSTEMPATH\CodeIgniter.php(499): CodeIgniter\CodeIgniter->runController(Object(App\Controllers\Salarios))
 8 SYSTEMPATH\CodeIgniter.php(368): CodeIgniter\CodeIgniter->handleRequest(null, Object(Config\Cache), false)
 9 FCPATH\index.php(67): CodeIgniter\CodeIgniter->run()
CRITICAL - 2023-03-26 14:09:48 --> Undefined variable $salarios
in APPPATH\Views\salarios\salarios.php on line 24.
 1 APPPATH\Views\salarios\salarios.php(24): CodeIgniter\Debug\Exceptions->errorHandler(2, 'Undefined variable $salarios', 'APPPATH\\Views\\salarios\\salarios.php', 24)
 2 SYSTEMPATH\View\View.php(213): include('APPPATH\\Views\\salarios\\salarios.php')
 3 SYSTEMPATH\View\View.php(216): CodeIgniter\View\View->CodeIgniter\View\{closure}()
 4 SYSTEMPATH\Common.php(1184): CodeIgniter\View\View->render('/salarios/salarios', [], true)
 5 APPPATH\Controllers\Salarios.php(25): view('/salarios/salarios')
 6 SYSTEMPATH\CodeIgniter.php(934): App\Controllers\Salarios->index('1', '1')
 7 SYSTEMPATH\CodeIgniter.php(499): CodeIgniter\CodeIgniter->runController(Object(App\Controllers\Salarios))
 8 SYSTEMPATH\CodeIgniter.php(368): CodeIgniter\CodeIgniter->handleRequest(null, Object(Config\Cache), false)
 9 FCPATH\index.php(67): CodeIgniter\CodeIgniter->run()
CRITICAL - 2023-03-26 14:34:11 --> Undefined array key "periodo"
in APPPATH\Views\salarios\salarios.php on line 27.
 1 APPPATH\Views\salarios\salarios.php(27): CodeIgniter\Debug\Exceptions->errorHandler(2, 'Undefined array key "periodo"', 'APPPATH\\Views\\salarios\\salarios.php', 27)
 2 SYSTEMPATH\View\View.php(213): include('APPPATH\\Views\\salarios\\salarios.php')
 3 SYSTEMPATH\View\View.php(216): CodeIgniter\View\View->CodeIgniter\View\{closure}()
 4 SYSTEMPATH\Common.php(1184): CodeIgniter\View\View->render('/salarios/salarios', [], true)
 5 APPPATH\Controllers\Salarios.php(25): view('/salarios/salarios')
 6 SYSTEMPATH\CodeIgniter.php(934): App\Controllers\Salarios->index('1', '1')
 7 SYSTEMPATH\CodeIgniter.php(499): CodeIgniter\CodeIgniter->runController(Object(App\Controllers\Salarios))
 8 SYSTEMPATH\CodeIgniter.php(368): CodeIgniter\CodeIgniter->handleRequest(null, Object(Config\Cache), false)
 9 FCPATH\index.php(67): CodeIgniter\CodeIgniter->run()
CRITICAL - 2023-03-26 14:34:33 --> Undefined array key "periodo"
in APPPATH\Views\salarios\salarios.php on line 27.
 1 APPPATH\Views\salarios\salarios.php(27): CodeIgniter\Debug\Exceptions->errorHandler(2, 'Undefined array key "periodo"', 'APPPATH\\Views\\salarios\\salarios.php', 27)
 2 SYSTEMPATH\View\View.php(213): include('APPPATH\\Views\\salarios\\salarios.php')
 3 SYSTEMPATH\View\View.php(216): CodeIgniter\View\View->CodeIgniter\View\{closure}()
 4 SYSTEMPATH\Common.php(1184): CodeIgniter\View\View->render('/salarios/salarios', [], true)
 5 APPPATH\Controllers\Salarios.php(25): view('/salarios/salarios')
 6 SYSTEMPATH\CodeIgniter.php(934): App\Controllers\Salarios->index('3', '4')
 7 SYSTEMPATH\CodeIgniter.php(499): CodeIgniter\CodeIgniter->runController(Object(App\Controllers\Salarios))
 8 SYSTEMPATH\CodeIgniter.php(368): CodeIgniter\CodeIgniter->handleRequest(null, Object(Config\Cache), false)
 9 FCPATH\index.php(67): CodeIgniter\CodeIgniter->run()
CRITICAL - 2023-03-26 14:35:28 --> Array to string conversion
in APPPATH\Controllers\Salarios.php on line 21.
 1 APPPATH\Controllers\Salarios.php(21): CodeIgniter\Debug\Exceptions->errorHandler(2, 'Array to string conversion', 'APPPATH\\Controllers\\Salarios.php', 21)
 2 SYSTEMPATH\CodeIgniter.php(934): App\Controllers\Salarios->index('3', '4')
 3 SYSTEMPATH\CodeIgniter.php(499): CodeIgniter\CodeIgniter->runController(Object(App\Controllers\Salarios))
 4 SYSTEMPATH\CodeIgniter.php(368): CodeIgniter\CodeIgniter->handleRequest(null, Object(Config\Cache), false)
 5 FCPATH\index.php(67): CodeIgniter\CodeIgniter->run()
CRITICAL - 2023-03-26 14:35:46 --> Undefined array key "periodo"
in APPPATH\Views\salarios\salarios.php on line 27.
 1 APPPATH\Views\salarios\salarios.php(27): CodeIgniter\Debug\Exceptions->errorHandler(2, 'Undefined array key "periodo"', 'APPPATH\\Views\\salarios\\salarios.php', 27)
 2 SYSTEMPATH\View\View.php(213): include('APPPATH\\Views\\salarios\\salarios.php')
 3 SYSTEMPATH\View\View.php(216): CodeIgniter\View\View->CodeIgniter\View\{closure}()
 4 SYSTEMPATH\Common.php(1184): CodeIgniter\View\View->render('/salarios/salarios', [], true)
 5 APPPATH\Controllers\Salarios.php(26): view('/salarios/salarios')
 6 SYSTEMPATH\CodeIgniter.php(934): App\Controllers\Salarios->index('3', '4')
 7 SYSTEMPATH\CodeIgniter.php(499): CodeIgniter\CodeIgniter->runController(Object(App\Controllers\Salarios))
 8 SYSTEMPATH\CodeIgniter.php(368): CodeIgniter\CodeIgniter->handleRequest(null, Object(Config\Cache), false)
 9 FCPATH\index.php(67): CodeIgniter\CodeIgniter->run()
CRITICAL - 2023-03-26 14:35:52 --> Undefined array key "periodo"
in APPPATH\Views\salarios\salarios.php on line 27.
 1 APPPATH\Views\salarios\salarios.php(27): CodeIgniter\Debug\Exceptions->errorHandler(2, 'Undefined array key "periodo"', 'APPPATH\\Views\\salarios\\salarios.php', 27)
 2 SYSTEMPATH\View\View.php(213): include('APPPATH\\Views\\salarios\\salarios.php')
 3 SYSTEMPATH\View\View.php(216): CodeIgniter\View\View->CodeIgniter\View\{closure}()
 4 SYSTEMPATH\Common.php(1184): CodeIgniter\View\View->render('/salarios/salarios', [], true)
 5 APPPATH\Controllers\Salarios.php(26): view('/salarios/salarios')
 6 SYSTEMPATH\CodeIgniter.php(934): App\Controllers\Salarios->index('1', '1')
 7 SYSTEMPATH\CodeIgniter.php(499): CodeIgniter\CodeIgniter->runController(Object(App\Controllers\Salarios))
 8 SYSTEMPATH\CodeIgniter.php(368): CodeIgniter\CodeIgniter->handleRequest(null, Object(Config\Cache), false)
 9 FCPATH\index.php(67): CodeIgniter\CodeIgniter->run()
CRITICAL - 2023-03-26 14:56:14 --> Array to string conversion
in APPPATH\Models\SalariosModel.php on line 69.
 1 APPPATH\Models\SalariosModel.php(69): CodeIgniter\Debug\Exceptions->errorHandler(2, 'Array to string conversion', 'APPPATH\\Models\\SalariosModel.php', 69)
 2 APPPATH\Controllers\Salarios.php(30): App\Models\SalariosModel->buscarSalario('5', '6')
 3 SYSTEMPATH\CodeIgniter.php(934): App\Controllers\Salarios->buscarSalario('5', '6')
 4 SYSTEMPATH\CodeIgniter.php(499): CodeIgniter\CodeIgniter->runController(Object(App\Controllers\Salarios))
 5 SYSTEMPATH\CodeIgniter.php(368): CodeIgniter\CodeIgniter->handleRequest(null, Object(Config\Cache), false)
 6 FCPATH\index.php(67): CodeIgniter\CodeIgniter->run()
CRITICAL - 2023-03-26 14:56:29 --> Undefined array key 0
in APPPATH\Models\SalariosModel.php on line 69.
 1 APPPATH\Models\SalariosModel.php(69): CodeIgniter\Debug\Exceptions->errorHandler(2, 'Undefined array key 0', 'APPPATH\\Models\\SalariosModel.php', 69)
 2 APPPATH\Controllers\Salarios.php(30): App\Models\SalariosModel->buscarSalario('5', '6')
 3 SYSTEMPATH\CodeIgniter.php(934): App\Controllers\Salarios->buscarSalario('5', '6')
 4 SYSTEMPATH\CodeIgniter.php(499): CodeIgniter\CodeIgniter->runController(Object(App\Controllers\Salarios))
 5 SYSTEMPATH\CodeIgniter.php(368): CodeIgniter\CodeIgniter->handleRequest(null, Object(Config\Cache), false)
 6 FCPATH\index.php(67): CodeIgniter\CodeIgniter->run()
