CRITICAL - 2023-03-27 16:38:03 --> Undefined array key "idEmpleado"
in APPPATH\Models\SalariosModel.php on line 67.
 1 APPPATH\Models\SalariosModel.php(67): CodeIgniter\Debug\Exceptions->errorHandler(2, 'Undefined array key "idEmpleado"', 'APPPATH\\Models\\SalariosModel.php', 67)
 2 APPPATH\Controllers\Empleados.php(91): App\Models\SalariosModel->actualizarSalario([...])
 3 SYSTEMPATH\CodeIgniter.php(934): App\Controllers\Empleados->insertar()
 4 SYSTEMPATH\CodeIgniter.php(499): CodeIgniter\CodeIgniter->runController(Object(App\Controllers\Empleados))
 5 SYSTEMPATH\CodeIgniter.php(368): CodeIgniter\CodeIgniter->handleRequest(null, Object(Config\Cache), false)
 6 FCPATH\index.php(67): CodeIgniter\CodeIgniter->run()
CRITICAL - 2023-03-27 16:47:50 --> Too few arguments to function App\Controllers\Municipios::obtenerMunicipiosDpto(), 0 passed in C:\xamppp\htdocs\taller\system\CodeIgniter.php on line 934 and exactly 1 expected
in APPPATH\Controllers\Municipios.php on line 39.
 1 SYSTEMPATH\CodeIgniter.php(934): App\Controllers\Municipios->obtenerMunicipiosDpto()
 2 SYSTEMPATH\CodeIgniter.php(499): CodeIgniter\CodeIgniter->runController(Object(App\Controllers\Municipios))
 3 SYSTEMPATH\CodeIgniter.php(368): CodeIgniter\CodeIgniter->handleRequest(null, Object(Config\Cache), false)
 4 FCPATH\index.php(67): CodeIgniter\CodeIgniter->run()
CRITICAL - 2023-03-27 16:50:53 --> Undefined array key "salario"
in APPPATH\Views\empleados\empleadosEliminados.php on line 55.
 1 APPPATH\Views\empleados\empleadosEliminados.php(55): CodeIgniter\Debug\Exceptions->errorHandler(2, 'Undefined array key "salario"', 'APPPATH\\Views\\empleados\\empleadosEliminados.php', 55)
 2 SYSTEMPATH\View\View.php(213): include('APPPATH\\Views\\empleados\\empleadosEliminados.php')
 3 SYSTEMPATH\View\View.php(216): CodeIgniter\View\View->CodeIgniter\View\{closure}()
 4 SYSTEMPATH\Common.php(1184): CodeIgniter\View\View->render('/empleados/empleadosEliminados', [], true)
 5 APPPATH\Controllers\Empleados.php(112): view('/empleados/empleadosEliminados', [...])
 6 SYSTEMPATH\CodeIgniter.php(934): App\Controllers\Empleados->eliminados()
 7 SYSTEMPATH\CodeIgniter.php(499): CodeIgniter\CodeIgniter->runController(Object(App\Controllers\Empleados))
 8 SYSTEMPATH\CodeIgniter.php(368): CodeIgniter\CodeIgniter->handleRequest(null, Object(Config\Cache), false)
 9 FCPATH\index.php(67): CodeIgniter\CodeIgniter->run()
CRITICAL - 2023-03-27 16:51:24 --> Undefined array key "salario"
in APPPATH\Views\empleados\empleadosEliminados.php on line 55.
 1 APPPATH\Views\empleados\empleadosEliminados.php(55): CodeIgniter\Debug\Exceptions->errorHandler(2, 'Undefined array key "salario"', 'APPPATH\\Views\\empleados\\empleadosEliminados.php', 55)
 2 SYSTEMPATH\View\View.php(213): include('APPPATH\\Views\\empleados\\empleadosEliminados.php')
 3 SYSTEMPATH\View\View.php(216): CodeIgniter\View\View->CodeIgniter\View\{closure}()
 4 SYSTEMPATH\Common.php(1184): CodeIgniter\View\View->render('/empleados/empleadosEliminados', [], true)
 5 APPPATH\Controllers\Empleados.php(112): view('/empleados/empleadosEliminados', [...])
 6 SYSTEMPATH\CodeIgniter.php(934): App\Controllers\Empleados->eliminados()
 7 SYSTEMPATH\CodeIgniter.php(499): CodeIgniter\CodeIgniter->runController(Object(App\Controllers\Empleados))
 8 SYSTEMPATH\CodeIgniter.php(368): CodeIgniter\CodeIgniter->handleRequest(null, Object(Config\Cache), false)
 9 FCPATH\index.php(67): CodeIgniter\CodeIgniter->run()
CRITICAL - 2023-03-27 16:52:43 --> Undefined array key "idSalario"
in APPPATH\Views\empleados\empleadosEliminados.php on line 55.
 1 APPPATH\Views\empleados\empleadosEliminados.php(55): CodeIgniter\Debug\Exceptions->errorHandler(2, 'Undefined array key "idSalario"', 'APPPATH\\Views\\empleados\\empleadosEliminados.php', 55)
 2 SYSTEMPATH\View\View.php(213): include('APPPATH\\Views\\empleados\\empleadosEliminados.php')
 3 SYSTEMPATH\View\View.php(216): CodeIgniter\View\View->CodeIgniter\View\{closure}()
 4 SYSTEMPATH\Common.php(1184): CodeIgniter\View\View->render('/empleados/empleadosEliminados', [], true)
 5 APPPATH\Controllers\Empleados.php(112): view('/empleados/empleadosEliminados', [...])
 6 SYSTEMPATH\CodeIgniter.php(934): App\Controllers\Empleados->eliminados()
 7 SYSTEMPATH\CodeIgniter.php(499): CodeIgniter\CodeIgniter->runController(Object(App\Controllers\Empleados))
 8 SYSTEMPATH\CodeIgniter.php(368): CodeIgniter\CodeIgniter->handleRequest(null, Object(Config\Cache), false)
 9 FCPATH\index.php(67): CodeIgniter\CodeIgniter->run()
CRITICAL - 2023-03-27 16:52:44 --> Undefined array key "idSalario"
in APPPATH\Views\empleados\empleadosEliminados.php on line 55.
 1 APPPATH\Views\empleados\empleadosEliminados.php(55): CodeIgniter\Debug\Exceptions->errorHandler(2, 'Undefined array key "idSalario"', 'APPPATH\\Views\\empleados\\empleadosEliminados.php', 55)
 2 SYSTEMPATH\View\View.php(213): include('APPPATH\\Views\\empleados\\empleadosEliminados.php')
 3 SYSTEMPATH\View\View.php(216): CodeIgniter\View\View->CodeIgniter\View\{closure}()
 4 SYSTEMPATH\Common.php(1184): CodeIgniter\View\View->render('/empleados/empleadosEliminados', [], true)
 5 APPPATH\Controllers\Empleados.php(112): view('/empleados/empleadosEliminados', [...])
 6 SYSTEMPATH\CodeIgniter.php(934): App\Controllers\Empleados->eliminados()
 7 SYSTEMPATH\CodeIgniter.php(499): CodeIgniter\CodeIgniter->runController(Object(App\Controllers\Empleados))
 8 SYSTEMPATH\CodeIgniter.php(368): CodeIgniter\CodeIgniter->handleRequest(null, Object(Config\Cache), false)
 9 FCPATH\index.php(67): CodeIgniter\CodeIgniter->run()
CRITICAL - 2023-03-27 16:52:44 --> Undefined array key "idSalario"
in APPPATH\Views\empleados\empleadosEliminados.php on line 55.
 1 APPPATH\Views\empleados\empleadosEliminados.php(55): CodeIgniter\Debug\Exceptions->errorHandler(2, 'Undefined array key "idSalario"', 'APPPATH\\Views\\empleados\\empleadosEliminados.php', 55)
 2 SYSTEMPATH\View\View.php(213): include('APPPATH\\Views\\empleados\\empleadosEliminados.php')
 3 SYSTEMPATH\View\View.php(216): CodeIgniter\View\View->CodeIgniter\View\{closure}()
 4 SYSTEMPATH\Common.php(1184): CodeIgniter\View\View->render('/empleados/empleadosEliminados', [], true)
 5 APPPATH\Controllers\Empleados.php(112): view('/empleados/empleadosEliminados', [...])
 6 SYSTEMPATH\CodeIgniter.php(934): App\Controllers\Empleados->eliminados()
 7 SYSTEMPATH\CodeIgniter.php(499): CodeIgniter\CodeIgniter->runController(Object(App\Controllers\Empleados))
 8 SYSTEMPATH\CodeIgniter.php(368): CodeIgniter\CodeIgniter->handleRequest(null, Object(Config\Cache), false)
 9 FCPATH\index.php(67): CodeIgniter\CodeIgniter->run()
CRITICAL - 2023-03-27 16:54:48 --> Undefined array key "idEmpleado"
in APPPATH\Models\SalariosModel.php on line 67.
 1 APPPATH\Models\SalariosModel.php(67): CodeIgniter\Debug\Exceptions->errorHandler(2, 'Undefined array key "idEmpleado"', 'APPPATH\\Models\\SalariosModel.php', 67)
 2 APPPATH\Controllers\Empleados.php(91): App\Models\SalariosModel->actualizarSalario([...])
 3 SYSTEMPATH\CodeIgniter.php(934): App\Controllers\Empleados->insertar()
 4 SYSTEMPATH\CodeIgniter.php(499): CodeIgniter\CodeIgniter->runController(Object(App\Controllers\Empleados))
 5 SYSTEMPATH\CodeIgniter.php(368): CodeIgniter\CodeIgniter->handleRequest(null, Object(Config\Cache), false)
 6 FCPATH\index.php(67): CodeIgniter\CodeIgniter->run()
CRITICAL - 2023-03-27 16:57:26 --> Too few arguments to function App\Controllers\Municipios::obtenerMunicipiosDpto(), 0 passed in C:\xamppp\htdocs\taller\system\CodeIgniter.php on line 934 and exactly 1 expected
in APPPATH\Controllers\Municipios.php on line 39.
 1 SYSTEMPATH\CodeIgniter.php(934): App\Controllers\Municipios->obtenerMunicipiosDpto()
 2 SYSTEMPATH\CodeIgniter.php(499): CodeIgniter\CodeIgniter->runController(Object(App\Controllers\Municipios))
 3 SYSTEMPATH\CodeIgniter.php(368): CodeIgniter\CodeIgniter->handleRequest(null, Object(Config\Cache), false)
 4 FCPATH\index.php(67): CodeIgniter\CodeIgniter->run()
CRITICAL - 2023-03-27 22:22:21 --> Too few arguments to function App\Controllers\Cargos::buscarCargo(), 1 passed in C:\xampp\htdocs\taller\system\CodeIgniter.php on line 934 and exactly 2 expected
in APPPATH\Controllers\Cargos.php on line 54.
 1 SYSTEMPATH\CodeIgniter.php(934): App\Controllers\Cargos->buscarCargo('1')
 2 SYSTEMPATH\CodeIgniter.php(499): CodeIgniter\CodeIgniter->runController(Object(App\Controllers\Cargos))
 3 SYSTEMPATH\CodeIgniter.php(368): CodeIgniter\CodeIgniter->handleRequest(null, Object(Config\Cache), false)
 4 FCPATH\index.php(67): CodeIgniter\CodeIgniter->run()
CRITICAL - 2023-03-27 22:22:28 --> Too few arguments to function App\Controllers\Cargos::buscarCargo(), 1 passed in C:\xampp\htdocs\taller\system\CodeIgniter.php on line 934 and exactly 2 expected
in APPPATH\Controllers\Cargos.php on line 54.
 1 SYSTEMPATH\CodeIgniter.php(934): App\Controllers\Cargos->buscarCargo('1')
 2 SYSTEMPATH\CodeIgniter.php(499): CodeIgniter\CodeIgniter->runController(Object(App\Controllers\Cargos))
 3 SYSTEMPATH\CodeIgniter.php(368): CodeIgniter\CodeIgniter->handleRequest(null, Object(Config\Cache), false)
 4 FCPATH\index.php(67): CodeIgniter\CodeIgniter->run()
CRITICAL - 2023-03-27 22:22:31 --> Too few arguments to function App\Controllers\Cargos::buscarCargo(), 1 passed in C:\xampp\htdocs\taller\system\CodeIgniter.php on line 934 and exactly 2 expected
in APPPATH\Controllers\Cargos.php on line 54.
 1 SYSTEMPATH\CodeIgniter.php(934): App\Controllers\Cargos->buscarCargo('1')
 2 SYSTEMPATH\CodeIgniter.php(499): CodeIgniter\CodeIgniter->runController(Object(App\Controllers\Cargos))
 3 SYSTEMPATH\CodeIgniter.php(368): CodeIgniter\CodeIgniter->handleRequest(null, Object(Config\Cache), false)
 4 FCPATH\index.php(67): CodeIgniter\CodeIgniter->run()
CRITICAL - 2023-03-27 22:22:48 --> Too few arguments to function App\Controllers\Cargos::buscarCargo(), 1 passed in C:\xampp\htdocs\taller\system\CodeIgniter.php on line 934 and exactly 2 expected
in APPPATH\Controllers\Cargos.php on line 54.
 1 SYSTEMPATH\CodeIgniter.php(934): App\Controllers\Cargos->buscarCargo('1')
 2 SYSTEMPATH\CodeIgniter.php(499): CodeIgniter\CodeIgniter->runController(Object(App\Controllers\Cargos))
 3 SYSTEMPATH\CodeIgniter.php(368): CodeIgniter\CodeIgniter->handleRequest(null, Object(Config\Cache), false)
 4 FCPATH\index.php(67): CodeIgniter\CodeIgniter->run()
ERROR - 2023-03-27 23:11:14 --> mysqli_sql_exception: Cannot add or update a child row: a foreign key constraint fails (`bd_taller`.`empleados`, CONSTRAINT `empleados_ibfk_2` FOREIGN KEY (`id_cargo`) REFERENCES `cargos` (`id`)) in C:\xampp\htdocs\taller\system\Database\MySQLi\Connection.php:295
Stack trace:
#0 C:\xampp\htdocs\taller\system\Database\MySQLi\Connection.php(295): mysqli->query('UPDATE `emplead...', 0)
#1 C:\xampp\htdocs\taller\system\Database\BaseConnection.php(691): CodeIgniter\Database\MySQLi\Connection->execute('UPDATE `emplead...')
#2 C:\xampp\htdocs\taller\system\Database\BaseConnection.php(605): CodeIgniter\Database\BaseConnection->simpleQuery('UPDATE `emplead...')
#3 C:\xampp\htdocs\taller\system\Database\BaseBuilder.php(2476): CodeIgniter\Database\BaseConnection->query('UPDATE `emplead...', Array, false)
#4 C:\xampp\htdocs\taller\system\Model.php(396): CodeIgniter\Database\BaseBuilder->update()
#5 C:\xampp\htdocs\taller\system\BaseModel.php(943): CodeIgniter\Model->doUpdate(Array, Array)
#6 C:\xampp\htdocs\taller\system\Model.php(756): CodeIgniter\BaseModel->update(Array, Array)
#7 C:\xampp\htdocs\taller\app\Models\EmpleadosModel.php(92): CodeIgniter\Model->update('1', Array)
#8 C:\xampp\htdocs\taller\app\Controllers\Empleados.php(81): App\Models\EmpleadosModel->actualizarEmpleado(Array)
#9 C:\xampp\htdocs\taller\system\CodeIgniter.php(934): App\Controllers\Empleados->insertar()
#10 C:\xampp\htdocs\taller\system\CodeIgniter.php(499): CodeIgniter\CodeIgniter->runController(Object(App\Controllers\Empleados))
#11 C:\xampp\htdocs\taller\system\CodeIgniter.php(368): CodeIgniter\CodeIgniter->handleRequest(NULL, Object(Config\Cache), false)
#12 C:\xampp\htdocs\taller\public\index.php(67): CodeIgniter\CodeIgniter->run()
#13 {main}
CRITICAL - 2023-03-27 23:11:14 --> Cannot add or update a child row: a foreign key constraint fails (`bd_taller`.`empleados`, CONSTRAINT `empleados_ibfk_2` FOREIGN KEY (`id_cargo`) REFERENCES `cargos` (`id`))
in SYSTEMPATH\Database\BaseConnection.php on line 645.
 1 SYSTEMPATH\Database\BaseBuilder.php(2476): CodeIgniter\Database\BaseConnection->query('UPDATE `empleados` SET `nombres` = :nombres:, `apellidos` = :apellidos:, `id_municipio` = :id_municipio:, `nacimientoAno` = :nacimientoAno:, `id_cargo` = :id_cargo:
WHERE `empleados`.`id` IN :empleados.id:', [...], false)
 2 SYSTEMPATH\Model.php(396): CodeIgniter\Database\BaseBuilder->update()
 3 SYSTEMPATH\BaseModel.php(943): CodeIgniter\Model->doUpdate([...], [...])
 4 SYSTEMPATH\Model.php(756): CodeIgniter\BaseModel->update([...], [...])
 5 APPPATH\Models\EmpleadosModel.php(92): CodeIgniter\Model->update('1', [...])
 6 APPPATH\Controllers\Empleados.php(81): App\Models\EmpleadosModel->actualizarEmpleado([...])
 7 SYSTEMPATH\CodeIgniter.php(934): App\Controllers\Empleados->insertar()
 8 SYSTEMPATH\CodeIgniter.php(499): CodeIgniter\CodeIgniter->runController(Object(App\Controllers\Empleados))
 9 SYSTEMPATH\CodeIgniter.php(368): CodeIgniter\CodeIgniter->handleRequest(null, Object(Config\Cache), false)
10 FCPATH\index.php(67): CodeIgniter\CodeIgniter->run()
ERROR - 2023-03-27 23:12:05 --> mysqli_sql_exception: Cannot add or update a child row: a foreign key constraint fails (`bd_taller`.`empleados`, CONSTRAINT `empleados_ibfk_2` FOREIGN KEY (`id_cargo`) REFERENCES `cargos` (`id`)) in C:\xampp\htdocs\taller\system\Database\MySQLi\Connection.php:295
Stack trace:
#0 C:\xampp\htdocs\taller\system\Database\MySQLi\Connection.php(295): mysqli->query('UPDATE `emplead...', 0)
#1 C:\xampp\htdocs\taller\system\Database\BaseConnection.php(691): CodeIgniter\Database\MySQLi\Connection->execute('UPDATE `emplead...')
#2 C:\xampp\htdocs\taller\system\Database\BaseConnection.php(605): CodeIgniter\Database\BaseConnection->simpleQuery('UPDATE `emplead...')
#3 C:\xampp\htdocs\taller\system\Database\BaseBuilder.php(2476): CodeIgniter\Database\BaseConnection->query('UPDATE `emplead...', Array, false)
#4 C:\xampp\htdocs\taller\system\Model.php(396): CodeIgniter\Database\BaseBuilder->update()
#5 C:\xampp\htdocs\taller\system\BaseModel.php(943): CodeIgniter\Model->doUpdate(Array, Array)
#6 C:\xampp\htdocs\taller\system\Model.php(756): CodeIgniter\BaseModel->update(Array, Array)
#7 C:\xampp\htdocs\taller\app\Models\EmpleadosModel.php(92): CodeIgniter\Model->update('1', Array)
#8 C:\xampp\htdocs\taller\app\Controllers\Empleados.php(81): App\Models\EmpleadosModel->actualizarEmpleado(Array)
#9 C:\xampp\htdocs\taller\system\CodeIgniter.php(934): App\Controllers\Empleados->insertar()
#10 C:\xampp\htdocs\taller\system\CodeIgniter.php(499): CodeIgniter\CodeIgniter->runController(Object(App\Controllers\Empleados))
#11 C:\xampp\htdocs\taller\system\CodeIgniter.php(368): CodeIgniter\CodeIgniter->handleRequest(NULL, Object(Config\Cache), false)
#12 C:\xampp\htdocs\taller\public\index.php(67): CodeIgniter\CodeIgniter->run()
#13 {main}
CRITICAL - 2023-03-27 23:12:05 --> Cannot add or update a child row: a foreign key constraint fails (`bd_taller`.`empleados`, CONSTRAINT `empleados_ibfk_2` FOREIGN KEY (`id_cargo`) REFERENCES `cargos` (`id`))
in SYSTEMPATH\Database\BaseConnection.php on line 645.
 1 SYSTEMPATH\Database\BaseBuilder.php(2476): CodeIgniter\Database\BaseConnection->query('UPDATE `empleados` SET `nombres` = :nombres:, `apellidos` = :apellidos:, `id_municipio` = :id_municipio:, `nacimientoAno` = :nacimientoAno:, `id_cargo` = :id_cargo:
WHERE `empleados`.`id` IN :empleados.id:', [...], false)
 2 SYSTEMPATH\Model.php(396): CodeIgniter\Database\BaseBuilder->update()
 3 SYSTEMPATH\BaseModel.php(943): CodeIgniter\Model->doUpdate([...], [...])
 4 SYSTEMPATH\Model.php(756): CodeIgniter\BaseModel->update([...], [...])
 5 APPPATH\Models\EmpleadosModel.php(92): CodeIgniter\Model->update('1', [...])
 6 APPPATH\Controllers\Empleados.php(81): App\Models\EmpleadosModel->actualizarEmpleado([...])
 7 SYSTEMPATH\CodeIgniter.php(934): App\Controllers\Empleados->insertar()
 8 SYSTEMPATH\CodeIgniter.php(499): CodeIgniter\CodeIgniter->runController(Object(App\Controllers\Empleados))
 9 SYSTEMPATH\CodeIgniter.php(368): CodeIgniter\CodeIgniter->handleRequest(null, Object(Config\Cache), false)
10 FCPATH\index.php(67): CodeIgniter\CodeIgniter->run()
ERROR - 2023-03-27 23:12:39 --> mysqli_sql_exception: Cannot add or update a child row: a foreign key constraint fails (`bd_taller`.`empleados`, CONSTRAINT `empleados_ibfk_2` FOREIGN KEY (`id_cargo`) REFERENCES `cargos` (`id`)) in C:\xampp\htdocs\taller\system\Database\MySQLi\Connection.php:295
Stack trace:
#0 C:\xampp\htdocs\taller\system\Database\MySQLi\Connection.php(295): mysqli->query('UPDATE `emplead...', 0)
#1 C:\xampp\htdocs\taller\system\Database\BaseConnection.php(691): CodeIgniter\Database\MySQLi\Connection->execute('UPDATE `emplead...')
#2 C:\xampp\htdocs\taller\system\Database\BaseConnection.php(605): CodeIgniter\Database\BaseConnection->simpleQuery('UPDATE `emplead...')
#3 C:\xampp\htdocs\taller\system\Database\BaseBuilder.php(2476): CodeIgniter\Database\BaseConnection->query('UPDATE `emplead...', Array, false)
#4 C:\xampp\htdocs\taller\system\Model.php(396): CodeIgniter\Database\BaseBuilder->update()
#5 C:\xampp\htdocs\taller\system\BaseModel.php(943): CodeIgniter\Model->doUpdate(Array, Array)
#6 C:\xampp\htdocs\taller\system\Model.php(756): CodeIgniter\BaseModel->update(Array, Array)
#7 C:\xampp\htdocs\taller\app\Models\EmpleadosModel.php(92): CodeIgniter\Model->update('1', Array)
#8 C:\xampp\htdocs\taller\app\Controllers\Empleados.php(81): App\Models\EmpleadosModel->actualizarEmpleado(Array)
#9 C:\xampp\htdocs\taller\system\CodeIgniter.php(934): App\Controllers\Empleados->insertar()
#10 C:\xampp\htdocs\taller\system\CodeIgniter.php(499): CodeIgniter\CodeIgniter->runController(Object(App\Controllers\Empleados))
#11 C:\xampp\htdocs\taller\system\CodeIgniter.php(368): CodeIgniter\CodeIgniter->handleRequest(NULL, Object(Config\Cache), false)
#12 C:\xampp\htdocs\taller\public\index.php(67): CodeIgniter\CodeIgniter->run()
#13 {main}
CRITICAL - 2023-03-27 23:12:39 --> Cannot add or update a child row: a foreign key constraint fails (`bd_taller`.`empleados`, CONSTRAINT `empleados_ibfk_2` FOREIGN KEY (`id_cargo`) REFERENCES `cargos` (`id`))
in SYSTEMPATH\Database\BaseConnection.php on line 645.
 1 SYSTEMPATH\Database\BaseBuilder.php(2476): CodeIgniter\Database\BaseConnection->query('UPDATE `empleados` SET `nombres` = :nombres:, `apellidos` = :apellidos:, `id_municipio` = :id_municipio:, `nacimientoAno` = :nacimientoAno:, `id_cargo` = :id_cargo:
WHERE `empleados`.`id` IN :empleados.id:', [...], false)
 2 SYSTEMPATH\Model.php(396): CodeIgniter\Database\BaseBuilder->update()
 3 SYSTEMPATH\BaseModel.php(943): CodeIgniter\Model->doUpdate([...], [...])
 4 SYSTEMPATH\Model.php(756): CodeIgniter\BaseModel->update([...], [...])
 5 APPPATH\Models\EmpleadosModel.php(92): CodeIgniter\Model->update('1', [...])
 6 APPPATH\Controllers\Empleados.php(81): App\Models\EmpleadosModel->actualizarEmpleado([...])
 7 SYSTEMPATH\CodeIgniter.php(934): App\Controllers\Empleados->insertar()
 8 SYSTEMPATH\CodeIgniter.php(499): CodeIgniter\CodeIgniter->runController(Object(App\Controllers\Empleados))
 9 SYSTEMPATH\CodeIgniter.php(368): CodeIgniter\CodeIgniter->handleRequest(null, Object(Config\Cache), false)
10 FCPATH\index.php(67): CodeIgniter\CodeIgniter->run()
CRITICAL - 2023-03-27 23:20:04 --> Too few arguments to function App\Controllers\Municipios::obtenerDepartamentosPais(), 0 passed in C:\xampp\htdocs\taller\system\CodeIgniter.php on line 934 and exactly 1 expected
in APPPATH\Controllers\Municipios.php on line 30.
 1 SYSTEMPATH\CodeIgniter.php(934): App\Controllers\Municipios->obtenerDepartamentosPais()
 2 SYSTEMPATH\CodeIgniter.php(499): CodeIgniter\CodeIgniter->runController(Object(App\Controllers\Municipios))
 3 SYSTEMPATH\CodeIgniter.php(368): CodeIgniter\CodeIgniter->handleRequest(null, Object(Config\Cache), false)
 4 FCPATH\index.php(67): CodeIgniter\CodeIgniter->run()
ERROR - 2023-03-27 23:27:07 --> mysqli_sql_exception: Column 'id' in where clause is ambiguous in C:\xampp\htdocs\taller\system\Database\MySQLi\Connection.php:295
Stack trace:
#0 C:\xampp\htdocs\taller\system\Database\MySQLi\Connection.php(295): mysqli->query('SELECT `departa...', 0)
#1 C:\xampp\htdocs\taller\system\Database\BaseConnection.php(691): CodeIgniter\Database\MySQLi\Connection->execute('SELECT `departa...')
#2 C:\xampp\htdocs\taller\system\Database\BaseConnection.php(605): CodeIgniter\Database\BaseConnection->simpleQuery('SELECT `departa...')
#3 C:\xampp\htdocs\taller\system\Database\BaseBuilder.php(1616): CodeIgniter\Database\BaseConnection->query('SELECT `departa...', Array, false)
#4 C:\xampp\htdocs\taller\system\Model.php(268): CodeIgniter\Database\BaseBuilder->get()
#5 C:\xampp\htdocs\taller\system\BaseModel.php(656): CodeIgniter\Model->doFirst()
#6 C:\xampp\htdocs\taller\app\Models\DepartamentosModel.php(80): CodeIgniter\BaseModel->first()
#7 C:\xampp\htdocs\taller\app\Controllers\Departamentos.php(54): App\Models\DepartamentosModel->buscarDepartamento('1')
#8 C:\xampp\htdocs\taller\system\CodeIgniter.php(934): App\Controllers\Departamentos->buscarDepartamento('1')
#9 C:\xampp\htdocs\taller\system\CodeIgniter.php(499): CodeIgniter\CodeIgniter->runController(Object(App\Controllers\Departamentos))
#10 C:\xampp\htdocs\taller\system\CodeIgniter.php(368): CodeIgniter\CodeIgniter->handleRequest(NULL, Object(Config\Cache), false)
#11 C:\xampp\htdocs\taller\public\index.php(67): CodeIgniter\CodeIgniter->run()
#12 {main}
CRITICAL - 2023-03-27 23:27:07 --> Column 'id' in where clause is ambiguous
in SYSTEMPATH\Database\BaseConnection.php on line 645.
 1 SYSTEMPATH\Database\BaseBuilder.php(1616): CodeIgniter\Database\BaseConnection->query('SELECT `departamentos`.*, `paises`.`estado` as `estadoPais`
FROM `departamentos`
JOIN `paises` ON `paises`.`id` = `departamentos`.`id_pais`
WHERE `id` = :id:
AND `estado` = :estado:
 LIMIT 1', [...], false)
 2 SYSTEMPATH\Model.php(268): CodeIgniter\Database\BaseBuilder->get()
 3 SYSTEMPATH\BaseModel.php(656): CodeIgniter\Model->doFirst()
 4 APPPATH\Models\DepartamentosModel.php(80): CodeIgniter\BaseModel->first()
 5 APPPATH\Controllers\Departamentos.php(54): App\Models\DepartamentosModel->buscarDepartamento('1')
 6 SYSTEMPATH\CodeIgniter.php(934): App\Controllers\Departamentos->buscarDepartamento('1')
 7 SYSTEMPATH\CodeIgniter.php(499): CodeIgniter\CodeIgniter->runController(Object(App\Controllers\Departamentos))
 8 SYSTEMPATH\CodeIgniter.php(368): CodeIgniter\CodeIgniter->handleRequest(null, Object(Config\Cache), false)
 9 FCPATH\index.php(67): CodeIgniter\CodeIgniter->run()
ERROR - 2023-03-27 23:27:09 --> mysqli_sql_exception: Column 'id' in where clause is ambiguous in C:\xampp\htdocs\taller\system\Database\MySQLi\Connection.php:295
Stack trace:
#0 C:\xampp\htdocs\taller\system\Database\MySQLi\Connection.php(295): mysqli->query('SELECT `departa...', 0)
#1 C:\xampp\htdocs\taller\system\Database\BaseConnection.php(691): CodeIgniter\Database\MySQLi\Connection->execute('SELECT `departa...')
#2 C:\xampp\htdocs\taller\system\Database\BaseConnection.php(605): CodeIgniter\Database\BaseConnection->simpleQuery('SELECT `departa...')
#3 C:\xampp\htdocs\taller\system\Database\BaseBuilder.php(1616): CodeIgniter\Database\BaseConnection->query('SELECT `departa...', Array, false)
#4 C:\xampp\htdocs\taller\system\Model.php(268): CodeIgniter\Database\BaseBuilder->get()
#5 C:\xampp\htdocs\taller\system\BaseModel.php(656): CodeIgniter\Model->doFirst()
#6 C:\xampp\htdocs\taller\app\Models\DepartamentosModel.php(80): CodeIgniter\BaseModel->first()
#7 C:\xampp\htdocs\taller\app\Controllers\Departamentos.php(54): App\Models\DepartamentosModel->buscarDepartamento('1')
#8 C:\xampp\htdocs\taller\system\CodeIgniter.php(934): App\Controllers\Departamentos->buscarDepartamento('1')
#9 C:\xampp\htdocs\taller\system\CodeIgniter.php(499): CodeIgniter\CodeIgniter->runController(Object(App\Controllers\Departamentos))
#10 C:\xampp\htdocs\taller\system\CodeIgniter.php(368): CodeIgniter\CodeIgniter->handleRequest(NULL, Object(Config\Cache), false)
#11 C:\xampp\htdocs\taller\public\index.php(67): CodeIgniter\CodeIgniter->run()
#12 {main}
CRITICAL - 2023-03-27 23:27:09 --> Column 'id' in where clause is ambiguous
in SYSTEMPATH\Database\BaseConnection.php on line 645.
 1 SYSTEMPATH\Database\BaseBuilder.php(1616): CodeIgniter\Database\BaseConnection->query('SELECT `departamentos`.*, `paises`.`estado` as `estadoPais`
FROM `departamentos`
JOIN `paises` ON `paises`.`id` = `departamentos`.`id_pais`
WHERE `id` = :id:
AND `estado` = :estado:
 LIMIT 1', [...], false)
 2 SYSTEMPATH\Model.php(268): CodeIgniter\Database\BaseBuilder->get()
 3 SYSTEMPATH\BaseModel.php(656): CodeIgniter\Model->doFirst()
 4 APPPATH\Models\DepartamentosModel.php(80): CodeIgniter\BaseModel->first()
 5 APPPATH\Controllers\Departamentos.php(54): App\Models\DepartamentosModel->buscarDepartamento('1')
 6 SYSTEMPATH\CodeIgniter.php(934): App\Controllers\Departamentos->buscarDepartamento('1')
 7 SYSTEMPATH\CodeIgniter.php(499): CodeIgniter\CodeIgniter->runController(Object(App\Controllers\Departamentos))
 8 SYSTEMPATH\CodeIgniter.php(368): CodeIgniter\CodeIgniter->handleRequest(null, Object(Config\Cache), false)
 9 FCPATH\index.php(67): CodeIgniter\CodeIgniter->run()
ERROR - 2023-03-27 23:27:09 --> mysqli_sql_exception: Column 'id' in where clause is ambiguous in C:\xampp\htdocs\taller\system\Database\MySQLi\Connection.php:295
Stack trace:
#0 C:\xampp\htdocs\taller\system\Database\MySQLi\Connection.php(295): mysqli->query('SELECT `departa...', 0)
#1 C:\xampp\htdocs\taller\system\Database\BaseConnection.php(691): CodeIgniter\Database\MySQLi\Connection->execute('SELECT `departa...')
#2 C:\xampp\htdocs\taller\system\Database\BaseConnection.php(605): CodeIgniter\Database\BaseConnection->simpleQuery('SELECT `departa...')
#3 C:\xampp\htdocs\taller\system\Database\BaseBuilder.php(1616): CodeIgniter\Database\BaseConnection->query('SELECT `departa...', Array, false)
#4 C:\xampp\htdocs\taller\system\Model.php(268): CodeIgniter\Database\BaseBuilder->get()
#5 C:\xampp\htdocs\taller\system\BaseModel.php(656): CodeIgniter\Model->doFirst()
#6 C:\xampp\htdocs\taller\app\Models\DepartamentosModel.php(80): CodeIgniter\BaseModel->first()
#7 C:\xampp\htdocs\taller\app\Controllers\Departamentos.php(54): App\Models\DepartamentosModel->buscarDepartamento('1')
#8 C:\xampp\htdocs\taller\system\CodeIgniter.php(934): App\Controllers\Departamentos->buscarDepartamento('1')
#9 C:\xampp\htdocs\taller\system\CodeIgniter.php(499): CodeIgniter\CodeIgniter->runController(Object(App\Controllers\Departamentos))
#10 C:\xampp\htdocs\taller\system\CodeIgniter.php(368): CodeIgniter\CodeIgniter->handleRequest(NULL, Object(Config\Cache), false)
#11 C:\xampp\htdocs\taller\public\index.php(67): CodeIgniter\CodeIgniter->run()
#12 {main}
CRITICAL - 2023-03-27 23:27:09 --> Column 'id' in where clause is ambiguous
in SYSTEMPATH\Database\BaseConnection.php on line 645.
 1 SYSTEMPATH\Database\BaseBuilder.php(1616): CodeIgniter\Database\BaseConnection->query('SELECT `departamentos`.*, `paises`.`estado` as `estadoPais`
FROM `departamentos`
JOIN `paises` ON `paises`.`id` = `departamentos`.`id_pais`
WHERE `id` = :id:
AND `estado` = :estado:
 LIMIT 1', [...], false)
 2 SYSTEMPATH\Model.php(268): CodeIgniter\Database\BaseBuilder->get()
 3 SYSTEMPATH\BaseModel.php(656): CodeIgniter\Model->doFirst()
 4 APPPATH\Models\DepartamentosModel.php(80): CodeIgniter\BaseModel->first()
 5 APPPATH\Controllers\Departamentos.php(54): App\Models\DepartamentosModel->buscarDepartamento('1')
 6 SYSTEMPATH\CodeIgniter.php(934): App\Controllers\Departamentos->buscarDepartamento('1')
 7 SYSTEMPATH\CodeIgniter.php(499): CodeIgniter\CodeIgniter->runController(Object(App\Controllers\Departamentos))
 8 SYSTEMPATH\CodeIgniter.php(368): CodeIgniter\CodeIgniter->handleRequest(null, Object(Config\Cache), false)
 9 FCPATH\index.php(67): CodeIgniter\CodeIgniter->run()
ERROR - 2023-03-27 23:27:09 --> mysqli_sql_exception: Column 'id' in where clause is ambiguous in C:\xampp\htdocs\taller\system\Database\MySQLi\Connection.php:295
Stack trace:
#0 C:\xampp\htdocs\taller\system\Database\MySQLi\Connection.php(295): mysqli->query('SELECT `departa...', 0)
#1 C:\xampp\htdocs\taller\system\Database\BaseConnection.php(691): CodeIgniter\Database\MySQLi\Connection->execute('SELECT `departa...')
#2 C:\xampp\htdocs\taller\system\Database\BaseConnection.php(605): CodeIgniter\Database\BaseConnection->simpleQuery('SELECT `departa...')
#3 C:\xampp\htdocs\taller\system\Database\BaseBuilder.php(1616): CodeIgniter\Database\BaseConnection->query('SELECT `departa...', Array, false)
#4 C:\xampp\htdocs\taller\system\Model.php(268): CodeIgniter\Database\BaseBuilder->get()
#5 C:\xampp\htdocs\taller\system\BaseModel.php(656): CodeIgniter\Model->doFirst()
#6 C:\xampp\htdocs\taller\app\Models\DepartamentosModel.php(80): CodeIgniter\BaseModel->first()
#7 C:\xampp\htdocs\taller\app\Controllers\Departamentos.php(54): App\Models\DepartamentosModel->buscarDepartamento('1')
#8 C:\xampp\htdocs\taller\system\CodeIgniter.php(934): App\Controllers\Departamentos->buscarDepartamento('1')
#9 C:\xampp\htdocs\taller\system\CodeIgniter.php(499): CodeIgniter\CodeIgniter->runController(Object(App\Controllers\Departamentos))
#10 C:\xampp\htdocs\taller\system\CodeIgniter.php(368): CodeIgniter\CodeIgniter->handleRequest(NULL, Object(Config\Cache), false)
#11 C:\xampp\htdocs\taller\public\index.php(67): CodeIgniter\CodeIgniter->run()
#12 {main}
CRITICAL - 2023-03-27 23:27:09 --> Column 'id' in where clause is ambiguous
in SYSTEMPATH\Database\BaseConnection.php on line 645.
 1 SYSTEMPATH\Database\BaseBuilder.php(1616): CodeIgniter\Database\BaseConnection->query('SELECT `departamentos`.*, `paises`.`estado` as `estadoPais`
FROM `departamentos`
JOIN `paises` ON `paises`.`id` = `departamentos`.`id_pais`
WHERE `id` = :id:
AND `estado` = :estado:
 LIMIT 1', [...], false)
 2 SYSTEMPATH\Model.php(268): CodeIgniter\Database\BaseBuilder->get()
 3 SYSTEMPATH\BaseModel.php(656): CodeIgniter\Model->doFirst()
 4 APPPATH\Models\DepartamentosModel.php(80): CodeIgniter\BaseModel->first()
 5 APPPATH\Controllers\Departamentos.php(54): App\Models\DepartamentosModel->buscarDepartamento('1')
 6 SYSTEMPATH\CodeIgniter.php(934): App\Controllers\Departamentos->buscarDepartamento('1')
 7 SYSTEMPATH\CodeIgniter.php(499): CodeIgniter\CodeIgniter->runController(Object(App\Controllers\Departamentos))
 8 SYSTEMPATH\CodeIgniter.php(368): CodeIgniter\CodeIgniter->handleRequest(null, Object(Config\Cache), false)
 9 FCPATH\index.php(67): CodeIgniter\CodeIgniter->run()
ERROR - 2023-03-27 23:27:09 --> mysqli_sql_exception: Column 'id' in where clause is ambiguous in C:\xampp\htdocs\taller\system\Database\MySQLi\Connection.php:295
Stack trace:
#0 C:\xampp\htdocs\taller\system\Database\MySQLi\Connection.php(295): mysqli->query('SELECT `departa...', 0)
#1 C:\xampp\htdocs\taller\system\Database\BaseConnection.php(691): CodeIgniter\Database\MySQLi\Connection->execute('SELECT `departa...')
#2 C:\xampp\htdocs\taller\system\Database\BaseConnection.php(605): CodeIgniter\Database\BaseConnection->simpleQuery('SELECT `departa...')
#3 C:\xampp\htdocs\taller\system\Database\BaseBuilder.php(1616): CodeIgniter\Database\BaseConnection->query('SELECT `departa...', Array, false)
#4 C:\xampp\htdocs\taller\system\Model.php(268): CodeIgniter\Database\BaseBuilder->get()
#5 C:\xampp\htdocs\taller\system\BaseModel.php(656): CodeIgniter\Model->doFirst()
#6 C:\xampp\htdocs\taller\app\Models\DepartamentosModel.php(80): CodeIgniter\BaseModel->first()
#7 C:\xampp\htdocs\taller\app\Controllers\Departamentos.php(54): App\Models\DepartamentosModel->buscarDepartamento('1')
#8 C:\xampp\htdocs\taller\system\CodeIgniter.php(934): App\Controllers\Departamentos->buscarDepartamento('1')
#9 C:\xampp\htdocs\taller\system\CodeIgniter.php(499): CodeIgniter\CodeIgniter->runController(Object(App\Controllers\Departamentos))
#10 C:\xampp\htdocs\taller\system\CodeIgniter.php(368): CodeIgniter\CodeIgniter->handleRequest(NULL, Object(Config\Cache), false)
#11 C:\xampp\htdocs\taller\public\index.php(67): CodeIgniter\CodeIgniter->run()
#12 {main}
CRITICAL - 2023-03-27 23:27:09 --> Column 'id' in where clause is ambiguous
in SYSTEMPATH\Database\BaseConnection.php on line 645.
 1 SYSTEMPATH\Database\BaseBuilder.php(1616): CodeIgniter\Database\BaseConnection->query('SELECT `departamentos`.*, `paises`.`estado` as `estadoPais`
FROM `departamentos`
JOIN `paises` ON `paises`.`id` = `departamentos`.`id_pais`
WHERE `id` = :id:
AND `estado` = :estado:
 LIMIT 1', [...], false)
 2 SYSTEMPATH\Model.php(268): CodeIgniter\Database\BaseBuilder->get()
 3 SYSTEMPATH\BaseModel.php(656): CodeIgniter\Model->doFirst()
 4 APPPATH\Models\DepartamentosModel.php(80): CodeIgniter\BaseModel->first()
 5 APPPATH\Controllers\Departamentos.php(54): App\Models\DepartamentosModel->buscarDepartamento('1')
 6 SYSTEMPATH\CodeIgniter.php(934): App\Controllers\Departamentos->buscarDepartamento('1')
 7 SYSTEMPATH\CodeIgniter.php(499): CodeIgniter\CodeIgniter->runController(Object(App\Controllers\Departamentos))
 8 SYSTEMPATH\CodeIgniter.php(368): CodeIgniter\CodeIgniter->handleRequest(null, Object(Config\Cache), false)
 9 FCPATH\index.php(67): CodeIgniter\CodeIgniter->run()
ERROR - 2023-03-27 23:27:09 --> mysqli_sql_exception: Column 'id' in where clause is ambiguous in C:\xampp\htdocs\taller\system\Database\MySQLi\Connection.php:295
Stack trace:
#0 C:\xampp\htdocs\taller\system\Database\MySQLi\Connection.php(295): mysqli->query('SELECT `departa...', 0)
#1 C:\xampp\htdocs\taller\system\Database\BaseConnection.php(691): CodeIgniter\Database\MySQLi\Connection->execute('SELECT `departa...')
#2 C:\xampp\htdocs\taller\system\Database\BaseConnection.php(605): CodeIgniter\Database\BaseConnection->simpleQuery('SELECT `departa...')
#3 C:\xampp\htdocs\taller\system\Database\BaseBuilder.php(1616): CodeIgniter\Database\BaseConnection->query('SELECT `departa...', Array, false)
#4 C:\xampp\htdocs\taller\system\Model.php(268): CodeIgniter\Database\BaseBuilder->get()
#5 C:\xampp\htdocs\taller\system\BaseModel.php(656): CodeIgniter\Model->doFirst()
#6 C:\xampp\htdocs\taller\app\Models\DepartamentosModel.php(80): CodeIgniter\BaseModel->first()
#7 C:\xampp\htdocs\taller\app\Controllers\Departamentos.php(54): App\Models\DepartamentosModel->buscarDepartamento('1')
#8 C:\xampp\htdocs\taller\system\CodeIgniter.php(934): App\Controllers\Departamentos->buscarDepartamento('1')
#9 C:\xampp\htdocs\taller\system\CodeIgniter.php(499): CodeIgniter\CodeIgniter->runController(Object(App\Controllers\Departamentos))
#10 C:\xampp\htdocs\taller\system\CodeIgniter.php(368): CodeIgniter\CodeIgniter->handleRequest(NULL, Object(Config\Cache), false)
#11 C:\xampp\htdocs\taller\public\index.php(67): CodeIgniter\CodeIgniter->run()
#12 {main}
CRITICAL - 2023-03-27 23:27:09 --> Column 'id' in where clause is ambiguous
in SYSTEMPATH\Database\BaseConnection.php on line 645.
 1 SYSTEMPATH\Database\BaseBuilder.php(1616): CodeIgniter\Database\BaseConnection->query('SELECT `departamentos`.*, `paises`.`estado` as `estadoPais`
FROM `departamentos`
JOIN `paises` ON `paises`.`id` = `departamentos`.`id_pais`
WHERE `id` = :id:
AND `estado` = :estado:
 LIMIT 1', [...], false)
 2 SYSTEMPATH\Model.php(268): CodeIgniter\Database\BaseBuilder->get()
 3 SYSTEMPATH\BaseModel.php(656): CodeIgniter\Model->doFirst()
 4 APPPATH\Models\DepartamentosModel.php(80): CodeIgniter\BaseModel->first()
 5 APPPATH\Controllers\Departamentos.php(54): App\Models\DepartamentosModel->buscarDepartamento('1')
 6 SYSTEMPATH\CodeIgniter.php(934): App\Controllers\Departamentos->buscarDepartamento('1')
 7 SYSTEMPATH\CodeIgniter.php(499): CodeIgniter\CodeIgniter->runController(Object(App\Controllers\Departamentos))
 8 SYSTEMPATH\CodeIgniter.php(368): CodeIgniter\CodeIgniter->handleRequest(null, Object(Config\Cache), false)
 9 FCPATH\index.php(67): CodeIgniter\CodeIgniter->run()
ERROR - 2023-03-27 23:27:10 --> mysqli_sql_exception: Column 'id' in where clause is ambiguous in C:\xampp\htdocs\taller\system\Database\MySQLi\Connection.php:295
Stack trace:
#0 C:\xampp\htdocs\taller\system\Database\MySQLi\Connection.php(295): mysqli->query('SELECT `departa...', 0)
#1 C:\xampp\htdocs\taller\system\Database\BaseConnection.php(691): CodeIgniter\Database\MySQLi\Connection->execute('SELECT `departa...')
#2 C:\xampp\htdocs\taller\system\Database\BaseConnection.php(605): CodeIgniter\Database\BaseConnection->simpleQuery('SELECT `departa...')
#3 C:\xampp\htdocs\taller\system\Database\BaseBuilder.php(1616): CodeIgniter\Database\BaseConnection->query('SELECT `departa...', Array, false)
#4 C:\xampp\htdocs\taller\system\Model.php(268): CodeIgniter\Database\BaseBuilder->get()
#5 C:\xampp\htdocs\taller\system\BaseModel.php(656): CodeIgniter\Model->doFirst()
#6 C:\xampp\htdocs\taller\app\Models\DepartamentosModel.php(80): CodeIgniter\BaseModel->first()
#7 C:\xampp\htdocs\taller\app\Controllers\Departamentos.php(54): App\Models\DepartamentosModel->buscarDepartamento('1')
#8 C:\xampp\htdocs\taller\system\CodeIgniter.php(934): App\Controllers\Departamentos->buscarDepartamento('1')
#9 C:\xampp\htdocs\taller\system\CodeIgniter.php(499): CodeIgniter\CodeIgniter->runController(Object(App\Controllers\Departamentos))
#10 C:\xampp\htdocs\taller\system\CodeIgniter.php(368): CodeIgniter\CodeIgniter->handleRequest(NULL, Object(Config\Cache), false)
#11 C:\xampp\htdocs\taller\public\index.php(67): CodeIgniter\CodeIgniter->run()
#12 {main}
CRITICAL - 2023-03-27 23:27:10 --> Column 'id' in where clause is ambiguous
in SYSTEMPATH\Database\BaseConnection.php on line 645.
 1 SYSTEMPATH\Database\BaseBuilder.php(1616): CodeIgniter\Database\BaseConnection->query('SELECT `departamentos`.*, `paises`.`estado` as `estadoPais`
FROM `departamentos`
JOIN `paises` ON `paises`.`id` = `departamentos`.`id_pais`
WHERE `id` = :id:
AND `estado` = :estado:
 LIMIT 1', [...], false)
 2 SYSTEMPATH\Model.php(268): CodeIgniter\Database\BaseBuilder->get()
 3 SYSTEMPATH\BaseModel.php(656): CodeIgniter\Model->doFirst()
 4 APPPATH\Models\DepartamentosModel.php(80): CodeIgniter\BaseModel->first()
 5 APPPATH\Controllers\Departamentos.php(54): App\Models\DepartamentosModel->buscarDepartamento('1')
 6 SYSTEMPATH\CodeIgniter.php(934): App\Controllers\Departamentos->buscarDepartamento('1')
 7 SYSTEMPATH\CodeIgniter.php(499): CodeIgniter\CodeIgniter->runController(Object(App\Controllers\Departamentos))
 8 SYSTEMPATH\CodeIgniter.php(368): CodeIgniter\CodeIgniter->handleRequest(null, Object(Config\Cache), false)
 9 FCPATH\index.php(67): CodeIgniter\CodeIgniter->run()
ERROR - 2023-03-27 23:27:10 --> mysqli_sql_exception: Column 'id' in where clause is ambiguous in C:\xampp\htdocs\taller\system\Database\MySQLi\Connection.php:295
Stack trace:
#0 C:\xampp\htdocs\taller\system\Database\MySQLi\Connection.php(295): mysqli->query('SELECT `departa...', 0)
#1 C:\xampp\htdocs\taller\system\Database\BaseConnection.php(691): CodeIgniter\Database\MySQLi\Connection->execute('SELECT `departa...')
#2 C:\xampp\htdocs\taller\system\Database\BaseConnection.php(605): CodeIgniter\Database\BaseConnection->simpleQuery('SELECT `departa...')
#3 C:\xampp\htdocs\taller\system\Database\BaseBuilder.php(1616): CodeIgniter\Database\BaseConnection->query('SELECT `departa...', Array, false)
#4 C:\xampp\htdocs\taller\system\Model.php(268): CodeIgniter\Database\BaseBuilder->get()
#5 C:\xampp\htdocs\taller\system\BaseModel.php(656): CodeIgniter\Model->doFirst()
#6 C:\xampp\htdocs\taller\app\Models\DepartamentosModel.php(80): CodeIgniter\BaseModel->first()
#7 C:\xampp\htdocs\taller\app\Controllers\Departamentos.php(54): App\Models\DepartamentosModel->buscarDepartamento('1')
#8 C:\xampp\htdocs\taller\system\CodeIgniter.php(934): App\Controllers\Departamentos->buscarDepartamento('1')
#9 C:\xampp\htdocs\taller\system\CodeIgniter.php(499): CodeIgniter\CodeIgniter->runController(Object(App\Controllers\Departamentos))
#10 C:\xampp\htdocs\taller\system\CodeIgniter.php(368): CodeIgniter\CodeIgniter->handleRequest(NULL, Object(Config\Cache), false)
#11 C:\xampp\htdocs\taller\public\index.php(67): CodeIgniter\CodeIgniter->run()
#12 {main}
CRITICAL - 2023-03-27 23:27:10 --> Column 'id' in where clause is ambiguous
in SYSTEMPATH\Database\BaseConnection.php on line 645.
 1 SYSTEMPATH\Database\BaseBuilder.php(1616): CodeIgniter\Database\BaseConnection->query('SELECT `departamentos`.*, `paises`.`estado` as `estadoPais`
FROM `departamentos`
JOIN `paises` ON `paises`.`id` = `departamentos`.`id_pais`
WHERE `id` = :id:
AND `estado` = :estado:
 LIMIT 1', [...], false)
 2 SYSTEMPATH\Model.php(268): CodeIgniter\Database\BaseBuilder->get()
 3 SYSTEMPATH\BaseModel.php(656): CodeIgniter\Model->doFirst()
 4 APPPATH\Models\DepartamentosModel.php(80): CodeIgniter\BaseModel->first()
 5 APPPATH\Controllers\Departamentos.php(54): App\Models\DepartamentosModel->buscarDepartamento('1')
 6 SYSTEMPATH\CodeIgniter.php(934): App\Controllers\Departamentos->buscarDepartamento('1')
 7 SYSTEMPATH\CodeIgniter.php(499): CodeIgniter\CodeIgniter->runController(Object(App\Controllers\Departamentos))
 8 SYSTEMPATH\CodeIgniter.php(368): CodeIgniter\CodeIgniter->handleRequest(null, Object(Config\Cache), false)
 9 FCPATH\index.php(67): CodeIgniter\CodeIgniter->run()
