ERROR - 2023-03-25 15:29:52 --> mysqli_sql_exception: Unknown column 'empleados.nombre' in 'field list' in C:\xampp\htdocs\taller\system\Database\MySQLi\Connection.php:295
Stack trace:
#0 C:\xampp\htdocs\taller\system\Database\MySQLi\Connection.php(295): mysqli->query('SELECT `salario...', 0)
#1 C:\xampp\htdocs\taller\system\Database\BaseConnection.php(691): CodeIgniter\Database\MySQLi\Connection->execute('SELECT `salario...')
#2 C:\xampp\htdocs\taller\system\Database\BaseConnection.php(605): CodeIgniter\Database\BaseConnection->simpleQuery('SELECT `salario...')
#3 C:\xampp\htdocs\taller\system\Database\BaseBuilder.php(1616): CodeIgniter\Database\BaseConnection->query('SELECT `salario...', Array, false)
#4 C:\xampp\htdocs\taller\system\Model.php(268): CodeIgniter\Database\BaseBuilder->get()
#5 C:\xampp\htdocs\taller\system\BaseModel.php(656): CodeIgniter\Model->doFirst()
#6 C:\xampp\htdocs\taller\app\Models\SalariosModel.php(67): CodeIgniter\BaseModel->first()
#7 C:\xampp\htdocs\taller\app\Controllers\Salarios.php(27): App\Models\SalariosModel->buscarSalario('1', '1')
#8 C:\xampp\htdocs\taller\system\CodeIgniter.php(934): App\Controllers\Salarios->buscarSalario('1', '1')
#9 C:\xampp\htdocs\taller\system\CodeIgniter.php(499): CodeIgniter\CodeIgniter->runController(Object(App\Controllers\Salarios))
#10 C:\xampp\htdocs\taller\system\CodeIgniter.php(368): CodeIgniter\CodeIgniter->handleRequest(NULL, Object(Config\Cache), false)
#11 C:\xampp\htdocs\taller\public\index.php(67): CodeIgniter\CodeIgniter->run()
#12 {main}
CRITICAL - 2023-03-25 15:29:52 --> Unknown column 'empleados.nombre' in 'field list'
in SYSTEMPATH\Database\BaseConnection.php on line 645.
 1 SYSTEMPATH\Database\BaseBuilder.php(1616): CodeIgniter\Database\BaseConnection->query('SELECT `salarios`.`sueldo`, `periodoAno`, `empleados`.`nombre` as `nombreEmpleado`
FROM `salarios`
JOIN `empleados` ON `empleados`.`id` = `salarios`.`id_empleado`
WHERE `salarios`.`id` = :salarios.id:
AND `empleados`.`id` = :empleados.id:
 LIMIT 1', [...], false)
 2 SYSTEMPATH\Model.php(268): CodeIgniter\Database\BaseBuilder->get()
 3 SYSTEMPATH\BaseModel.php(656): CodeIgniter\Model->doFirst()
 4 APPPATH\Models\SalariosModel.php(67): CodeIgniter\BaseModel->first()
 5 APPPATH\Controllers\Salarios.php(27): App\Models\SalariosModel->buscarSalario('1', '1')
 6 SYSTEMPATH\CodeIgniter.php(934): App\Controllers\Salarios->buscarSalario('1', '1')
 7 SYSTEMPATH\CodeIgniter.php(499): CodeIgniter\CodeIgniter->runController(Object(App\Controllers\Salarios))
 8 SYSTEMPATH\CodeIgniter.php(368): CodeIgniter\CodeIgniter->handleRequest(null, Object(Config\Cache), false)
 9 FCPATH\index.php(67): CodeIgniter\CodeIgniter->run()
ERROR - 2023-03-25 15:30:27 --> mysqli_sql_exception: Unknown column 'empleados.nombre' in 'field list' in C:\xampp\htdocs\taller\system\Database\MySQLi\Connection.php:295
Stack trace:
#0 C:\xampp\htdocs\taller\system\Database\MySQLi\Connection.php(295): mysqli->query('SELECT `salario...', 0)
#1 C:\xampp\htdocs\taller\system\Database\BaseConnection.php(691): CodeIgniter\Database\MySQLi\Connection->execute('SELECT `salario...')
#2 C:\xampp\htdocs\taller\system\Database\BaseConnection.php(605): CodeIgniter\Database\BaseConnection->simpleQuery('SELECT `salario...')
#3 C:\xampp\htdocs\taller\system\Database\BaseBuilder.php(1616): CodeIgniter\Database\BaseConnection->query('SELECT `salario...', Array, false)
#4 C:\xampp\htdocs\taller\system\Model.php(268): CodeIgniter\Database\BaseBuilder->get()
#5 C:\xampp\htdocs\taller\system\BaseModel.php(656): CodeIgniter\Model->doFirst()
#6 C:\xampp\htdocs\taller\app\Models\SalariosModel.php(67): CodeIgniter\BaseModel->first()
#7 C:\xampp\htdocs\taller\app\Controllers\Salarios.php(27): App\Models\SalariosModel->buscarSalario('1', '1')
#8 C:\xampp\htdocs\taller\system\CodeIgniter.php(934): App\Controllers\Salarios->buscarSalario('1', '1')
#9 C:\xampp\htdocs\taller\system\CodeIgniter.php(499): CodeIgniter\CodeIgniter->runController(Object(App\Controllers\Salarios))
#10 C:\xampp\htdocs\taller\system\CodeIgniter.php(368): CodeIgniter\CodeIgniter->handleRequest(NULL, Object(Config\Cache), false)
#11 C:\xampp\htdocs\taller\public\index.php(67): CodeIgniter\CodeIgniter->run()
#12 {main}
CRITICAL - 2023-03-25 15:30:27 --> Unknown column 'empleados.nombre' in 'field list'
in SYSTEMPATH\Database\BaseConnection.php on line 645.
 1 SYSTEMPATH\Database\BaseBuilder.php(1616): CodeIgniter\Database\BaseConnection->query('SELECT `salarios`.`sueldo`, `periodoAno`, `empleados`.`nombre` as `nombreEmpleado`
FROM `salarios`
JOIN `empleados` ON `empleados`.`id` = `salarios`.`id_empleado`
WHERE `salarios`.`id` = :salarios.id:
AND `empleados`.`id` = :empleados.id:
 LIMIT 1', [...], false)
 2 SYSTEMPATH\Model.php(268): CodeIgniter\Database\BaseBuilder->get()
 3 SYSTEMPATH\BaseModel.php(656): CodeIgniter\Model->doFirst()
 4 APPPATH\Models\SalariosModel.php(67): CodeIgniter\BaseModel->first()
 5 APPPATH\Controllers\Salarios.php(27): App\Models\SalariosModel->buscarSalario('1', '1')
 6 SYSTEMPATH\CodeIgniter.php(934): App\Controllers\Salarios->buscarSalario('1', '1')
 7 SYSTEMPATH\CodeIgniter.php(499): CodeIgniter\CodeIgniter->runController(Object(App\Controllers\Salarios))
 8 SYSTEMPATH\CodeIgniter.php(368): CodeIgniter\CodeIgniter->handleRequest(null, Object(Config\Cache), false)
 9 FCPATH\index.php(67): CodeIgniter\CodeIgniter->run()
ERROR - 2023-03-25 15:31:17 --> mysqli_sql_exception: Unknown column 'empleados.nombre' in 'field list' in C:\xampp\htdocs\taller\system\Database\MySQLi\Connection.php:295
Stack trace:
#0 C:\xampp\htdocs\taller\system\Database\MySQLi\Connection.php(295): mysqli->query('SELECT `salario...', 0)
#1 C:\xampp\htdocs\taller\system\Database\BaseConnection.php(691): CodeIgniter\Database\MySQLi\Connection->execute('SELECT `salario...')
#2 C:\xampp\htdocs\taller\system\Database\BaseConnection.php(605): CodeIgniter\Database\BaseConnection->simpleQuery('SELECT `salario...')
#3 C:\xampp\htdocs\taller\system\Database\BaseBuilder.php(1616): CodeIgniter\Database\BaseConnection->query('SELECT `salario...', Array, false)
#4 C:\xampp\htdocs\taller\system\Model.php(268): CodeIgniter\Database\BaseBuilder->get()
#5 C:\xampp\htdocs\taller\system\BaseModel.php(656): CodeIgniter\Model->doFirst()
#6 C:\xampp\htdocs\taller\app\Models\SalariosModel.php(67): CodeIgniter\BaseModel->first()
#7 C:\xampp\htdocs\taller\app\Controllers\Salarios.php(28): App\Models\SalariosModel->buscarSalario('1', '1')
#8 C:\xampp\htdocs\taller\system\CodeIgniter.php(934): App\Controllers\Salarios->buscarSalario('1', '1')
#9 C:\xampp\htdocs\taller\system\CodeIgniter.php(499): CodeIgniter\CodeIgniter->runController(Object(App\Controllers\Salarios))
#10 C:\xampp\htdocs\taller\system\CodeIgniter.php(368): CodeIgniter\CodeIgniter->handleRequest(NULL, Object(Config\Cache), false)
#11 C:\xampp\htdocs\taller\public\index.php(67): CodeIgniter\CodeIgniter->run()
#12 {main}
CRITICAL - 2023-03-25 15:31:17 --> Unknown column 'empleados.nombre' in 'field list'
in SYSTEMPATH\Database\BaseConnection.php on line 645.
 1 SYSTEMPATH\Database\BaseBuilder.php(1616): CodeIgniter\Database\BaseConnection->query('SELECT `salarios`.`sueldo`, `periodoAno`, `empleados`.`nombre` as `nombreEmpleado`
FROM `salarios`
JOIN `empleados` ON `empleados`.`id` = `salarios`.`id_empleado`
WHERE `salarios`.`id` = :salarios.id:
AND `empleados`.`id` = :empleados.id:
 LIMIT 1', [...], false)
 2 SYSTEMPATH\Model.php(268): CodeIgniter\Database\BaseBuilder->get()
 3 SYSTEMPATH\BaseModel.php(656): CodeIgniter\Model->doFirst()
 4 APPPATH\Models\SalariosModel.php(67): CodeIgniter\BaseModel->first()
 5 APPPATH\Controllers\Salarios.php(28): App\Models\SalariosModel->buscarSalario('1', '1')
 6 SYSTEMPATH\CodeIgniter.php(934): App\Controllers\Salarios->buscarSalario('1', '1')
 7 SYSTEMPATH\CodeIgniter.php(499): CodeIgniter\CodeIgniter->runController(Object(App\Controllers\Salarios))
 8 SYSTEMPATH\CodeIgniter.php(368): CodeIgniter\CodeIgniter->handleRequest(null, Object(Config\Cache), false)
 9 FCPATH\index.php(67): CodeIgniter\CodeIgniter->run()
ERROR - 2023-03-25 15:31:33 --> mysqli_sql_exception: Unknown column 'empleados.nombre' in 'field list' in C:\xampp\htdocs\taller\system\Database\MySQLi\Connection.php:295
Stack trace:
#0 C:\xampp\htdocs\taller\system\Database\MySQLi\Connection.php(295): mysqli->query('SELECT `salario...', 0)
#1 C:\xampp\htdocs\taller\system\Database\BaseConnection.php(691): CodeIgniter\Database\MySQLi\Connection->execute('SELECT `salario...')
#2 C:\xampp\htdocs\taller\system\Database\BaseConnection.php(605): CodeIgniter\Database\BaseConnection->simpleQuery('SELECT `salario...')
#3 C:\xampp\htdocs\taller\system\Database\BaseBuilder.php(1616): CodeIgniter\Database\BaseConnection->query('SELECT `salario...', Array, false)
#4 C:\xampp\htdocs\taller\system\Model.php(268): CodeIgniter\Database\BaseBuilder->get()
#5 C:\xampp\htdocs\taller\system\BaseModel.php(656): CodeIgniter\Model->doFirst()
#6 C:\xampp\htdocs\taller\app\Models\SalariosModel.php(67): CodeIgniter\BaseModel->first()
#7 C:\xampp\htdocs\taller\app\Controllers\Salarios.php(28): App\Models\SalariosModel->buscarSalario('1', '1')
#8 C:\xampp\htdocs\taller\system\CodeIgniter.php(934): App\Controllers\Salarios->buscarSalario('1', '1')
#9 C:\xampp\htdocs\taller\system\CodeIgniter.php(499): CodeIgniter\CodeIgniter->runController(Object(App\Controllers\Salarios))
#10 C:\xampp\htdocs\taller\system\CodeIgniter.php(368): CodeIgniter\CodeIgniter->handleRequest(NULL, Object(Config\Cache), false)
#11 C:\xampp\htdocs\taller\public\index.php(67): CodeIgniter\CodeIgniter->run()
#12 {main}
CRITICAL - 2023-03-25 15:31:33 --> Unknown column 'empleados.nombre' in 'field list'
in SYSTEMPATH\Database\BaseConnection.php on line 645.
 1 SYSTEMPATH\Database\BaseBuilder.php(1616): CodeIgniter\Database\BaseConnection->query('SELECT `salarios`.`sueldo`, `periodoAno`, `empleados`.`nombre` as `nombreEmpleado`
FROM `salarios`
JOIN `empleados` ON `empleados`.`id` = `salarios`.`id_empleado`
WHERE `salarios`.`id` = :salarios.id:
AND `empleados`.`id` = :empleados.id:
 LIMIT 1', [...], false)
 2 SYSTEMPATH\Model.php(268): CodeIgniter\Database\BaseBuilder->get()
 3 SYSTEMPATH\BaseModel.php(656): CodeIgniter\Model->doFirst()
 4 APPPATH\Models\SalariosModel.php(67): CodeIgniter\BaseModel->first()
 5 APPPATH\Controllers\Salarios.php(28): App\Models\SalariosModel->buscarSalario('1', '1')
 6 SYSTEMPATH\CodeIgniter.php(934): App\Controllers\Salarios->buscarSalario('1', '1')
 7 SYSTEMPATH\CodeIgniter.php(499): CodeIgniter\CodeIgniter->runController(Object(App\Controllers\Salarios))
 8 SYSTEMPATH\CodeIgniter.php(368): CodeIgniter\CodeIgniter->handleRequest(null, Object(Config\Cache), false)
 9 FCPATH\index.php(67): CodeIgniter\CodeIgniter->run()
ERROR - 2023-03-25 15:31:58 --> mysqli_sql_exception: Unknown column 'empleados.nombre' in 'field list' in C:\xampp\htdocs\taller\system\Database\MySQLi\Connection.php:295
Stack trace:
#0 C:\xampp\htdocs\taller\system\Database\MySQLi\Connection.php(295): mysqli->query('SELECT `salario...', 0)
#1 C:\xampp\htdocs\taller\system\Database\BaseConnection.php(691): CodeIgniter\Database\MySQLi\Connection->execute('SELECT `salario...')
#2 C:\xampp\htdocs\taller\system\Database\BaseConnection.php(605): CodeIgniter\Database\BaseConnection->simpleQuery('SELECT `salario...')
#3 C:\xampp\htdocs\taller\system\Database\BaseBuilder.php(1616): CodeIgniter\Database\BaseConnection->query('SELECT `salario...', Array, false)
#4 C:\xampp\htdocs\taller\system\Model.php(268): CodeIgniter\Database\BaseBuilder->get()
#5 C:\xampp\htdocs\taller\system\BaseModel.php(656): CodeIgniter\Model->doFirst()
#6 C:\xampp\htdocs\taller\app\Models\SalariosModel.php(68): CodeIgniter\BaseModel->first()
#7 C:\xampp\htdocs\taller\app\Controllers\Salarios.php(27): App\Models\SalariosModel->buscarSalario('1', '1')
#8 C:\xampp\htdocs\taller\system\CodeIgniter.php(934): App\Controllers\Salarios->buscarSalario('1', '1')
#9 C:\xampp\htdocs\taller\system\CodeIgniter.php(499): CodeIgniter\CodeIgniter->runController(Object(App\Controllers\Salarios))
#10 C:\xampp\htdocs\taller\system\CodeIgniter.php(368): CodeIgniter\CodeIgniter->handleRequest(NULL, Object(Config\Cache), false)
#11 C:\xampp\htdocs\taller\public\index.php(67): CodeIgniter\CodeIgniter->run()
#12 {main}
CRITICAL - 2023-03-25 15:31:58 --> Unknown column 'empleados.nombre' in 'field list'
in SYSTEMPATH\Database\BaseConnection.php on line 645.
 1 SYSTEMPATH\Database\BaseBuilder.php(1616): CodeIgniter\Database\BaseConnection->query('SELECT `salarios`.`sueldo`, `periodoAno`, `empleados`.`nombre` as `nombreEmpleado`
FROM `salarios`
JOIN `empleados` ON `empleados`.`id` = `salarios`.`id_empleado`
WHERE `salarios`.`id` = :salarios.id:
AND `empleados`.`id` = :empleados.id:
 LIMIT 1', [...], false)
 2 SYSTEMPATH\Model.php(268): CodeIgniter\Database\BaseBuilder->get()
 3 SYSTEMPATH\BaseModel.php(656): CodeIgniter\Model->doFirst()
 4 APPPATH\Models\SalariosModel.php(68): CodeIgniter\BaseModel->first()
 5 APPPATH\Controllers\Salarios.php(27): App\Models\SalariosModel->buscarSalario('1', '1')
 6 SYSTEMPATH\CodeIgniter.php(934): App\Controllers\Salarios->buscarSalario('1', '1')
 7 SYSTEMPATH\CodeIgniter.php(499): CodeIgniter\CodeIgniter->runController(Object(App\Controllers\Salarios))
 8 SYSTEMPATH\CodeIgniter.php(368): CodeIgniter\CodeIgniter->handleRequest(null, Object(Config\Cache), false)
 9 FCPATH\index.php(67): CodeIgniter\CodeIgniter->run()
ERROR - 2023-03-25 15:36:32 --> mysqli_sql_exception: Unknown column 'empleados.nombre' in 'field list' in C:\xampp\htdocs\taller\system\Database\MySQLi\Connection.php:295
Stack trace:
#0 C:\xampp\htdocs\taller\system\Database\MySQLi\Connection.php(295): mysqli->query('SELECT `salario...', 0)
#1 C:\xampp\htdocs\taller\system\Database\BaseConnection.php(691): CodeIgniter\Database\MySQLi\Connection->execute('SELECT `salario...')
#2 C:\xampp\htdocs\taller\system\Database\BaseConnection.php(605): CodeIgniter\Database\BaseConnection->simpleQuery('SELECT `salario...')
#3 C:\xampp\htdocs\taller\system\Database\BaseBuilder.php(1616): CodeIgniter\Database\BaseConnection->query('SELECT `salario...', Array, false)
#4 C:\xampp\htdocs\taller\system\Model.php(268): CodeIgniter\Database\BaseBuilder->get()
#5 C:\xampp\htdocs\taller\system\BaseModel.php(656): CodeIgniter\Model->doFirst()
#6 C:\xampp\htdocs\taller\app\Models\SalariosModel.php(68): CodeIgniter\BaseModel->first()
#7 C:\xampp\htdocs\taller\app\Controllers\Salarios.php(27): App\Models\SalariosModel->buscarSalario('1', '1')
#8 C:\xampp\htdocs\taller\system\CodeIgniter.php(934): App\Controllers\Salarios->buscarSalario('1', '1')
#9 C:\xampp\htdocs\taller\system\CodeIgniter.php(499): CodeIgniter\CodeIgniter->runController(Object(App\Controllers\Salarios))
#10 C:\xampp\htdocs\taller\system\CodeIgniter.php(368): CodeIgniter\CodeIgniter->handleRequest(NULL, Object(Config\Cache), false)
#11 C:\xampp\htdocs\taller\public\index.php(67): CodeIgniter\CodeIgniter->run()
#12 {main}
CRITICAL - 2023-03-25 15:36:32 --> Unknown column 'empleados.nombre' in 'field list'
in SYSTEMPATH\Database\BaseConnection.php on line 645.
 1 SYSTEMPATH\Database\BaseBuilder.php(1616): CodeIgniter\Database\BaseConnection->query('SELECT `salarios`.`sueldo`, `periodoAno`, `empleados`.`nombre` as `nombreEmpleado`
FROM `salarios`
JOIN `empleados` ON `empleados`.`id` = `salarios`.`id_empleado`
WHERE `salarios`.`id` = :salarios.id:
AND `empleados`.`id` = :empleados.id:
 LIMIT 1', [...], false)
 2 SYSTEMPATH\Model.php(268): CodeIgniter\Database\BaseBuilder->get()
 3 SYSTEMPATH\BaseModel.php(656): CodeIgniter\Model->doFirst()
 4 APPPATH\Models\SalariosModel.php(68): CodeIgniter\BaseModel->first()
 5 APPPATH\Controllers\Salarios.php(27): App\Models\SalariosModel->buscarSalario('1', '1')
 6 SYSTEMPATH\CodeIgniter.php(934): App\Controllers\Salarios->buscarSalario('1', '1')
 7 SYSTEMPATH\CodeIgniter.php(499): CodeIgniter\CodeIgniter->runController(Object(App\Controllers\Salarios))
 8 SYSTEMPATH\CodeIgniter.php(368): CodeIgniter\CodeIgniter->handleRequest(null, Object(Config\Cache), false)
 9 FCPATH\index.php(67): CodeIgniter\CodeIgniter->run()
ERROR - 2023-03-25 15:36:47 --> mysqli_sql_exception: Unknown column 'empleados.nombre' in 'field list' in C:\xampp\htdocs\taller\system\Database\MySQLi\Connection.php:295
Stack trace:
#0 C:\xampp\htdocs\taller\system\Database\MySQLi\Connection.php(295): mysqli->query('SELECT `salario...', 0)
#1 C:\xampp\htdocs\taller\system\Database\BaseConnection.php(691): CodeIgniter\Database\MySQLi\Connection->execute('SELECT `salario...')
#2 C:\xampp\htdocs\taller\system\Database\BaseConnection.php(605): CodeIgniter\Database\BaseConnection->simpleQuery('SELECT `salario...')
#3 C:\xampp\htdocs\taller\system\Database\BaseBuilder.php(1616): CodeIgniter\Database\BaseConnection->query('SELECT `salario...', Array, false)
#4 C:\xampp\htdocs\taller\system\Model.php(268): CodeIgniter\Database\BaseBuilder->get()
#5 C:\xampp\htdocs\taller\system\BaseModel.php(656): CodeIgniter\Model->doFirst()
#6 C:\xampp\htdocs\taller\app\Models\SalariosModel.php(68): CodeIgniter\BaseModel->first()
#7 C:\xampp\htdocs\taller\app\Controllers\Salarios.php(27): App\Models\SalariosModel->buscarSalario('1', '1')
#8 C:\xampp\htdocs\taller\system\CodeIgniter.php(934): App\Controllers\Salarios->buscarSalario('1', '1')
#9 C:\xampp\htdocs\taller\system\CodeIgniter.php(499): CodeIgniter\CodeIgniter->runController(Object(App\Controllers\Salarios))
#10 C:\xampp\htdocs\taller\system\CodeIgniter.php(368): CodeIgniter\CodeIgniter->handleRequest(NULL, Object(Config\Cache), false)
#11 C:\xampp\htdocs\taller\public\index.php(67): CodeIgniter\CodeIgniter->run()
#12 {main}
CRITICAL - 2023-03-25 15:36:47 --> Unknown column 'empleados.nombre' in 'field list'
in SYSTEMPATH\Database\BaseConnection.php on line 645.
 1 SYSTEMPATH\Database\BaseBuilder.php(1616): CodeIgniter\Database\BaseConnection->query('SELECT `salarios`.`sueldo`, `periodoAno`, `empleados`.`nombre` as `nombreEmpleado`
FROM `salarios`
JOIN `empleados` ON `empleados`.`id` = `salarios`.`id_empleado`
WHERE `salarios`.`id` = :salarios.id:
AND `empleados`.`id` = :empleados.id:
 LIMIT 1', [...], false)
 2 SYSTEMPATH\Model.php(268): CodeIgniter\Database\BaseBuilder->get()
 3 SYSTEMPATH\BaseModel.php(656): CodeIgniter\Model->doFirst()
 4 APPPATH\Models\SalariosModel.php(68): CodeIgniter\BaseModel->first()
 5 APPPATH\Controllers\Salarios.php(27): App\Models\SalariosModel->buscarSalario('1', '1')
 6 SYSTEMPATH\CodeIgniter.php(934): App\Controllers\Salarios->buscarSalario('1', '1')
 7 SYSTEMPATH\CodeIgniter.php(499): CodeIgniter\CodeIgniter->runController(Object(App\Controllers\Salarios))
 8 SYSTEMPATH\CodeIgniter.php(368): CodeIgniter\CodeIgniter->handleRequest(null, Object(Config\Cache), false)
 9 FCPATH\index.php(67): CodeIgniter\CodeIgniter->run()
ERROR - 2023-03-25 15:41:08 --> mysqli_sql_exception: Unknown column 'empleados.nombre' in 'field list' in C:\xampp\htdocs\taller\system\Database\MySQLi\Connection.php:295
Stack trace:
#0 C:\xampp\htdocs\taller\system\Database\MySQLi\Connection.php(295): mysqli->query('SELECT `salario...', 0)
#1 C:\xampp\htdocs\taller\system\Database\BaseConnection.php(691): CodeIgniter\Database\MySQLi\Connection->execute('SELECT `salario...')
#2 C:\xampp\htdocs\taller\system\Database\BaseConnection.php(605): CodeIgniter\Database\BaseConnection->simpleQuery('SELECT `salario...')
#3 C:\xampp\htdocs\taller\system\Database\BaseBuilder.php(1616): CodeIgniter\Database\BaseConnection->query('SELECT `salario...', Array, false)
#4 C:\xampp\htdocs\taller\system\Model.php(268): CodeIgniter\Database\BaseBuilder->get()
#5 C:\xampp\htdocs\taller\system\BaseModel.php(656): CodeIgniter\Model->doFirst()
#6 C:\xampp\htdocs\taller\app\Models\SalariosModel.php(68): CodeIgniter\BaseModel->first()
#7 C:\xampp\htdocs\taller\app\Controllers\Salarios.php(27): App\Models\SalariosModel->buscarSalario('1', '1')
#8 C:\xampp\htdocs\taller\system\CodeIgniter.php(934): App\Controllers\Salarios->buscarSalario('1', '1')
#9 C:\xampp\htdocs\taller\system\CodeIgniter.php(499): CodeIgniter\CodeIgniter->runController(Object(App\Controllers\Salarios))
#10 C:\xampp\htdocs\taller\system\CodeIgniter.php(368): CodeIgniter\CodeIgniter->handleRequest(NULL, Object(Config\Cache), false)
#11 C:\xampp\htdocs\taller\public\index.php(67): CodeIgniter\CodeIgniter->run()
#12 {main}
CRITICAL - 2023-03-25 15:41:08 --> Unknown column 'empleados.nombre' in 'field list'
in SYSTEMPATH\Database\BaseConnection.php on line 645.
 1 SYSTEMPATH\Database\BaseBuilder.php(1616): CodeIgniter\Database\BaseConnection->query('SELECT `salarios`.`sueldo`, `periodoAno`, `empleados`.`nombre` as `nombreEmpleado`
FROM `salarios`
JOIN `empleados` ON `empleados`.`id` = `salarios`.`id_empleado`
WHERE `salarios`.`id` = :salarios.id:
AND `empleados`.`id` = :empleados.id:
 LIMIT 1', [...], false)
 2 SYSTEMPATH\Model.php(268): CodeIgniter\Database\BaseBuilder->get()
 3 SYSTEMPATH\BaseModel.php(656): CodeIgniter\Model->doFirst()
 4 APPPATH\Models\SalariosModel.php(68): CodeIgniter\BaseModel->first()
 5 APPPATH\Controllers\Salarios.php(27): App\Models\SalariosModel->buscarSalario('1', '1')
 6 SYSTEMPATH\CodeIgniter.php(934): App\Controllers\Salarios->buscarSalario('1', '1')
 7 SYSTEMPATH\CodeIgniter.php(499): CodeIgniter\CodeIgniter->runController(Object(App\Controllers\Salarios))
 8 SYSTEMPATH\CodeIgniter.php(368): CodeIgniter\CodeIgniter->handleRequest(null, Object(Config\Cache), false)
 9 FCPATH\index.php(67): CodeIgniter\CodeIgniter->run()
ERROR - 2023-03-25 15:41:34 --> mysqli_sql_exception: Unknown column 'empleados.nombre' in 'field list' in C:\xampp\htdocs\taller\system\Database\MySQLi\Connection.php:295
Stack trace:
#0 C:\xampp\htdocs\taller\system\Database\MySQLi\Connection.php(295): mysqli->query('SELECT `salario...', 0)
#1 C:\xampp\htdocs\taller\system\Database\BaseConnection.php(691): CodeIgniter\Database\MySQLi\Connection->execute('SELECT `salario...')
#2 C:\xampp\htdocs\taller\system\Database\BaseConnection.php(605): CodeIgniter\Database\BaseConnection->simpleQuery('SELECT `salario...')
#3 C:\xampp\htdocs\taller\system\Database\BaseBuilder.php(1616): CodeIgniter\Database\BaseConnection->query('SELECT `salario...', Array, false)
#4 C:\xampp\htdocs\taller\system\Model.php(268): CodeIgniter\Database\BaseBuilder->get()
#5 C:\xampp\htdocs\taller\system\BaseModel.php(656): CodeIgniter\Model->doFirst()
#6 C:\xampp\htdocs\taller\app\Models\SalariosModel.php(68): CodeIgniter\BaseModel->first()
#7 C:\xampp\htdocs\taller\app\Controllers\Salarios.php(27): App\Models\SalariosModel->buscarSalario('1', '1')
#8 C:\xampp\htdocs\taller\system\CodeIgniter.php(934): App\Controllers\Salarios->buscarSalario('1', '1')
#9 C:\xampp\htdocs\taller\system\CodeIgniter.php(499): CodeIgniter\CodeIgniter->runController(Object(App\Controllers\Salarios))
#10 C:\xampp\htdocs\taller\system\CodeIgniter.php(368): CodeIgniter\CodeIgniter->handleRequest(NULL, Object(Config\Cache), false)
#11 C:\xampp\htdocs\taller\public\index.php(67): CodeIgniter\CodeIgniter->run()
#12 {main}
CRITICAL - 2023-03-25 15:41:34 --> Unknown column 'empleados.nombre' in 'field list'
in SYSTEMPATH\Database\BaseConnection.php on line 645.
 1 SYSTEMPATH\Database\BaseBuilder.php(1616): CodeIgniter\Database\BaseConnection->query('SELECT `salarios`.`sueldo`, `periodoAno`, `empleados`.`nombre` as `nombreEmpleado`
FROM `salarios`
JOIN `empleados` ON `empleados`.`id` = `salarios`.`id_empleado`
WHERE `salarios`.`id` = :salarios.id:
AND `empleados`.`id` = :empleados.id:
 LIMIT 1', [...], false)
 2 SYSTEMPATH\Model.php(268): CodeIgniter\Database\BaseBuilder->get()
 3 SYSTEMPATH\BaseModel.php(656): CodeIgniter\Model->doFirst()
 4 APPPATH\Models\SalariosModel.php(68): CodeIgniter\BaseModel->first()
 5 APPPATH\Controllers\Salarios.php(27): App\Models\SalariosModel->buscarSalario('1', '1')
 6 SYSTEMPATH\CodeIgniter.php(934): App\Controllers\Salarios->buscarSalario('1', '1')
 7 SYSTEMPATH\CodeIgniter.php(499): CodeIgniter\CodeIgniter->runController(Object(App\Controllers\Salarios))
 8 SYSTEMPATH\CodeIgniter.php(368): CodeIgniter\CodeIgniter->handleRequest(null, Object(Config\Cache), false)
 9 FCPATH\index.php(67): CodeIgniter\CodeIgniter->run()
ERROR - 2023-03-25 15:44:27 --> mysqli_sql_exception: Unknown column 'empleados.nombre' in 'field list' in C:\xampp\htdocs\taller\system\Database\MySQLi\Connection.php:295
Stack trace:
#0 C:\xampp\htdocs\taller\system\Database\MySQLi\Connection.php(295): mysqli->query('SELECT `salario...', 0)
#1 C:\xampp\htdocs\taller\system\Database\BaseConnection.php(691): CodeIgniter\Database\MySQLi\Connection->execute('SELECT `salario...')
#2 C:\xampp\htdocs\taller\system\Database\BaseConnection.php(605): CodeIgniter\Database\BaseConnection->simpleQuery('SELECT `salario...')
#3 C:\xampp\htdocs\taller\system\Database\BaseBuilder.php(1616): CodeIgniter\Database\BaseConnection->query('SELECT `salario...', Array, false)
#4 C:\xampp\htdocs\taller\system\Model.php(268): CodeIgniter\Database\BaseBuilder->get()
#5 C:\xampp\htdocs\taller\system\BaseModel.php(656): CodeIgniter\Model->doFirst()
#6 C:\xampp\htdocs\taller\app\Models\SalariosModel.php(68): CodeIgniter\BaseModel->first()
#7 C:\xampp\htdocs\taller\app\Controllers\Salarios.php(27): App\Models\SalariosModel->buscarSalario('1', '1')
#8 C:\xampp\htdocs\taller\system\CodeIgniter.php(934): App\Controllers\Salarios->buscarSalario('1', '1')
#9 C:\xampp\htdocs\taller\system\CodeIgniter.php(499): CodeIgniter\CodeIgniter->runController(Object(App\Controllers\Salarios))
#10 C:\xampp\htdocs\taller\system\CodeIgniter.php(368): CodeIgniter\CodeIgniter->handleRequest(NULL, Object(Config\Cache), false)
#11 C:\xampp\htdocs\taller\public\index.php(67): CodeIgniter\CodeIgniter->run()
#12 {main}
CRITICAL - 2023-03-25 15:44:27 --> Unknown column 'empleados.nombre' in 'field list'
in SYSTEMPATH\Database\BaseConnection.php on line 645.
 1 SYSTEMPATH\Database\BaseBuilder.php(1616): CodeIgniter\Database\BaseConnection->query('SELECT `salarios`.`sueldo`, `salarios`.`periodoAno`, `empleados`.`nombre` as `nombreEmpleado`
FROM `salarios`
JOIN `empleados` ON `empleados`.`id` = `salarios`.`id_empleado`
WHERE `salarios`.`id` = :salarios.id:
AND `empleados`.`id` = :empleados.id:
 LIMIT 1', [...], false)
 2 SYSTEMPATH\Model.php(268): CodeIgniter\Database\BaseBuilder->get()
 3 SYSTEMPATH\BaseModel.php(656): CodeIgniter\Model->doFirst()
 4 APPPATH\Models\SalariosModel.php(68): CodeIgniter\BaseModel->first()
 5 APPPATH\Controllers\Salarios.php(27): App\Models\SalariosModel->buscarSalario('1', '1')
 6 SYSTEMPATH\CodeIgniter.php(934): App\Controllers\Salarios->buscarSalario('1', '1')
 7 SYSTEMPATH\CodeIgniter.php(499): CodeIgniter\CodeIgniter->runController(Object(App\Controllers\Salarios))
 8 SYSTEMPATH\CodeIgniter.php(368): CodeIgniter\CodeIgniter->handleRequest(null, Object(Config\Cache), false)
 9 FCPATH\index.php(67): CodeIgniter\CodeIgniter->run()
ERROR - 2023-03-25 15:44:41 --> mysqli_sql_exception: Unknown column 'empleados.nombre' in 'field list' in C:\xampp\htdocs\taller\system\Database\MySQLi\Connection.php:295
Stack trace:
#0 C:\xampp\htdocs\taller\system\Database\MySQLi\Connection.php(295): mysqli->query('SELECT `salario...', 0)
#1 C:\xampp\htdocs\taller\system\Database\BaseConnection.php(691): CodeIgniter\Database\MySQLi\Connection->execute('SELECT `salario...')
#2 C:\xampp\htdocs\taller\system\Database\BaseConnection.php(605): CodeIgniter\Database\BaseConnection->simpleQuery('SELECT `salario...')
#3 C:\xampp\htdocs\taller\system\Database\BaseBuilder.php(1616): CodeIgniter\Database\BaseConnection->query('SELECT `salario...', Array, false)
#4 C:\xampp\htdocs\taller\system\Model.php(268): CodeIgniter\Database\BaseBuilder->get()
#5 C:\xampp\htdocs\taller\system\BaseModel.php(656): CodeIgniter\Model->doFirst()
#6 C:\xampp\htdocs\taller\app\Models\SalariosModel.php(68): CodeIgniter\BaseModel->first()
#7 C:\xampp\htdocs\taller\app\Controllers\Salarios.php(27): App\Models\SalariosModel->buscarSalario('1', '1')
#8 C:\xampp\htdocs\taller\system\CodeIgniter.php(934): App\Controllers\Salarios->buscarSalario('1', '1')
#9 C:\xampp\htdocs\taller\system\CodeIgniter.php(499): CodeIgniter\CodeIgniter->runController(Object(App\Controllers\Salarios))
#10 C:\xampp\htdocs\taller\system\CodeIgniter.php(368): CodeIgniter\CodeIgniter->handleRequest(NULL, Object(Config\Cache), false)
#11 C:\xampp\htdocs\taller\public\index.php(67): CodeIgniter\CodeIgniter->run()
#12 {main}
CRITICAL - 2023-03-25 15:44:41 --> Unknown column 'empleados.nombre' in 'field list'
in SYSTEMPATH\Database\BaseConnection.php on line 645.
 1 SYSTEMPATH\Database\BaseBuilder.php(1616): CodeIgniter\Database\BaseConnection->query('SELECT `salarios`.`sueldo`, `salarios`.`periodoAno`, `empleados`.`nombre` as `nombreEmpleado`
FROM `salarios`
JOIN `empleados` ON `empleados`.`id` = `salarios`.`id_empleado`
WHERE `salarios`.`id` = :salarios.id:
AND `empleados`.`id` = :empleados.id:
 LIMIT 1', [...], false)
 2 SYSTEMPATH\Model.php(268): CodeIgniter\Database\BaseBuilder->get()
 3 SYSTEMPATH\BaseModel.php(656): CodeIgniter\Model->doFirst()
 4 APPPATH\Models\SalariosModel.php(68): CodeIgniter\BaseModel->first()
 5 APPPATH\Controllers\Salarios.php(27): App\Models\SalariosModel->buscarSalario('1', '1')
 6 SYSTEMPATH\CodeIgniter.php(934): App\Controllers\Salarios->buscarSalario('1', '1')
 7 SYSTEMPATH\CodeIgniter.php(499): CodeIgniter\CodeIgniter->runController(Object(App\Controllers\Salarios))
 8 SYSTEMPATH\CodeIgniter.php(368): CodeIgniter\CodeIgniter->handleRequest(null, Object(Config\Cache), false)
 9 FCPATH\index.php(67): CodeIgniter\CodeIgniter->run()
ERROR - 2023-03-25 15:44:52 --> mysqli_sql_exception: Unknown column 'empleados.nombre' in 'field list' in C:\xampp\htdocs\taller\system\Database\MySQLi\Connection.php:295
Stack trace:
#0 C:\xampp\htdocs\taller\system\Database\MySQLi\Connection.php(295): mysqli->query('SELECT `salario...', 0)
#1 C:\xampp\htdocs\taller\system\Database\BaseConnection.php(691): CodeIgniter\Database\MySQLi\Connection->execute('SELECT `salario...')
#2 C:\xampp\htdocs\taller\system\Database\BaseConnection.php(605): CodeIgniter\Database\BaseConnection->simpleQuery('SELECT `salario...')
#3 C:\xampp\htdocs\taller\system\Database\BaseBuilder.php(1616): CodeIgniter\Database\BaseConnection->query('SELECT `salario...', Array, false)
#4 C:\xampp\htdocs\taller\system\Model.php(268): CodeIgniter\Database\BaseBuilder->get()
#5 C:\xampp\htdocs\taller\system\BaseModel.php(656): CodeIgniter\Model->doFirst()
#6 C:\xampp\htdocs\taller\app\Models\SalariosModel.php(68): CodeIgniter\BaseModel->first()
#7 C:\xampp\htdocs\taller\app\Controllers\Salarios.php(27): App\Models\SalariosModel->buscarSalario('1', '1')
#8 C:\xampp\htdocs\taller\system\CodeIgniter.php(934): App\Controllers\Salarios->buscarSalario('1', '1')
#9 C:\xampp\htdocs\taller\system\CodeIgniter.php(499): CodeIgniter\CodeIgniter->runController(Object(App\Controllers\Salarios))
#10 C:\xampp\htdocs\taller\system\CodeIgniter.php(368): CodeIgniter\CodeIgniter->handleRequest(NULL, Object(Config\Cache), false)
#11 C:\xampp\htdocs\taller\public\index.php(67): CodeIgniter\CodeIgniter->run()
#12 {main}
CRITICAL - 2023-03-25 15:44:52 --> Unknown column 'empleados.nombre' in 'field list'
in SYSTEMPATH\Database\BaseConnection.php on line 645.
 1 SYSTEMPATH\Database\BaseBuilder.php(1616): CodeIgniter\Database\BaseConnection->query('SELECT `salarios`.`sueldo`, `salarios`.`periodoAno`, `empleados`.`nombre` as `nombreEmpleado`
FROM `salarios`
JOIN `empleados` ON `empleados`.`id` = `salarios`.`id_empleado`
WHERE `salarios`.`id` = :salarios.id:
AND `empleados`.`id` = :empleados.id:
 LIMIT 1', [...], false)
 2 SYSTEMPATH\Model.php(268): CodeIgniter\Database\BaseBuilder->get()
 3 SYSTEMPATH\BaseModel.php(656): CodeIgniter\Model->doFirst()
 4 APPPATH\Models\SalariosModel.php(68): CodeIgniter\BaseModel->first()
 5 APPPATH\Controllers\Salarios.php(27): App\Models\SalariosModel->buscarSalario('1', '1')
 6 SYSTEMPATH\CodeIgniter.php(934): App\Controllers\Salarios->buscarSalario('1', '1')
 7 SYSTEMPATH\CodeIgniter.php(499): CodeIgniter\CodeIgniter->runController(Object(App\Controllers\Salarios))
 8 SYSTEMPATH\CodeIgniter.php(368): CodeIgniter\CodeIgniter->handleRequest(null, Object(Config\Cache), false)
 9 FCPATH\index.php(67): CodeIgniter\CodeIgniter->run()
ERROR - 2023-03-25 15:45:02 --> mysqli_sql_exception: Unknown column 'empleados.nombre' in 'field list' in C:\xampp\htdocs\taller\system\Database\MySQLi\Connection.php:295
Stack trace:
#0 C:\xampp\htdocs\taller\system\Database\MySQLi\Connection.php(295): mysqli->query('SELECT `salario...', 0)
#1 C:\xampp\htdocs\taller\system\Database\BaseConnection.php(691): CodeIgniter\Database\MySQLi\Connection->execute('SELECT `salario...')
#2 C:\xampp\htdocs\taller\system\Database\BaseConnection.php(605): CodeIgniter\Database\BaseConnection->simpleQuery('SELECT `salario...')
#3 C:\xampp\htdocs\taller\system\Database\BaseBuilder.php(1616): CodeIgniter\Database\BaseConnection->query('SELECT `salario...', Array, false)
#4 C:\xampp\htdocs\taller\system\Model.php(268): CodeIgniter\Database\BaseBuilder->get()
#5 C:\xampp\htdocs\taller\system\BaseModel.php(656): CodeIgniter\Model->doFirst()
#6 C:\xampp\htdocs\taller\app\Models\SalariosModel.php(68): CodeIgniter\BaseModel->first()
#7 C:\xampp\htdocs\taller\app\Controllers\Salarios.php(27): App\Models\SalariosModel->buscarSalario('1', '1')
#8 C:\xampp\htdocs\taller\system\CodeIgniter.php(934): App\Controllers\Salarios->buscarSalario('1', '1')
#9 C:\xampp\htdocs\taller\system\CodeIgniter.php(499): CodeIgniter\CodeIgniter->runController(Object(App\Controllers\Salarios))
#10 C:\xampp\htdocs\taller\system\CodeIgniter.php(368): CodeIgniter\CodeIgniter->handleRequest(NULL, Object(Config\Cache), false)
#11 C:\xampp\htdocs\taller\public\index.php(67): CodeIgniter\CodeIgniter->run()
#12 {main}
CRITICAL - 2023-03-25 15:45:02 --> Unknown column 'empleados.nombre' in 'field list'
in SYSTEMPATH\Database\BaseConnection.php on line 645.
 1 SYSTEMPATH\Database\BaseBuilder.php(1616): CodeIgniter\Database\BaseConnection->query('SELECT `salarios`.`sueldo`, `salarios`.`periodoAno`, `empleados`.`nombre` as `nombreEmpleado`
FROM `salarios`
JOIN `empleados` ON `empleados`.`id` = `salarios`.`id_empleado`
WHERE `salarios`.`id` = :salarios.id:
AND `empleados`.`id` = :empleados.id:
 LIMIT 1', [...], false)
 2 SYSTEMPATH\Model.php(268): CodeIgniter\Database\BaseBuilder->get()
 3 SYSTEMPATH\BaseModel.php(656): CodeIgniter\Model->doFirst()
 4 APPPATH\Models\SalariosModel.php(68): CodeIgniter\BaseModel->first()
 5 APPPATH\Controllers\Salarios.php(27): App\Models\SalariosModel->buscarSalario('1', '1')
 6 SYSTEMPATH\CodeIgniter.php(934): App\Controllers\Salarios->buscarSalario('1', '1')
 7 SYSTEMPATH\CodeIgniter.php(499): CodeIgniter\CodeIgniter->runController(Object(App\Controllers\Salarios))
 8 SYSTEMPATH\CodeIgniter.php(368): CodeIgniter\CodeIgniter->handleRequest(null, Object(Config\Cache), false)
 9 FCPATH\index.php(67): CodeIgniter\CodeIgniter->run()
ERROR - 2023-03-25 15:45:12 --> mysqli_sql_exception: Unknown column 'empleados.nombre' in 'field list' in C:\xampp\htdocs\taller\system\Database\MySQLi\Connection.php:295
Stack trace:
#0 C:\xampp\htdocs\taller\system\Database\MySQLi\Connection.php(295): mysqli->query('SELECT `salario...', 0)
#1 C:\xampp\htdocs\taller\system\Database\BaseConnection.php(691): CodeIgniter\Database\MySQLi\Connection->execute('SELECT `salario...')
#2 C:\xampp\htdocs\taller\system\Database\BaseConnection.php(605): CodeIgniter\Database\BaseConnection->simpleQuery('SELECT `salario...')
#3 C:\xampp\htdocs\taller\system\Database\BaseBuilder.php(1616): CodeIgniter\Database\BaseConnection->query('SELECT `salario...', Array, false)
#4 C:\xampp\htdocs\taller\system\Model.php(268): CodeIgniter\Database\BaseBuilder->get()
#5 C:\xampp\htdocs\taller\system\BaseModel.php(656): CodeIgniter\Model->doFirst()
#6 C:\xampp\htdocs\taller\app\Models\SalariosModel.php(68): CodeIgniter\BaseModel->first()
#7 C:\xampp\htdocs\taller\app\Controllers\Salarios.php(27): App\Models\SalariosModel->buscarSalario('1', '1')
#8 C:\xampp\htdocs\taller\system\CodeIgniter.php(934): App\Controllers\Salarios->buscarSalario('1', '1')
#9 C:\xampp\htdocs\taller\system\CodeIgniter.php(499): CodeIgniter\CodeIgniter->runController(Object(App\Controllers\Salarios))
#10 C:\xampp\htdocs\taller\system\CodeIgniter.php(368): CodeIgniter\CodeIgniter->handleRequest(NULL, Object(Config\Cache), false)
#11 C:\xampp\htdocs\taller\public\index.php(67): CodeIgniter\CodeIgniter->run()
#12 {main}
CRITICAL - 2023-03-25 15:45:12 --> Unknown column 'empleados.nombre' in 'field list'
in SYSTEMPATH\Database\BaseConnection.php on line 645.
 1 SYSTEMPATH\Database\BaseBuilder.php(1616): CodeIgniter\Database\BaseConnection->query('SELECT `salarios`.`sueldo`, `salarios`.`periodoAno`, `empleados`.`nombre` as `nombreEmpleado`
FROM `salarios`
JOIN `empleados` ON `empleados`.`id` = `salarios`.`id_empleado`
WHERE `salarios`.`id` = :salarios.id:
AND `empleados`.`id` = :empleados.id:
 LIMIT 1', [...], false)
 2 SYSTEMPATH\Model.php(268): CodeIgniter\Database\BaseBuilder->get()
 3 SYSTEMPATH\BaseModel.php(656): CodeIgniter\Model->doFirst()
 4 APPPATH\Models\SalariosModel.php(68): CodeIgniter\BaseModel->first()
 5 APPPATH\Controllers\Salarios.php(27): App\Models\SalariosModel->buscarSalario('1', '1')
 6 SYSTEMPATH\CodeIgniter.php(934): App\Controllers\Salarios->buscarSalario('1', '1')
 7 SYSTEMPATH\CodeIgniter.php(499): CodeIgniter\CodeIgniter->runController(Object(App\Controllers\Salarios))
 8 SYSTEMPATH\CodeIgniter.php(368): CodeIgniter\CodeIgniter->handleRequest(null, Object(Config\Cache), false)
 9 FCPATH\index.php(67): CodeIgniter\CodeIgniter->run()
ERROR - 2023-03-25 15:45:28 --> mysqli_sql_exception: Unknown column 'empleados.nombre' in 'field list' in C:\xampp\htdocs\taller\system\Database\MySQLi\Connection.php:295
Stack trace:
#0 C:\xampp\htdocs\taller\system\Database\MySQLi\Connection.php(295): mysqli->query('SELECT `salario...', 0)
#1 C:\xampp\htdocs\taller\system\Database\BaseConnection.php(691): CodeIgniter\Database\MySQLi\Connection->execute('SELECT `salario...')
#2 C:\xampp\htdocs\taller\system\Database\BaseConnection.php(605): CodeIgniter\Database\BaseConnection->simpleQuery('SELECT `salario...')
#3 C:\xampp\htdocs\taller\system\Database\BaseBuilder.php(1616): CodeIgniter\Database\BaseConnection->query('SELECT `salario...', Array, false)
#4 C:\xampp\htdocs\taller\system\Model.php(268): CodeIgniter\Database\BaseBuilder->get()
#5 C:\xampp\htdocs\taller\system\BaseModel.php(656): CodeIgniter\Model->doFirst()
#6 C:\xampp\htdocs\taller\app\Models\SalariosModel.php(67): CodeIgniter\BaseModel->first()
#7 C:\xampp\htdocs\taller\app\Controllers\Salarios.php(27): App\Models\SalariosModel->buscarSalario('1', '1')
#8 C:\xampp\htdocs\taller\system\CodeIgniter.php(934): App\Controllers\Salarios->buscarSalario('1', '1')
#9 C:\xampp\htdocs\taller\system\CodeIgniter.php(499): CodeIgniter\CodeIgniter->runController(Object(App\Controllers\Salarios))
#10 C:\xampp\htdocs\taller\system\CodeIgniter.php(368): CodeIgniter\CodeIgniter->handleRequest(NULL, Object(Config\Cache), false)
#11 C:\xampp\htdocs\taller\public\index.php(67): CodeIgniter\CodeIgniter->run()
#12 {main}
CRITICAL - 2023-03-25 15:45:28 --> Unknown column 'empleados.nombre' in 'field list'
in SYSTEMPATH\Database\BaseConnection.php on line 645.
 1 SYSTEMPATH\Database\BaseBuilder.php(1616): CodeIgniter\Database\BaseConnection->query('SELECT `salarios`.`sueldo`, `salarios`.`periodoAno`, `empleados`.`nombre` as `nombreEmpleado`
FROM `salarios`
JOIN `empleados` ON `empleados`.`id` = `salarios`.`id_empleado`
WHERE `salarios`.`id` = :salarios.id:
AND `empleados`.`id` = :empleados.id:
 LIMIT 1', [...], false)
 2 SYSTEMPATH\Model.php(268): CodeIgniter\Database\BaseBuilder->get()
 3 SYSTEMPATH\BaseModel.php(656): CodeIgniter\Model->doFirst()
 4 APPPATH\Models\SalariosModel.php(67): CodeIgniter\BaseModel->first()
 5 APPPATH\Controllers\Salarios.php(27): App\Models\SalariosModel->buscarSalario('1', '1')
 6 SYSTEMPATH\CodeIgniter.php(934): App\Controllers\Salarios->buscarSalario('1', '1')
 7 SYSTEMPATH\CodeIgniter.php(499): CodeIgniter\CodeIgniter->runController(Object(App\Controllers\Salarios))
 8 SYSTEMPATH\CodeIgniter.php(368): CodeIgniter\CodeIgniter->handleRequest(null, Object(Config\Cache), false)
 9 FCPATH\index.php(67): CodeIgniter\CodeIgniter->run()
ERROR - 2023-03-25 15:45:55 --> mysqli_sql_exception: Unknown column 'empleados.nombre' in 'field list' in C:\xampp\htdocs\taller\system\Database\MySQLi\Connection.php:295
Stack trace:
#0 C:\xampp\htdocs\taller\system\Database\MySQLi\Connection.php(295): mysqli->query('SELECT `salario...', 0)
#1 C:\xampp\htdocs\taller\system\Database\BaseConnection.php(691): CodeIgniter\Database\MySQLi\Connection->execute('SELECT `salario...')
#2 C:\xampp\htdocs\taller\system\Database\BaseConnection.php(605): CodeIgniter\Database\BaseConnection->simpleQuery('SELECT `salario...')
#3 C:\xampp\htdocs\taller\system\Database\BaseBuilder.php(1616): CodeIgniter\Database\BaseConnection->query('SELECT `salario...', Array, false)
#4 C:\xampp\htdocs\taller\system\Model.php(241): CodeIgniter\Database\BaseBuilder->get()
#5 C:\xampp\htdocs\taller\system\BaseModel.php(618): CodeIgniter\Model->doFindAll(0, 0)
#6 C:\xampp\htdocs\taller\app\Models\SalariosModel.php(67): CodeIgniter\BaseModel->findAll()
#7 C:\xampp\htdocs\taller\app\Controllers\Salarios.php(27): App\Models\SalariosModel->buscarSalario('1', '1')
#8 C:\xampp\htdocs\taller\system\CodeIgniter.php(934): App\Controllers\Salarios->buscarSalario('1', '1')
#9 C:\xampp\htdocs\taller\system\CodeIgniter.php(499): CodeIgniter\CodeIgniter->runController(Object(App\Controllers\Salarios))
#10 C:\xampp\htdocs\taller\system\CodeIgniter.php(368): CodeIgniter\CodeIgniter->handleRequest(NULL, Object(Config\Cache), false)
#11 C:\xampp\htdocs\taller\public\index.php(67): CodeIgniter\CodeIgniter->run()
#12 {main}
CRITICAL - 2023-03-25 15:45:55 --> Unknown column 'empleados.nombre' in 'field list'
in SYSTEMPATH\Database\BaseConnection.php on line 645.
 1 SYSTEMPATH\Database\BaseBuilder.php(1616): CodeIgniter\Database\BaseConnection->query('SELECT `salarios`.`sueldo`, `salarios`.`periodoAno`, `empleados`.`nombre` as `nombreEmpleado`
FROM `salarios`
JOIN `empleados` ON `empleados`.`id` = `salarios`.`id_empleado`
WHERE `salarios`.`id` = :salarios.id:
AND `empleados`.`id` = :empleados.id:', [...], false)
 2 SYSTEMPATH\Model.php(241): CodeIgniter\Database\BaseBuilder->get()
 3 SYSTEMPATH\BaseModel.php(618): CodeIgniter\Model->doFindAll(0, 0)
 4 APPPATH\Models\SalariosModel.php(67): CodeIgniter\BaseModel->findAll()
 5 APPPATH\Controllers\Salarios.php(27): App\Models\SalariosModel->buscarSalario('1', '1')
 6 SYSTEMPATH\CodeIgniter.php(934): App\Controllers\Salarios->buscarSalario('1', '1')
 7 SYSTEMPATH\CodeIgniter.php(499): CodeIgniter\CodeIgniter->runController(Object(App\Controllers\Salarios))
 8 SYSTEMPATH\CodeIgniter.php(368): CodeIgniter\CodeIgniter->handleRequest(null, Object(Config\Cache), false)
 9 FCPATH\index.php(67): CodeIgniter\CodeIgniter->run()
ERROR - 2023-03-25 15:46:13 --> mysqli_sql_exception: Unknown column 'empleados.nombre' in 'field list' in C:\xampp\htdocs\taller\system\Database\MySQLi\Connection.php:295
Stack trace:
#0 C:\xampp\htdocs\taller\system\Database\MySQLi\Connection.php(295): mysqli->query('SELECT `salario...', 0)
#1 C:\xampp\htdocs\taller\system\Database\BaseConnection.php(691): CodeIgniter\Database\MySQLi\Connection->execute('SELECT `salario...')
#2 C:\xampp\htdocs\taller\system\Database\BaseConnection.php(605): CodeIgniter\Database\BaseConnection->simpleQuery('SELECT `salario...')
#3 C:\xampp\htdocs\taller\system\Database\BaseBuilder.php(1616): CodeIgniter\Database\BaseConnection->query('SELECT `salario...', Array, false)
#4 C:\xampp\htdocs\taller\system\Model.php(241): CodeIgniter\Database\BaseBuilder->get()
#5 C:\xampp\htdocs\taller\system\BaseModel.php(618): CodeIgniter\Model->doFindAll(0, 0)
#6 C:\xampp\htdocs\taller\app\Models\SalariosModel.php(68): CodeIgniter\BaseModel->findAll()
#7 C:\xampp\htdocs\taller\app\Controllers\Salarios.php(27): App\Models\SalariosModel->buscarSalario('1', '1')
#8 C:\xampp\htdocs\taller\system\CodeIgniter.php(934): App\Controllers\Salarios->buscarSalario('1', '1')
#9 C:\xampp\htdocs\taller\system\CodeIgniter.php(499): CodeIgniter\CodeIgniter->runController(Object(App\Controllers\Salarios))
#10 C:\xampp\htdocs\taller\system\CodeIgniter.php(368): CodeIgniter\CodeIgniter->handleRequest(NULL, Object(Config\Cache), false)
#11 C:\xampp\htdocs\taller\public\index.php(67): CodeIgniter\CodeIgniter->run()
#12 {main}
CRITICAL - 2023-03-25 15:46:13 --> Unknown column 'empleados.nombre' in 'field list'
in SYSTEMPATH\Database\BaseConnection.php on line 645.
 1 SYSTEMPATH\Database\BaseBuilder.php(1616): CodeIgniter\Database\BaseConnection->query('SELECT `salarios`.`sueldo`, `salarios`.`periodoAno`, `empleados`.`nombre` as `nombreEmpleado`
FROM `salarios`
JOIN `empleados` ON `empleados`.`id` = `salarios`.`id_empleado`
WHERE `salarios`.`id` = :salarios.id:
AND `empleados`.`id` = :empleados.id:', [...], false)
 2 SYSTEMPATH\Model.php(241): CodeIgniter\Database\BaseBuilder->get()
 3 SYSTEMPATH\BaseModel.php(618): CodeIgniter\Model->doFindAll(0, 0)
 4 APPPATH\Models\SalariosModel.php(68): CodeIgniter\BaseModel->findAll()
 5 APPPATH\Controllers\Salarios.php(27): App\Models\SalariosModel->buscarSalario('1', '1')
 6 SYSTEMPATH\CodeIgniter.php(934): App\Controllers\Salarios->buscarSalario('1', '1')
 7 SYSTEMPATH\CodeIgniter.php(499): CodeIgniter\CodeIgniter->runController(Object(App\Controllers\Salarios))
 8 SYSTEMPATH\CodeIgniter.php(368): CodeIgniter\CodeIgniter->handleRequest(null, Object(Config\Cache), false)
 9 FCPATH\index.php(67): CodeIgniter\CodeIgniter->run()
ERROR - 2023-03-25 15:47:15 --> mysqli_sql_exception: Unknown column 'empleados.nombre' in 'field list' in C:\xampp\htdocs\taller\system\Database\MySQLi\Connection.php:295
Stack trace:
#0 C:\xampp\htdocs\taller\system\Database\MySQLi\Connection.php(295): mysqli->query('SELECT `salario...', 0)
#1 C:\xampp\htdocs\taller\system\Database\BaseConnection.php(691): CodeIgniter\Database\MySQLi\Connection->execute('SELECT `salario...')
#2 C:\xampp\htdocs\taller\system\Database\BaseConnection.php(605): CodeIgniter\Database\BaseConnection->simpleQuery('SELECT `salario...')
#3 C:\xampp\htdocs\taller\system\Database\BaseBuilder.php(1616): CodeIgniter\Database\BaseConnection->query('SELECT `salario...', Array, false)
#4 C:\xampp\htdocs\taller\system\Model.php(268): CodeIgniter\Database\BaseBuilder->get()
#5 C:\xampp\htdocs\taller\system\BaseModel.php(656): CodeIgniter\Model->doFirst()
#6 C:\xampp\htdocs\taller\app\Models\SalariosModel.php(67): CodeIgniter\BaseModel->first()
#7 C:\xampp\htdocs\taller\app\Controllers\Salarios.php(27): App\Models\SalariosModel->buscarSalario('1', '1')
#8 C:\xampp\htdocs\taller\system\CodeIgniter.php(934): App\Controllers\Salarios->buscarSalario('1', '1')
#9 C:\xampp\htdocs\taller\system\CodeIgniter.php(499): CodeIgniter\CodeIgniter->runController(Object(App\Controllers\Salarios))
#10 C:\xampp\htdocs\taller\system\CodeIgniter.php(368): CodeIgniter\CodeIgniter->handleRequest(NULL, Object(Config\Cache), false)
#11 C:\xampp\htdocs\taller\public\index.php(67): CodeIgniter\CodeIgniter->run()
#12 {main}
CRITICAL - 2023-03-25 15:47:15 --> Unknown column 'empleados.nombre' in 'field list'
in SYSTEMPATH\Database\BaseConnection.php on line 645.
 1 SYSTEMPATH\Database\BaseBuilder.php(1616): CodeIgniter\Database\BaseConnection->query('SELECT `salarios`.`sueldo`, `salarios`.`periodoAno`, `empleados`.`nombre` as `nombreEmpleado`
FROM `salarios`
JOIN `empleados` ON `empleados`.`id` = `salarios`.`id_empleado`
WHERE `salarios`.`id` = :salarios.id:
AND `empleados`.`id` = :empleados.id:
 LIMIT 1', [...], false)
 2 SYSTEMPATH\Model.php(268): CodeIgniter\Database\BaseBuilder->get()
 3 SYSTEMPATH\BaseModel.php(656): CodeIgniter\Model->doFirst()
 4 APPPATH\Models\SalariosModel.php(67): CodeIgniter\BaseModel->first()
 5 APPPATH\Controllers\Salarios.php(27): App\Models\SalariosModel->buscarSalario('1', '1')
 6 SYSTEMPATH\CodeIgniter.php(934): App\Controllers\Salarios->buscarSalario('1', '1')
 7 SYSTEMPATH\CodeIgniter.php(499): CodeIgniter\CodeIgniter->runController(Object(App\Controllers\Salarios))
 8 SYSTEMPATH\CodeIgniter.php(368): CodeIgniter\CodeIgniter->handleRequest(null, Object(Config\Cache), false)
 9 FCPATH\index.php(67): CodeIgniter\CodeIgniter->run()
ERROR - 2023-03-25 15:48:38 --> mysqli_sql_exception: Unknown column 'empleados.nombre' in 'field list' in C:\xampp\htdocs\taller\system\Database\MySQLi\Connection.php:295
Stack trace:
#0 C:\xampp\htdocs\taller\system\Database\MySQLi\Connection.php(295): mysqli->query('SELECT `salario...', 0)
#1 C:\xampp\htdocs\taller\system\Database\BaseConnection.php(691): CodeIgniter\Database\MySQLi\Connection->execute('SELECT `salario...')
#2 C:\xampp\htdocs\taller\system\Database\BaseConnection.php(605): CodeIgniter\Database\BaseConnection->simpleQuery('SELECT `salario...')
#3 C:\xampp\htdocs\taller\system\Database\BaseBuilder.php(1616): CodeIgniter\Database\BaseConnection->query('SELECT `salario...', Array, false)
#4 C:\xampp\htdocs\taller\system\Model.php(268): CodeIgniter\Database\BaseBuilder->get()
#5 C:\xampp\htdocs\taller\system\BaseModel.php(656): CodeIgniter\Model->doFirst()
#6 C:\xampp\htdocs\taller\app\Models\SalariosModel.php(67): CodeIgniter\BaseModel->first()
#7 C:\xampp\htdocs\taller\app\Controllers\Salarios.php(27): App\Models\SalariosModel->buscarSalario('1', '1')
#8 C:\xampp\htdocs\taller\system\CodeIgniter.php(934): App\Controllers\Salarios->buscarSalario('1', '1')
#9 C:\xampp\htdocs\taller\system\CodeIgniter.php(499): CodeIgniter\CodeIgniter->runController(Object(App\Controllers\Salarios))
#10 C:\xampp\htdocs\taller\system\CodeIgniter.php(368): CodeIgniter\CodeIgniter->handleRequest(NULL, Object(Config\Cache), false)
#11 C:\xampp\htdocs\taller\public\index.php(67): CodeIgniter\CodeIgniter->run()
#12 {main}
CRITICAL - 2023-03-25 15:48:38 --> Unknown column 'empleados.nombre' in 'field list'
in SYSTEMPATH\Database\BaseConnection.php on line 645.
 1 SYSTEMPATH\Database\BaseBuilder.php(1616): CodeIgniter\Database\BaseConnection->query('SELECT `salarios`.`sueldo`, `salarios`.`periodoAno`, `empleados`.`nombre` as `nombreEmpleado`
FROM `salarios`
JOIN `empleados` ON `empleados`.`id` = `salarios`.`id_empleado`
WHERE `salarios`.`id` = :salarios.id:
AND `empleados`.`id` = :empleados.id:
 LIMIT 1', [...], false)
 2 SYSTEMPATH\Model.php(268): CodeIgniter\Database\BaseBuilder->get()
 3 SYSTEMPATH\BaseModel.php(656): CodeIgniter\Model->doFirst()
 4 APPPATH\Models\SalariosModel.php(67): CodeIgniter\BaseModel->first()
 5 APPPATH\Controllers\Salarios.php(27): App\Models\SalariosModel->buscarSalario('1', '1')
 6 SYSTEMPATH\CodeIgniter.php(934): App\Controllers\Salarios->buscarSalario('1', '1')
 7 SYSTEMPATH\CodeIgniter.php(499): CodeIgniter\CodeIgniter->runController(Object(App\Controllers\Salarios))
 8 SYSTEMPATH\CodeIgniter.php(368): CodeIgniter\CodeIgniter->handleRequest(null, Object(Config\Cache), false)
 9 FCPATH\index.php(67): CodeIgniter\CodeIgniter->run()
ERROR - 2023-03-25 15:49:19 --> mysqli_sql_exception: Unknown column 'empleados.nombre' in 'field list' in C:\xampp\htdocs\taller\system\Database\MySQLi\Connection.php:295
Stack trace:
#0 C:\xampp\htdocs\taller\system\Database\MySQLi\Connection.php(295): mysqli->query('SELECT `salario...', 0)
#1 C:\xampp\htdocs\taller\system\Database\BaseConnection.php(691): CodeIgniter\Database\MySQLi\Connection->execute('SELECT `salario...')
#2 C:\xampp\htdocs\taller\system\Database\BaseConnection.php(605): CodeIgniter\Database\BaseConnection->simpleQuery('SELECT `salario...')
#3 C:\xampp\htdocs\taller\system\Database\BaseBuilder.php(1616): CodeIgniter\Database\BaseConnection->query('SELECT `salario...', Array, false)
#4 C:\xampp\htdocs\taller\system\Model.php(268): CodeIgniter\Database\BaseBuilder->get()
#5 C:\xampp\htdocs\taller\system\BaseModel.php(656): CodeIgniter\Model->doFirst()
#6 C:\xampp\htdocs\taller\app\Models\SalariosModel.php(67): CodeIgniter\BaseModel->first()
#7 C:\xampp\htdocs\taller\app\Controllers\Salarios.php(27): App\Models\SalariosModel->buscarSalario('1', '1')
#8 C:\xampp\htdocs\taller\system\CodeIgniter.php(934): App\Controllers\Salarios->buscarSalario('1', '1')
#9 C:\xampp\htdocs\taller\system\CodeIgniter.php(499): CodeIgniter\CodeIgniter->runController(Object(App\Controllers\Salarios))
#10 C:\xampp\htdocs\taller\system\CodeIgniter.php(368): CodeIgniter\CodeIgniter->handleRequest(NULL, Object(Config\Cache), false)
#11 C:\xampp\htdocs\taller\public\index.php(67): CodeIgniter\CodeIgniter->run()
#12 {main}
CRITICAL - 2023-03-25 15:49:19 --> Unknown column 'empleados.nombre' in 'field list'
in SYSTEMPATH\Database\BaseConnection.php on line 645.
 1 SYSTEMPATH\Database\BaseBuilder.php(1616): CodeIgniter\Database\BaseConnection->query('SELECT `salarios`.`sueldo`, `salarios`.`periodoAno`, `empleados`.`nombre` as `nombreEmpleado`
FROM `salarios`
JOIN `empleados` ON `empleados`.`id` = `salarios`.`id_empleado`
WHERE `salarios`.`id` = :salarios.id:
AND `empleados`.`id` = :empleados.id:
 LIMIT 1', [...], false)
 2 SYSTEMPATH\Model.php(268): CodeIgniter\Database\BaseBuilder->get()
 3 SYSTEMPATH\BaseModel.php(656): CodeIgniter\Model->doFirst()
 4 APPPATH\Models\SalariosModel.php(67): CodeIgniter\BaseModel->first()
 5 APPPATH\Controllers\Salarios.php(27): App\Models\SalariosModel->buscarSalario('1', '1')
 6 SYSTEMPATH\CodeIgniter.php(934): App\Controllers\Salarios->buscarSalario('1', '1')
 7 SYSTEMPATH\CodeIgniter.php(499): CodeIgniter\CodeIgniter->runController(Object(App\Controllers\Salarios))
 8 SYSTEMPATH\CodeIgniter.php(368): CodeIgniter\CodeIgniter->handleRequest(null, Object(Config\Cache), false)
 9 FCPATH\index.php(67): CodeIgniter\CodeIgniter->run()
ERROR - 2023-03-25 15:52:08 --> mysqli_sql_exception: Unknown column 'empleados.nombre' in 'field list' in C:\xampp\htdocs\taller\system\Database\MySQLi\Connection.php:295
Stack trace:
#0 C:\xampp\htdocs\taller\system\Database\MySQLi\Connection.php(295): mysqli->query('SELECT `salario...', 0)
#1 C:\xampp\htdocs\taller\system\Database\BaseConnection.php(691): CodeIgniter\Database\MySQLi\Connection->execute('SELECT `salario...')
#2 C:\xampp\htdocs\taller\system\Database\BaseConnection.php(605): CodeIgniter\Database\BaseConnection->simpleQuery('SELECT `salario...')
#3 C:\xampp\htdocs\taller\system\Database\BaseBuilder.php(1616): CodeIgniter\Database\BaseConnection->query('SELECT `salario...', Array, false)
#4 C:\xampp\htdocs\taller\system\Model.php(241): CodeIgniter\Database\BaseBuilder->get()
#5 C:\xampp\htdocs\taller\system\BaseModel.php(618): CodeIgniter\Model->doFindAll(0, 0)
#6 C:\xampp\htdocs\taller\app\Models\SalariosModel.php(67): CodeIgniter\BaseModel->findAll()
#7 C:\xampp\htdocs\taller\app\Controllers\Salarios.php(27): App\Models\SalariosModel->buscarSalario('1', '1')
#8 C:\xampp\htdocs\taller\system\CodeIgniter.php(934): App\Controllers\Salarios->buscarSalario('1', '1')
#9 C:\xampp\htdocs\taller\system\CodeIgniter.php(499): CodeIgniter\CodeIgniter->runController(Object(App\Controllers\Salarios))
#10 C:\xampp\htdocs\taller\system\CodeIgniter.php(368): CodeIgniter\CodeIgniter->handleRequest(NULL, Object(Config\Cache), false)
#11 C:\xampp\htdocs\taller\public\index.php(67): CodeIgniter\CodeIgniter->run()
#12 {main}
CRITICAL - 2023-03-25 15:52:08 --> Unknown column 'empleados.nombre' in 'field list'
in SYSTEMPATH\Database\BaseConnection.php on line 645.
 1 SYSTEMPATH\Database\BaseBuilder.php(1616): CodeIgniter\Database\BaseConnection->query('SELECT `salarios`.`sueldo`, `salarios`.`periodoAno`, `empleados`.`nombre` as `nombreEmpleado`
FROM `salarios`
JOIN `empleados` ON `empleados`.`id` = `salarios`.`id_empleado`
WHERE `empleados`.`id` = :empleados.id:', [...], false)
 2 SYSTEMPATH\Model.php(241): CodeIgniter\Database\BaseBuilder->get()
 3 SYSTEMPATH\BaseModel.php(618): CodeIgniter\Model->doFindAll(0, 0)
 4 APPPATH\Models\SalariosModel.php(67): CodeIgniter\BaseModel->findAll()
 5 APPPATH\Controllers\Salarios.php(27): App\Models\SalariosModel->buscarSalario('1', '1')
 6 SYSTEMPATH\CodeIgniter.php(934): App\Controllers\Salarios->buscarSalario('1', '1')
 7 SYSTEMPATH\CodeIgniter.php(499): CodeIgniter\CodeIgniter->runController(Object(App\Controllers\Salarios))
 8 SYSTEMPATH\CodeIgniter.php(368): CodeIgniter\CodeIgniter->handleRequest(null, Object(Config\Cache), false)
 9 FCPATH\index.php(67): CodeIgniter\CodeIgniter->run()
ERROR - 2023-03-25 15:53:28 --> mysqli_sql_exception: Unknown column 'empleados.nombre' in 'field list' in C:\xampp\htdocs\taller\system\Database\MySQLi\Connection.php:295
Stack trace:
#0 C:\xampp\htdocs\taller\system\Database\MySQLi\Connection.php(295): mysqli->query('SELECT `salario...', 0)
#1 C:\xampp\htdocs\taller\system\Database\BaseConnection.php(691): CodeIgniter\Database\MySQLi\Connection->execute('SELECT `salario...')
#2 C:\xampp\htdocs\taller\system\Database\BaseConnection.php(605): CodeIgniter\Database\BaseConnection->simpleQuery('SELECT `salario...')
#3 C:\xampp\htdocs\taller\system\Database\BaseBuilder.php(1616): CodeIgniter\Database\BaseConnection->query('SELECT `salario...', Array, false)
#4 C:\xampp\htdocs\taller\system\Model.php(241): CodeIgniter\Database\BaseBuilder->get()
#5 C:\xampp\htdocs\taller\system\BaseModel.php(618): CodeIgniter\Model->doFindAll(0, 0)
#6 C:\xampp\htdocs\taller\app\Models\SalariosModel.php(67): CodeIgniter\BaseModel->findAll()
#7 C:\xampp\htdocs\taller\app\Controllers\Salarios.php(27): App\Models\SalariosModel->buscarSalario('1', '1')
#8 C:\xampp\htdocs\taller\system\CodeIgniter.php(934): App\Controllers\Salarios->buscarSalario('1', '1')
#9 C:\xampp\htdocs\taller\system\CodeIgniter.php(499): CodeIgniter\CodeIgniter->runController(Object(App\Controllers\Salarios))
#10 C:\xampp\htdocs\taller\system\CodeIgniter.php(368): CodeIgniter\CodeIgniter->handleRequest(NULL, Object(Config\Cache), false)
#11 C:\xampp\htdocs\taller\public\index.php(67): CodeIgniter\CodeIgniter->run()
#12 {main}
CRITICAL - 2023-03-25 15:53:28 --> Unknown column 'empleados.nombre' in 'field list'
in SYSTEMPATH\Database\BaseConnection.php on line 645.
 1 SYSTEMPATH\Database\BaseBuilder.php(1616): CodeIgniter\Database\BaseConnection->query('SELECT `salarios`.`sueldo`, `salarios`.`periodoAno`, `empleados`.`nombre` as `nombreEmpleado`
FROM `salarios`
JOIN `empleados` ON `empleados`.`id` = `salarios`.`id_empleado`
WHERE `empleados`.`id` = :empleados.id:', [...], false)
 2 SYSTEMPATH\Model.php(241): CodeIgniter\Database\BaseBuilder->get()
 3 SYSTEMPATH\BaseModel.php(618): CodeIgniter\Model->doFindAll(0, 0)
 4 APPPATH\Models\SalariosModel.php(67): CodeIgniter\BaseModel->findAll()
 5 APPPATH\Controllers\Salarios.php(27): App\Models\SalariosModel->buscarSalario('1', '1')
 6 SYSTEMPATH\CodeIgniter.php(934): App\Controllers\Salarios->buscarSalario('1', '1')
 7 SYSTEMPATH\CodeIgniter.php(499): CodeIgniter\CodeIgniter->runController(Object(App\Controllers\Salarios))
 8 SYSTEMPATH\CodeIgniter.php(368): CodeIgniter\CodeIgniter->handleRequest(null, Object(Config\Cache), false)
 9 FCPATH\index.php(67): CodeIgniter\CodeIgniter->run()
ERROR - 2023-03-25 15:53:55 --> mysqli_sql_exception: Unknown column 'empleados.nombre' in 'field list' in C:\xampp\htdocs\taller\system\Database\MySQLi\Connection.php:295
Stack trace:
#0 C:\xampp\htdocs\taller\system\Database\MySQLi\Connection.php(295): mysqli->query('SELECT `salario...', 0)
#1 C:\xampp\htdocs\taller\system\Database\BaseConnection.php(691): CodeIgniter\Database\MySQLi\Connection->execute('SELECT `salario...')
#2 C:\xampp\htdocs\taller\system\Database\BaseConnection.php(605): CodeIgniter\Database\BaseConnection->simpleQuery('SELECT `salario...')
#3 C:\xampp\htdocs\taller\system\Database\BaseBuilder.php(1616): CodeIgniter\Database\BaseConnection->query('SELECT `salario...', Array, false)
#4 C:\xampp\htdocs\taller\system\Model.php(241): CodeIgniter\Database\BaseBuilder->get()
#5 C:\xampp\htdocs\taller\system\BaseModel.php(618): CodeIgniter\Model->doFindAll(0, 0)
#6 C:\xampp\htdocs\taller\app\Models\SalariosModel.php(67): CodeIgniter\BaseModel->findAll()
#7 C:\xampp\htdocs\taller\app\Controllers\Salarios.php(27): App\Models\SalariosModel->buscarSalario('1', '1')
#8 C:\xampp\htdocs\taller\system\CodeIgniter.php(934): App\Controllers\Salarios->buscarSalario('1', '1')
#9 C:\xampp\htdocs\taller\system\CodeIgniter.php(499): CodeIgniter\CodeIgniter->runController(Object(App\Controllers\Salarios))
#10 C:\xampp\htdocs\taller\system\CodeIgniter.php(368): CodeIgniter\CodeIgniter->handleRequest(NULL, Object(Config\Cache), false)
#11 C:\xampp\htdocs\taller\public\index.php(67): CodeIgniter\CodeIgniter->run()
#12 {main}
CRITICAL - 2023-03-25 15:53:55 --> Unknown column 'empleados.nombre' in 'field list'
in SYSTEMPATH\Database\BaseConnection.php on line 645.
 1 SYSTEMPATH\Database\BaseBuilder.php(1616): CodeIgniter\Database\BaseConnection->query('SELECT `salarios`.`sueldo`, `salarios`.`periodoAno`, `empleados`.`nombre` as `nombreEmpleado`
FROM `salarios`
JOIN `empleados` ON `empleados`.`id` = `salarios`.`id_empleado`
WHERE `empleados`.`id` = :empleados.id:', [...], false)
 2 SYSTEMPATH\Model.php(241): CodeIgniter\Database\BaseBuilder->get()
 3 SYSTEMPATH\BaseModel.php(618): CodeIgniter\Model->doFindAll(0, 0)
 4 APPPATH\Models\SalariosModel.php(67): CodeIgniter\BaseModel->findAll()
 5 APPPATH\Controllers\Salarios.php(27): App\Models\SalariosModel->buscarSalario('1', '1')
 6 SYSTEMPATH\CodeIgniter.php(934): App\Controllers\Salarios->buscarSalario('1', '1')
 7 SYSTEMPATH\CodeIgniter.php(499): CodeIgniter\CodeIgniter->runController(Object(App\Controllers\Salarios))
 8 SYSTEMPATH\CodeIgniter.php(368): CodeIgniter\CodeIgniter->handleRequest(null, Object(Config\Cache), false)
 9 FCPATH\index.php(67): CodeIgniter\CodeIgniter->run()
ERROR - 2023-03-25 15:55:48 --> mysqli_sql_exception: Unknown column 'empleados.nombre' in 'field list' in C:\xampp\htdocs\taller\system\Database\MySQLi\Connection.php:295
Stack trace:
#0 C:\xampp\htdocs\taller\system\Database\MySQLi\Connection.php(295): mysqli->query('SELECT `salario...', 0)
#1 C:\xampp\htdocs\taller\system\Database\BaseConnection.php(691): CodeIgniter\Database\MySQLi\Connection->execute('SELECT `salario...')
#2 C:\xampp\htdocs\taller\system\Database\BaseConnection.php(605): CodeIgniter\Database\BaseConnection->simpleQuery('SELECT `salario...')
#3 C:\xampp\htdocs\taller\system\Database\BaseBuilder.php(1616): CodeIgniter\Database\BaseConnection->query('SELECT `salario...', Array, false)
#4 C:\xampp\htdocs\taller\system\Model.php(241): CodeIgniter\Database\BaseBuilder->get()
#5 C:\xampp\htdocs\taller\system\BaseModel.php(618): CodeIgniter\Model->doFindAll(0, 0)
#6 C:\xampp\htdocs\taller\app\Models\SalariosModel.php(66): CodeIgniter\BaseModel->findAll()
#7 C:\xampp\htdocs\taller\app\Controllers\Salarios.php(27): App\Models\SalariosModel->buscarSalario('1', '1')
#8 C:\xampp\htdocs\taller\system\CodeIgniter.php(934): App\Controllers\Salarios->buscarSalario('1', '1')
#9 C:\xampp\htdocs\taller\system\CodeIgniter.php(499): CodeIgniter\CodeIgniter->runController(Object(App\Controllers\Salarios))
#10 C:\xampp\htdocs\taller\system\CodeIgniter.php(368): CodeIgniter\CodeIgniter->handleRequest(NULL, Object(Config\Cache), false)
#11 C:\xampp\htdocs\taller\public\index.php(67): CodeIgniter\CodeIgniter->run()
#12 {main}
CRITICAL - 2023-03-25 15:55:48 --> Unknown column 'empleados.nombre' in 'field list'
in SYSTEMPATH\Database\BaseConnection.php on line 645.
 1 SYSTEMPATH\Database\BaseBuilder.php(1616): CodeIgniter\Database\BaseConnection->query('SELECT `salarios`.`sueldo`, `salarios`.`periodoAno`, `empleados`.`nombre` as `nombreEmpleado`
FROM `salarios`
JOIN `empleados` ON `empleados`.`id` = `salarios`.`id_empleado`
WHERE `salarios`.`id_empleado` = :salarios.id_empleado:', [...], false)
 2 SYSTEMPATH\Model.php(241): CodeIgniter\Database\BaseBuilder->get()
 3 SYSTEMPATH\BaseModel.php(618): CodeIgniter\Model->doFindAll(0, 0)
 4 APPPATH\Models\SalariosModel.php(66): CodeIgniter\BaseModel->findAll()
 5 APPPATH\Controllers\Salarios.php(27): App\Models\SalariosModel->buscarSalario('1', '1')
 6 SYSTEMPATH\CodeIgniter.php(934): App\Controllers\Salarios->buscarSalario('1', '1')
 7 SYSTEMPATH\CodeIgniter.php(499): CodeIgniter\CodeIgniter->runController(Object(App\Controllers\Salarios))
 8 SYSTEMPATH\CodeIgniter.php(368): CodeIgniter\CodeIgniter->handleRequest(null, Object(Config\Cache), false)
 9 FCPATH\index.php(67): CodeIgniter\CodeIgniter->run()
CRITICAL - 2023-03-25 15:56:25 --> Array to string conversion
in APPPATH\Models\SalariosModel.php on line 68.
 1 APPPATH\Models\SalariosModel.php(68): CodeIgniter\Debug\Exceptions->errorHandler(2, 'Array to string conversion', 'APPPATH\\Models\\SalariosModel.php', 68)
 2 APPPATH\Controllers\Salarios.php(27): App\Models\SalariosModel->buscarSalario('1', '1')
 3 SYSTEMPATH\CodeIgniter.php(934): App\Controllers\Salarios->buscarSalario('1', '1')
 4 SYSTEMPATH\CodeIgniter.php(499): CodeIgniter\CodeIgniter->runController(Object(App\Controllers\Salarios))
 5 SYSTEMPATH\CodeIgniter.php(368): CodeIgniter\CodeIgniter->handleRequest(null, Object(Config\Cache), false)
 6 FCPATH\index.php(67): CodeIgniter\CodeIgniter->run()
CRITICAL - 2023-03-25 15:56:38 --> Array to string conversion
in APPPATH\Models\SalariosModel.php on line 68.
 1 APPPATH\Models\SalariosModel.php(68): CodeIgniter\Debug\Exceptions->errorHandler(2, 'Array to string conversion', 'APPPATH\\Models\\SalariosModel.php', 68)
 2 APPPATH\Controllers\Salarios.php(26): App\Models\SalariosModel->buscarSalario('1', '1')
 3 SYSTEMPATH\CodeIgniter.php(934): App\Controllers\Salarios->buscarSalario('1', '1')
 4 SYSTEMPATH\CodeIgniter.php(499): CodeIgniter\CodeIgniter->runController(Object(App\Controllers\Salarios))
 5 SYSTEMPATH\CodeIgniter.php(368): CodeIgniter\CodeIgniter->handleRequest(null, Object(Config\Cache), false)
 6 FCPATH\index.php(67): CodeIgniter\CodeIgniter->run()
CRITICAL - 2023-03-25 15:57:00 --> array_push(): Argument #1 ($array) must be of type array, null given
in APPPATH\Controllers\Salarios.php on line 28.
 1 APPPATH\Controllers\Salarios.php(28): array_push(null, [...])
 2 SYSTEMPATH\CodeIgniter.php(934): App\Controllers\Salarios->buscarSalario('1', '1')
 3 SYSTEMPATH\CodeIgniter.php(499): CodeIgniter\CodeIgniter->runController(Object(App\Controllers\Salarios))
 4 SYSTEMPATH\CodeIgniter.php(368): CodeIgniter\CodeIgniter->handleRequest(null, Object(Config\Cache), false)
 5 FCPATH\index.php(67): CodeIgniter\CodeIgniter->run()
CRITICAL - 2023-03-25 15:57:43 --> array_push(): Argument #1 ($array) must be of type array, null given
in APPPATH\Controllers\Salarios.php on line 28.
 1 APPPATH\Controllers\Salarios.php(28): array_push(null, [...])
 2 SYSTEMPATH\CodeIgniter.php(934): App\Controllers\Salarios->buscarSalario('1', '1')
 3 SYSTEMPATH\CodeIgniter.php(499): CodeIgniter\CodeIgniter->runController(Object(App\Controllers\Salarios))
 4 SYSTEMPATH\CodeIgniter.php(368): CodeIgniter\CodeIgniter->handleRequest(null, Object(Config\Cache), false)
 5 FCPATH\index.php(67): CodeIgniter\CodeIgniter->run()
CRITICAL - 2023-03-25 16:29:58 --> Too few arguments to function App\Controllers\Salarios::index(), 0 passed in C:\xampp\htdocs\taller\system\CodeIgniter.php on line 934 and exactly 2 expected
in APPPATH\Controllers\Salarios.php on line 17.
 1 SYSTEMPATH\CodeIgniter.php(934): App\Controllers\Salarios->index()
 2 SYSTEMPATH\CodeIgniter.php(499): CodeIgniter\CodeIgniter->runController(Object(App\Controllers\Salarios))
 3 SYSTEMPATH\CodeIgniter.php(368): CodeIgniter\CodeIgniter->handleRequest(null, Object(Config\Cache), false)
 4 FCPATH\index.php(67): CodeIgniter\CodeIgniter->run()
CRITICAL - 2023-03-25 16:31:22 --> Too few arguments to function App\Controllers\Salarios::index(), 0 passed in C:\xampp\htdocs\taller\system\CodeIgniter.php on line 934 and exactly 2 expected
in APPPATH\Controllers\Salarios.php on line 17.
 1 SYSTEMPATH\CodeIgniter.php(934): App\Controllers\Salarios->index()
 2 SYSTEMPATH\CodeIgniter.php(499): CodeIgniter\CodeIgniter->runController(Object(App\Controllers\Salarios))
 3 SYSTEMPATH\CodeIgniter.php(368): CodeIgniter\CodeIgniter->handleRequest(null, Object(Config\Cache), false)
 4 FCPATH\index.php(67): CodeIgniter\CodeIgniter->run()
CRITICAL - 2023-03-25 16:32:31 --> Too few arguments to function App\Controllers\Salarios::index(), 0 passed in C:\xampp\htdocs\taller\system\CodeIgniter.php on line 934 and exactly 2 expected
in APPPATH\Controllers\Salarios.php on line 17.
 1 SYSTEMPATH\CodeIgniter.php(934): App\Controllers\Salarios->index()
 2 SYSTEMPATH\CodeIgniter.php(499): CodeIgniter\CodeIgniter->runController(Object(App\Controllers\Salarios))
 3 SYSTEMPATH\CodeIgniter.php(368): CodeIgniter\CodeIgniter->handleRequest(null, Object(Config\Cache), false)
 4 FCPATH\index.php(67): CodeIgniter\CodeIgniter->run()
CRITICAL - 2023-03-25 16:32:32 --> Too few arguments to function App\Controllers\Salarios::index(), 0 passed in C:\xampp\htdocs\taller\system\CodeIgniter.php on line 934 and exactly 2 expected
in APPPATH\Controllers\Salarios.php on line 17.
 1 SYSTEMPATH\CodeIgniter.php(934): App\Controllers\Salarios->index()
 2 SYSTEMPATH\CodeIgniter.php(499): CodeIgniter\CodeIgniter->runController(Object(App\Controllers\Salarios))
 3 SYSTEMPATH\CodeIgniter.php(368): CodeIgniter\CodeIgniter->handleRequest(null, Object(Config\Cache), false)
 4 FCPATH\index.php(67): CodeIgniter\CodeIgniter->run()
CRITICAL - 2023-03-25 16:32:32 --> Too few arguments to function App\Controllers\Salarios::index(), 0 passed in C:\xampp\htdocs\taller\system\CodeIgniter.php on line 934 and exactly 2 expected
in APPPATH\Controllers\Salarios.php on line 17.
 1 SYSTEMPATH\CodeIgniter.php(934): App\Controllers\Salarios->index()
 2 SYSTEMPATH\CodeIgniter.php(499): CodeIgniter\CodeIgniter->runController(Object(App\Controllers\Salarios))
 3 SYSTEMPATH\CodeIgniter.php(368): CodeIgniter\CodeIgniter->handleRequest(null, Object(Config\Cache), false)
 4 FCPATH\index.php(67): CodeIgniter\CodeIgniter->run()
CRITICAL - 2023-03-25 16:32:32 --> Too few arguments to function App\Controllers\Salarios::index(), 0 passed in C:\xampp\htdocs\taller\system\CodeIgniter.php on line 934 and exactly 2 expected
in APPPATH\Controllers\Salarios.php on line 17.
 1 SYSTEMPATH\CodeIgniter.php(934): App\Controllers\Salarios->index()
 2 SYSTEMPATH\CodeIgniter.php(499): CodeIgniter\CodeIgniter->runController(Object(App\Controllers\Salarios))
 3 SYSTEMPATH\CodeIgniter.php(368): CodeIgniter\CodeIgniter->handleRequest(null, Object(Config\Cache), false)
 4 FCPATH\index.php(67): CodeIgniter\CodeIgniter->run()
CRITICAL - 2023-03-25 16:32:33 --> Too few arguments to function App\Controllers\Salarios::index(), 0 passed in C:\xampp\htdocs\taller\system\CodeIgniter.php on line 934 and exactly 2 expected
in APPPATH\Controllers\Salarios.php on line 17.
 1 SYSTEMPATH\CodeIgniter.php(934): App\Controllers\Salarios->index()
 2 SYSTEMPATH\CodeIgniter.php(499): CodeIgniter\CodeIgniter->runController(Object(App\Controllers\Salarios))
 3 SYSTEMPATH\CodeIgniter.php(368): CodeIgniter\CodeIgniter->handleRequest(null, Object(Config\Cache), false)
 4 FCPATH\index.php(67): CodeIgniter\CodeIgniter->run()
CRITICAL - 2023-03-25 16:32:33 --> Too few arguments to function App\Controllers\Salarios::index(), 0 passed in C:\xampp\htdocs\taller\system\CodeIgniter.php on line 934 and exactly 2 expected
in APPPATH\Controllers\Salarios.php on line 17.
 1 SYSTEMPATH\CodeIgniter.php(934): App\Controllers\Salarios->index()
 2 SYSTEMPATH\CodeIgniter.php(499): CodeIgniter\CodeIgniter->runController(Object(App\Controllers\Salarios))
 3 SYSTEMPATH\CodeIgniter.php(368): CodeIgniter\CodeIgniter->handleRequest(null, Object(Config\Cache), false)
 4 FCPATH\index.php(67): CodeIgniter\CodeIgniter->run()
CRITICAL - 2023-03-25 16:32:33 --> Too few arguments to function App\Controllers\Salarios::index(), 0 passed in C:\xampp\htdocs\taller\system\CodeIgniter.php on line 934 and exactly 2 expected
in APPPATH\Controllers\Salarios.php on line 17.
 1 SYSTEMPATH\CodeIgniter.php(934): App\Controllers\Salarios->index()
 2 SYSTEMPATH\CodeIgniter.php(499): CodeIgniter\CodeIgniter->runController(Object(App\Controllers\Salarios))
 3 SYSTEMPATH\CodeIgniter.php(368): CodeIgniter\CodeIgniter->handleRequest(null, Object(Config\Cache), false)
 4 FCPATH\index.php(67): CodeIgniter\CodeIgniter->run()
CRITICAL - 2023-03-25 16:32:33 --> Too few arguments to function App\Controllers\Salarios::index(), 0 passed in C:\xampp\htdocs\taller\system\CodeIgniter.php on line 934 and exactly 2 expected
in APPPATH\Controllers\Salarios.php on line 17.
 1 SYSTEMPATH\CodeIgniter.php(934): App\Controllers\Salarios->index()
 2 SYSTEMPATH\CodeIgniter.php(499): CodeIgniter\CodeIgniter->runController(Object(App\Controllers\Salarios))
 3 SYSTEMPATH\CodeIgniter.php(368): CodeIgniter\CodeIgniter->handleRequest(null, Object(Config\Cache), false)
 4 FCPATH\index.php(67): CodeIgniter\CodeIgniter->run()
CRITICAL - 2023-03-25 16:32:33 --> Too few arguments to function App\Controllers\Salarios::index(), 0 passed in C:\xampp\htdocs\taller\system\CodeIgniter.php on line 934 and exactly 2 expected
in APPPATH\Controllers\Salarios.php on line 17.
 1 SYSTEMPATH\CodeIgniter.php(934): App\Controllers\Salarios->index()
 2 SYSTEMPATH\CodeIgniter.php(499): CodeIgniter\CodeIgniter->runController(Object(App\Controllers\Salarios))
 3 SYSTEMPATH\CodeIgniter.php(368): CodeIgniter\CodeIgniter->handleRequest(null, Object(Config\Cache), false)
 4 FCPATH\index.php(67): CodeIgniter\CodeIgniter->run()
CRITICAL - 2023-03-25 16:32:34 --> Too few arguments to function App\Controllers\Salarios::index(), 0 passed in C:\xampp\htdocs\taller\system\CodeIgniter.php on line 934 and exactly 2 expected
in APPPATH\Controllers\Salarios.php on line 17.
 1 SYSTEMPATH\CodeIgniter.php(934): App\Controllers\Salarios->index()
 2 SYSTEMPATH\CodeIgniter.php(499): CodeIgniter\CodeIgniter->runController(Object(App\Controllers\Salarios))
 3 SYSTEMPATH\CodeIgniter.php(368): CodeIgniter\CodeIgniter->handleRequest(null, Object(Config\Cache), false)
 4 FCPATH\index.php(67): CodeIgniter\CodeIgniter->run()
CRITICAL - 2023-03-25 16:32:34 --> Too few arguments to function App\Controllers\Salarios::index(), 0 passed in C:\xampp\htdocs\taller\system\CodeIgniter.php on line 934 and exactly 2 expected
in APPPATH\Controllers\Salarios.php on line 17.
 1 SYSTEMPATH\CodeIgniter.php(934): App\Controllers\Salarios->index()
 2 SYSTEMPATH\CodeIgniter.php(499): CodeIgniter\CodeIgniter->runController(Object(App\Controllers\Salarios))
 3 SYSTEMPATH\CodeIgniter.php(368): CodeIgniter\CodeIgniter->handleRequest(null, Object(Config\Cache), false)
 4 FCPATH\index.php(67): CodeIgniter\CodeIgniter->run()
CRITICAL - 2023-03-25 16:33:07 --> Too few arguments to function App\Controllers\Salarios::index(), 0 passed in C:\xampp\htdocs\taller\system\CodeIgniter.php on line 934 and exactly 2 expected
in APPPATH\Controllers\Salarios.php on line 17.
 1 SYSTEMPATH\CodeIgniter.php(934): App\Controllers\Salarios->index()
 2 SYSTEMPATH\CodeIgniter.php(499): CodeIgniter\CodeIgniter->runController(Object(App\Controllers\Salarios))
 3 SYSTEMPATH\CodeIgniter.php(368): CodeIgniter\CodeIgniter->handleRequest(null, Object(Config\Cache), false)
 4 FCPATH\index.php(67): CodeIgniter\CodeIgniter->run()
CRITICAL - 2023-03-25 16:35:14 --> Too few arguments to function App\Controllers\Salarios::index(), 0 passed in C:\xampp\htdocs\taller\system\CodeIgniter.php on line 934 and exactly 2 expected
in APPPATH\Controllers\Salarios.php on line 17.
 1 SYSTEMPATH\CodeIgniter.php(934): App\Controllers\Salarios->index()
 2 SYSTEMPATH\CodeIgniter.php(499): CodeIgniter\CodeIgniter->runController(Object(App\Controllers\Salarios))
 3 SYSTEMPATH\CodeIgniter.php(368): CodeIgniter\CodeIgniter->handleRequest(null, Object(Config\Cache), false)
 4 FCPATH\index.php(67): CodeIgniter\CodeIgniter->run()
